#
# A fatal error has been detected by the Java Runtime Environment:
#
#  SIGSEGV (0xb) at pc=0x00007fff897a90dd, pid=3455, tid=1811
#
# JRE version: Java(TM) SE Runtime Environment (8.0_25-b17) (build 1.8.0_25-b17)
# Java VM: Java HotSpot(TM) 64-Bit Server VM (25.25-b02 mixed mode bsd-amd64 compressed oops)
# Problematic frame:
# C  [libobjc.A.dylib+0x10dd]  objc_msgSend+0x1d
#
# Failed to write core dump. Core dumps have been disabled. To enable core dumping, try "ulimit -c unlimited" before starting Java again
#
# If you would like to submit a bug report, please visit:
#   http://bugreport.sun.com/bugreport/crash.jsp
# The crash happened outside the Java Virtual Machine in native code.
# See problematic frame for where to report the bug.
#

---------------  T H R E A D  ---------------

Current thread (0x00007fd79906b800):  JavaThread "AppKit Thread" daemon [_thread_in_native, id=1811, stack(0x00007fff55977000,0x00007fff56177000)]

siginfo: si_signo: 11 (SIGSEGV), si_code: 1 (SEGV_MAPERR), si_addr: 0x0000003f04280658

Registers:
RAX=0x0000000000000000, RBX=0x00007fd79b14a370, RCX=0x0000000000000000, RDX=0x00007fd798f6f7a0
RSP=0x00007fff56170a98, RBP=0x00007fff56170ac0, RSI=0x00007fff8cf9ab42, RDI=0x00007fd79b14a370
R8 =0x0000000000000001, R9 =0x0000000000000001, R10=0x00007fff8cf9ab42, R11=0x0000003f04280640
R12=0x00007fd798f6f7a0, R13=0x00007fd798c4dbc0, R14=0x00007fd798f6f7a0, R15=0x00007fff56170fb0
RIP=0x00007fff897a90dd, EFLAGS=0x0000000000010202, ERR=0x0000000000000004
  TRAPNO=0x000000000000000e

Top of Stack: (sp=0x00007fff56170a98)
0x00007fff56170a98:   000000012dfd1f4e 00007fd798f6f7a0
0x00007fff56170aa8:   000000012e005cb8 00007fd798c4dbc0
0x00007fff56170ab8:   0000000000000094 00007fff56170fa0
0x00007fff56170ac8:   00007fff8c71f775 0000000000000000
0x00007fff56170ad8:   0000000000000000 408e000000000000
0x00007fff56170ae8:   4080e00000000000 0000000000000000
0x00007fff56170af8:   0000000000000000 408e000000000000
0x00007fff56170b08:   4080e00000000000 408e000000000000
0x00007fff56170b18:   4081900000000000 401c000000000000
0x00007fff56170b28:   4080f80000000000 402c000000000000
0x00007fff56170b38:   4030000000000000 401c000000000000
0x00007fff56170b48:   0000000000000000 0000000000000000
0x00007fff56170b58:   4030000000000000 00007fff8cf5f2ce
0x00007fff56170b68:   4018000000000000 00007fd79b135d60
0x00007fff56170b78:   0000000100000000 0000000000000000
0x00007fff56170b88:   00007fd798d27100 00007fff56170ce0
0x00007fff56170b98:   00007fff8c7e5bc6 00007fff56170ce0
0x00007fff56170ba8:   00007fff8c7e66b2 402c000000000000
0x00007fff56170bb8:   4030000000000000 401c000000000000
0x00007fff56170bc8:   4080f80000000000 402c000000000000
0x00007fff56170bd8:   4030000000000000 0000000000000000
0x00007fff56170be8:   0000000000000000 408e000000000000
0x00007fff56170bf8:   4081900000000000 401c000000000000
0x00007fff56170c08:   4080f80000000000 0000000109aa6a00
0x00007fff56170c18:   00007fd798f9bbc0 00000000000000b0
0x00007fff56170c28:   0000000000000000 00000000000009ba
0x00007fff56170c38:   0000000109aa3000 00007fff56170ce0
0x00007fff56170c48:   00007fff88fba4ff 000000000000074c
0x00007fff56170c58:   0000000109aa3000 00007fff56170d00
0x00007fff56170c68:   00000000000009bb 00007fff56170d6f
0x00007fff56170c78:   0000000010000000 00007fd798ffc080
0x00007fff56170c88:   00007fd798f9bb10 0000000000000002 

Instructions: (pc=0x00007fff897a90dd)
0x00007fff897a90bd:   00 00 00 48 85 ff 2e 74 7a 40 f6 c7 01 2e 75 7e
0x00007fff897a90cd:   49 bb f8 ff ff ff ff 7f 00 00 4c 23 1f 49 89 f2
0x00007fff897a90dd:   45 23 53 18 49 c1 e2 04 4d 03 53 10 49 3b 32 75
0x00007fff897a90ed:   04 41 ff 62 08 49 83 3a 00 74 6a 4d 3b 53 10 74 

Register to memory mapping:

RAX=0x0000000000000000 is an unknown value
RBX=0x00007fd79b14a370 is an unknown value
RCX=0x0000000000000000 is an unknown value
RDX=0x00007fd798f6f7a0 is an unknown value
RSP=0x00007fff56170a98 is pointing into the stack for thread: 0x00007fd79906b800
RBP=0x00007fff56170ac0 is pointing into the stack for thread: 0x00007fd79906b800
RSI=0x00007fff8cf9ab42: -[NSTitlebarContainerView shouldRoundCorners]+0x5c5a4 in /System/Library/Frameworks/AppKit.framework/Versions/C/AppKit at 0x00007fff8c5d1000
RDI=0x00007fd79b14a370 is an unknown value
R8 =0x0000000000000001 is an unknown value
R9 =0x0000000000000001 is an unknown value
R10=0x00007fff8cf9ab42: -[NSTitlebarContainerView shouldRoundCorners]+0x5c5a4 in /System/Library/Frameworks/AppKit.framework/Versions/C/AppKit at 0x00007fff8c5d1000
R11=0x0000003f04280640 is an unknown value
R12=0x00007fd798f6f7a0 is an unknown value
R13=0x00007fd798c4dbc0 is an unknown value
R14=0x00007fd798f6f7a0 is an unknown value
R15=0x00007fff56170fb0 is pointing into the stack for thread: 0x00007fd79906b800


Stack: [0x00007fff55977000,0x00007fff56177000],  sp=0x00007fff56170a98,  free space=8166k
Native frames: (J=compiled Java code, j=interpreted, Vv=VM code, C=native code)
C  [libobjc.A.dylib+0x10dd]  objc_msgSend+0x1d
C  [AppKit+0x14e775]  -[NSView _recursiveDisplayRectIfNeededIgnoringOpacity:isVisibleRect:rectIsVisibleRectForView:topView:]+0x740
C  [AppKit+0x14f7d0]  -[NSView _recursiveDisplayRectIfNeededIgnoringOpacity:isVisibleRect:rectIsVisibleRectForView:topView:]+0x179b
C  [AppKit+0x14db23]  -[NSThemeFrame _recursiveDisplayRectIfNeededIgnoringOpacity:isVisibleRect:rectIsVisibleRectForView:topView:]+0x14d
C  [AppKit+0x14a67b]  -[NSView _displayRectIgnoringOpacity:isVisibleRect:rectIsVisibleRectForView:]+0xac9
C  [AppKit+0x12907a]  -[NSView displayIfNeeded]+0x754
C  [AppKit+0x146575]  -[NSWindow displayIfNeeded]+0xe8
C  [AppKit+0x183772]  _handleWindowNeedsDisplayOrLayoutOrUpdateConstraints+0x3a8
C  [Foundation+0x67023]  __NSFireTimer+0x5f
C  [CoreFoundation+0xb5b44]  __CFRUNLOOP_IS_CALLING_OUT_TO_A_TIMER_CALLBACK_FUNCTION__+0x14
C  [CoreFoundation+0xb57d3]  __CFRunLoopDoTimer+0x423
C  [CoreFoundation+0x128d9d]  __CFRunLoopDoTimers+0x12d
C  [CoreFoundation+0x72268]  __CFRunLoopRun+0x7e8
C  [CoreFoundation+0x71838]  CFRunLoopRunSpecific+0x128
C  [HIToolbox+0x2e43f]  RunCurrentEventLoopInMode+0xeb
C  [HIToolbox+0x2e1ba]  ReceiveNextEventCommon+0x1af
C  [HIToolbox+0x2dffb]  _BlockUntilNextEventMatchingListInModeWithFilter+0x47
C  [AppKit+0x246d1]  _DPSNextEvent+0x3c4
C  [AppKit+0x23e80]  -[NSApplication nextEventMatchingMask:untilDate:inMode:dequeue:]+0xc2
C  [libosxapp.dylib+0x242a]  -[NSApplicationAWT nextEventMatchingMask:untilDate:inMode:dequeue:]+0x7c
C  [AppKit+0x17e23]  -[NSApplication run]+0x252
C  [libosxapp.dylib+0x223e]  +[NSApplicationAWT runAWTLoopWithApp:]+0x9c
C  [libawt_lwawt.dylib+0x4494f]  -[AWTStarter starter:]+0x389
C  [Foundation+0x65f4c]  __NSThreadPerformPerform+0x125
C  [CoreFoundation+0x80661]  __CFRUNLOOP_IS_CALLING_OUT_TO_A_SOURCE0_PERFORM_FUNCTION__+0x11
C  [CoreFoundation+0x727ed]  __CFRunLoopDoSources0+0x10d
C  [CoreFoundation+0x71e1f]  __CFRunLoopRun+0x39f
C  [CoreFoundation+0x71838]  CFRunLoopRunSpecific+0x128
C  [java+0x56cc]  CreateExecutionEnvironment+0x367
C  [java+0x165c]  JLI_Launch+0x7a0
C  [java+0x768a]  main+0x65
C  [java+0xeb4]  start+0x34
C  0x0000000000000006


---------------  P R O C E S S  ---------------

Java Threads: ( => current thread )
  0x00007fd79a174000 JavaThread "AWT-Shutdown" [_thread_blocked, id=69663, stack(0x000000012fd2a000,0x000000012fe2a000)]
=>0x00007fd79906b800 JavaThread "AppKit Thread" daemon [_thread_in_native, id=1811, stack(0x00007fff55977000,0x00007fff56177000)]
  0x00007fd799026800 JavaThread "Service Thread" daemon [_thread_blocked, id=20739, stack(0x000000012953d000,0x000000012963d000)]
  0x00007fd79b808800 JavaThread "C1 CompilerThread3" daemon [_thread_blocked, id=20227, stack(0x000000012943a000,0x000000012953a000)]
  0x00007fd79a830800 JavaThread "C2 CompilerThread2" daemon [_thread_blocked, id=19715, stack(0x0000000129337000,0x0000000129437000)]
  0x00007fd799026000 JavaThread "C2 CompilerThread1" daemon [_thread_blocked, id=19203, stack(0x0000000129234000,0x0000000129334000)]
  0x00007fd79a047000 JavaThread "C2 CompilerThread0" daemon [_thread_blocked, id=18691, stack(0x0000000129131000,0x0000000129231000)]
  0x00007fd79a00d800 JavaThread "Signal Dispatcher" daemon [_thread_blocked, id=14615, stack(0x000000012902e000,0x000000012912e000)]
  0x00007fd799017800 JavaThread "Finalizer" daemon [_thread_blocked, id=13571, stack(0x00000001276f0000,0x00000001277f0000)]
  0x00007fd799017000 JavaThread "Reference Handler" daemon [_thread_blocked, id=13059, stack(0x00000001275ed000,0x00000001276ed000)]
  0x00007fd79a801000 JavaThread "main" [_thread_in_native, id=4867, stack(0x000000010bb1d000,0x000000010bc1d000)]

Other Threads:
  0x00007fd79a02e800 VMThread [stack: 0x00000001274ea000,0x00000001275ea000] [id=12547]
  0x00007fd79a04e000 WatcherThread [stack: 0x0000000129640000,0x0000000129740000] [id=21251]

VM state:not at safepoint (normal execution)

VM Mutex/Monitor currently owned by a thread: None

Heap:
 PSYoungGen      total 76288K, used 53908K [0x000000076ab00000, 0x0000000770000000, 0x00000007c0000000)
  eden space 65536K, 79% used [0x000000076ab00000,0x000000076dd9d370,0x000000076eb00000)
  from space 10752K, 19% used [0x000000076eb00000,0x000000076ed08000,0x000000076f580000)
  to   space 10752K, 0% used [0x000000076f580000,0x000000076f580000,0x0000000770000000)
 ParOldGen       total 175104K, used 65560K [0x00000006c0000000, 0x00000006cab00000, 0x000000076ab00000)
  object space 175104K, 37% used [0x00000006c0000000,0x00000006c4006020,0x00000006cab00000)
 Metaspace       used 7233K, capacity 7349K, committed 7424K, reserved 1056768K
  class space    used 701K, capacity 725K, committed 768K, reserved 1048576K

Card table byte_map: [0x000000011afdf000,0x000000011b7e0000] byte_map_base: 0x00000001179df000

Marking Bits: (ParMarkBitMap*) 0x000000010b49d390
 Begin Bits: [0x000000011c54e000, 0x000000012054e000)
 End Bits:   [0x000000012054e000, 0x000000012454e000)

Polling page: 0x0000000109be0000

CodeCache: size=245760Kb used=4765Kb max_used=4782Kb free=240994Kb
 bounds [0x000000010bc1f000, 0x000000010c0df000, 0x000000011ac1f000]
 total_blobs=1538 nmethods=1133 adapters=320
 compilation: enabled

Compilation events (10 events):
Event: 48.192 Thread 0x00007fd79a047000 1129  s    4       org.lwjgl.opengl.EventQueue::copyEvents (77 bytes)
Event: 48.200 Thread 0x00007fd79a047000 nmethod 1129 0x000000010c0c2510 code [0x000000010c0c26c0, 0x000000010c0c2f58]
Event: 48.292 Thread 0x00007fd799026000 1130       4       java.util.HashMap$KeySet::iterator (12 bytes)
Event: 48.298 Thread 0x00007fd799026000 nmethod 1130 0x000000010c0c5a50 code [0x000000010c0c5ba0, 0x000000010c0c5e98]
Event: 48.726 Thread 0x00007fd79a830800 1131       4       org.newdawn.slick.AngelCodeFont::drawString (222 bytes)
Event: 48.770 Thread 0x00007fd79a830800 nmethod 1131 0x000000010c0cb250 code [0x000000010c0cb640, 0x000000010c0cd698]
Event: 49.260 Thread 0x00007fd79a047000 1132       4       org.newdawn.slick.Graphics::resetTransform (39 bytes)
Event: 49.261 Thread 0x00007fd79a047000 nmethod 1132 0x000000010c0c2210 code [0x000000010c0c2360, 0x000000010c0c2438]
Event: 54.143 Thread 0x00007fd799026000 1133       4       java.lang.ref.Finalizer::register (10 bytes)
Event: 54.147 Thread 0x00007fd799026000 nmethod 1133 0x000000010c0c1b90 code [0x000000010c0c1d00, 0x000000010c0c2078]

GC Heap History (6 events):
Event: 1.493 GC heap before
{Heap before GC invocations=1 (full 0):
 PSYoungGen      total 76288K, used 47992K [0x000000076ab00000, 0x0000000770000000, 0x00000007c0000000)
  eden space 65536K, 73% used [0x000000076ab00000,0x000000076d9de3a0,0x000000076eb00000)
  from space 10752K, 0% used [0x000000076f580000,0x000000076f580000,0x0000000770000000)
  to   space 10752K, 0% used [0x000000076eb00000,0x000000076eb00000,0x000000076f580000)
 ParOldGen       total 175104K, used 32768K [0x00000006c0000000, 0x00000006cab00000, 0x000000076ab00000)
  object space 175104K, 18% used [0x00000006c0000000,0x00000006c2000010,0x00000006cab00000)
 Metaspace       used 6762K, capacity 6901K, committed 7168K, reserved 1056768K
  class space    used 681K, capacity 725K, committed 768K, reserved 1048576K
Event: 1.496 GC heap after
Heap after GC invocations=1 (full 0):
 PSYoungGen      total 76288K, used 2959K [0x000000076ab00000, 0x0000000770000000, 0x00000007c0000000)
  eden space 65536K, 0% used [0x000000076ab00000,0x000000076ab00000,0x000000076eb00000)
  from space 10752K, 27% used [0x000000076eb00000,0x000000076ede3f08,0x000000076f580000)
  to   space 10752K, 0% used [0x000000076f580000,0x000000076f580000,0x0000000770000000)
 ParOldGen       total 175104K, used 32776K [0x00000006c0000000, 0x00000006cab00000, 0x000000076ab00000)
  object space 175104K, 18% used [0x00000006c0000000,0x00000006c2002010,0x00000006cab00000)
 Metaspace       used 6762K, capacity 6901K, committed 7168K, reserved 1056768K
  class space    used 681K, capacity 725K, committed 768K, reserved 1048576K
}
Event: 3.214 GC heap before
{Heap before GC invocations=2 (full 0):
 PSYoungGen      total 76288K, used 60626K [0x000000076ab00000, 0x0000000770000000, 0x00000007c0000000)
  eden space 65536K, 87% used [0x000000076ab00000,0x000000076e350cc8,0x000000076eb00000)
  from space 10752K, 27% used [0x000000076eb00000,0x000000076ede3f08,0x000000076f580000)
  to   space 10752K, 0% used [0x000000076f580000,0x000000076f580000,0x0000000770000000)
 ParOldGen       total 175104K, used 65544K [0x00000006c0000000, 0x00000006cab00000, 0x000000076ab00000)
  object space 175104K, 37% used [0x00000006c0000000,0x00000006c4002020,0x00000006cab00000)
 Metaspace       used 6931K, capacity 7093K, committed 7168K, reserved 1056768K
  class space    used 697K, capacity 725K, committed 768K, reserved 1048576K
Event: 3.216 GC heap after
Heap after GC invocations=2 (full 0):
 PSYoungGen      total 76288K, used 1602K [0x000000076ab00000, 0x0000000770000000, 0x00000007c0000000)
  eden space 65536K, 0% used [0x000000076ab00000,0x000000076ab00000,0x000000076eb00000)
  from space 10752K, 14% used [0x000000076f580000,0x000000076f710900,0x0000000770000000)
  to   space 10752K, 0% used [0x000000076eb00000,0x000000076eb00000,0x000000076f580000)
 ParOldGen       total 175104K, used 65552K [0x00000006c0000000, 0x00000006cab00000, 0x000000076ab00000)
  object space 175104K, 37% used [0x00000006c0000000,0x00000006c4004020,0x00000006cab00000)
 Metaspace       used 6931K, capacity 7093K, committed 7168K, reserved 1056768K
  class space    used 697K, capacity 725K, committed 768K, reserved 1048576K
}
Event: 21.921 GC heap before
{Heap before GC invocations=3 (full 0):
 PSYoungGen      total 76288K, used 67138K [0x000000076ab00000, 0x0000000770000000, 0x00000007c0000000)
  eden space 65536K, 100% used [0x000000076ab00000,0x000000076eb00000,0x000000076eb00000)
  from space 10752K, 14% used [0x000000076f580000,0x000000076f710900,0x0000000770000000)
  to   space 10752K, 0% used [0x000000076eb00000,0x000000076eb00000,0x000000076f580000)
 ParOldGen       total 175104K, used 65552K [0x00000006c0000000, 0x00000006cab00000, 0x000000076ab00000)
  object space 175104K, 37% used [0x00000006c0000000,0x00000006c4004020,0x00000006cab00000)
 Metaspace       used 7208K, capacity 7285K, committed 7424K, reserved 1056768K
  class space    used 701K, capacity 725K, committed 768K, reserved 1048576K
Event: 21.927 GC heap after
Heap after GC invocations=3 (full 0):
 PSYoungGen      total 76288K, used 2080K [0x000000076ab00000, 0x0000000770000000, 0x00000007c0000000)
  eden space 65536K, 0% used [0x000000076ab00000,0x000000076ab00000,0x000000076eb00000)
  from space 10752K, 19% used [0x000000076eb00000,0x000000076ed08000,0x000000076f580000)
  to   space 10752K, 0% used [0x000000076f580000,0x000000076f580000,0x0000000770000000)
 ParOldGen       total 175104K, used 65560K [0x00000006c0000000, 0x00000006cab00000, 0x000000076ab00000)
  object space 175104K, 37% used [0x00000006c0000000,0x00000006c4006020,0x00000006cab00000)
 Metaspace       used 7208K, capacity 7285K, committed 7424K, reserved 1056768K
  class space    used 701K, capacity 725K, committed 768K, reserved 1048576K
}

Deoptimization events (6 events):
Event: 1.488 Thread 0x00007fd79a801000 Uncommon trap: reason=unreached action=reinterpret pc=0x000000010becaf0c method=com.jcraft.jorbis.Mapping0.inverse(Lcom/jcraft/jorbis/Block;Ljava/lang/Object;)I @ 207
Event: 1.488 Thread 0x00007fd79a801000 Uncommon trap: reason=unreached action=reinterpret pc=0x000000010beacf7c method=com.jcraft.jorbis.Mapping0.inverse(Lcom/jcraft/jorbis/Block;Ljava/lang/Object;)I @ 849
Event: 1.493 Thread 0x00007fd79a801000 Uncommon trap: reason=unloaded action=reinterpret pc=0x000000010beb7bc4 method=org.newdawn.slick.openal.OggDecoder.getData(Ljava/io/InputStream;)Lorg/newdawn/slick/openal/OggData; @ 52
Event: 1.541 Thread 0x00007fd79a801000 Uncommon trap: reason=unreached action=reinterpret pc=0x000000010beb32d4 method=com.jcraft.jorbis.Block.synthesis(Lcom/jcraft/jogg/Packet;)I @ 211
Event: 1.541 Thread 0x00007fd79a801000 Uncommon trap: reason=null_check action=make_not_entrant pc=0x000000010bede524 method=com.jcraft.jorbis.Floor1.inverse1(Lcom/jcraft/jorbis/Block;Ljava/lang/Object;Ljava/lang/Object;)Ljava/lang/Object; @ 38
Event: 18.469 Thread 0x00007fd79ab34800 Uncommon trap: reason=unreached action=reinterpret pc=0x000000010c077a84 method=java.util.HashMap$HashIterator.<init>(Ljava/util/HashMap;)V @ 38

Internal exceptions (10 events):
Event: 1.705 Thread 0x00007fd79a801000 Exception <a 'java/security/PrivilegedActionException'> (0x000000076bfc9fb8) thrown at [/HUDSON3/workspace/8-2-build-macosx-x86_64/jdk8u25/1514/hotspot/src/share/vm/prims/jvm.cpp, line 1312]
Event: 1.710 Thread 0x00007fd79a801000 Exception <a 'java/security/PrivilegedActionException'> (0x000000076bfecc68) thrown at [/HUDSON3/workspace/8-2-build-macosx-x86_64/jdk8u25/1514/hotspot/src/share/vm/prims/jvm.cpp, line 1312]
Event: 1.710 Thread 0x00007fd79a801000 Exception <a 'java/security/PrivilegedActionException'> (0x000000076bff0550) thrown at [/HUDSON3/workspace/8-2-build-macosx-x86_64/jdk8u25/1514/hotspot/src/share/vm/prims/jvm.cpp, line 1312]
Event: 3.414 Thread 0x00007fd79a801000 Exception <a 'java/security/PrivilegedActionException'> (0x000000076cee83c8) thrown at [/HUDSON3/workspace/8-2-build-macosx-x86_64/jdk8u25/1514/hotspot/src/share/vm/prims/jvm.cpp, line 1312]
Event: 3.414 Thread 0x00007fd79a801000 Exception <a 'java/security/PrivilegedActionException'> (0x000000076ceecaa8) thrown at [/HUDSON3/workspace/8-2-build-macosx-x86_64/jdk8u25/1514/hotspot/src/share/vm/prims/jvm.cpp, line 1312]
Event: 3.414 Thread 0x00007fd79a801000 Exception <a 'java/security/PrivilegedActionException'> (0x000000076cef17b0) thrown at [/HUDSON3/workspace/8-2-build-macosx-x86_64/jdk8u25/1514/hotspot/src/share/vm/prims/jvm.cpp, line 1312]
Event: 4.468 Thread 0x00007fd79a801000 Exception <a 'java/security/PrivilegedActionException'> (0x000000076cefec68) thrown at [/HUDSON3/workspace/8-2-build-macosx-x86_64/jdk8u25/1514/hotspot/src/share/vm/prims/jvm.cpp, line 1312]
Event: 4.469 Thread 0x00007fd79a801000 Exception <a 'java/security/PrivilegedActionException'> (0x000000076cf06cd0) thrown at [/HUDSON3/workspace/8-2-build-macosx-x86_64/jdk8u25/1514/hotspot/src/share/vm/prims/jvm.cpp, line 1312]
Event: 18.469 Thread 0x00007fd79ab34800 Implicit null exception at 0x000000010c077883 to 0x000000010c077a71
Event: 54.857 Thread 0x00007fd79a801000 Exception <a 'java/security/PrivilegedActionException'> (0x000000076dd4fea8) thrown at [/HUDSON3/workspace/8-2-build-macosx-x86_64/jdk8u25/1514/hotspot/src/share/vm/prims/jvm.cpp, line 1312]

Events (10 events):
Event: 21.940 Executing VM operation: RevokeBias
Event: 21.941 Executing VM operation: RevokeBias done
Event: 21.941 Executing VM operation: RevokeBias
Event: 21.941 Executing VM operation: RevokeBias done
Event: 53.470 Executing VM operation: RevokeBias
Event: 53.470 Executing VM operation: RevokeBias done
Event: 53.470 Thread 0x00007fd79ab34000 Thread exited: 0x00007fd79ab34000
Event: 54.734 Thread 0x00007fd79a174000 Thread added: 0x00007fd79a174000
Event: 54.857 loading class org/lwjgl/opengl/CallbackUtil
Event: 54.857 loading class org/lwjgl/opengl/CallbackUtil done


Dynamic libraries:
0x00000000018f2000 	/System/Library/Frameworks/Cocoa.framework/Versions/A/Cocoa
0x00000000018f2000 	/System/Library/Frameworks/Security.framework/Versions/A/Security
0x00000000018f2000 	/System/Library/Frameworks/ApplicationServices.framework/Versions/A/ApplicationServices
0x00000000018f2000 	/usr/lib/libz.1.dylib
0x00000000018f2000 	/usr/lib/libSystem.B.dylib
0x00000000018f2000 	/usr/lib/libobjc.A.dylib
0x00000000018f2000 	/System/Library/Frameworks/CoreFoundation.framework/Versions/A/CoreFoundation
0x00000000018f2000 	/System/Library/Frameworks/Foundation.framework/Versions/C/Foundation
0x00000000018f2000 	/System/Library/Frameworks/AppKit.framework/Versions/C/AppKit
0x00000000018f2000 	/System/Library/Frameworks/CoreData.framework/Versions/A/CoreData
0x00000000018f2000 	/System/Library/PrivateFrameworks/RemoteViewServices.framework/Versions/A/RemoteViewServices
0x00000000018f2000 	/System/Library/PrivateFrameworks/UIFoundation.framework/Versions/A/UIFoundation
0x00000000018f2000 	/System/Library/Frameworks/IOSurface.framework/Versions/A/IOSurface
0x00000000018f2000 	/System/Library/Frameworks/AudioToolbox.framework/Versions/A/AudioToolbox
0x00000000018f2000 	/System/Library/Frameworks/AudioUnit.framework/Versions/A/AudioUnit
0x00000000018f2000 	/System/Library/PrivateFrameworks/DataDetectorsCore.framework/Versions/A/DataDetectorsCore
0x00000000018f2000 	/System/Library/PrivateFrameworks/DesktopServicesPriv.framework/Versions/A/DesktopServicesPriv
0x00000000018f2000 	/System/Library/Frameworks/Carbon.framework/Versions/A/Frameworks/HIToolbox.framework/Versions/A/HIToolbox
0x00000000018f2000 	/System/Library/Frameworks/QuartzCore.framework/Versions/A/QuartzCore
0x00000000018f2000 	/System/Library/Frameworks/Carbon.framework/Versions/A/Frameworks/SpeechRecognition.framework/Versions/A/SpeechRecognition
0x00000000018f2000 	/usr/lib/libauto.dylib
0x00000000018f2000 	/usr/lib/libicucore.A.dylib
0x00000000018f2000 	/usr/lib/libxml2.2.dylib
0x00000000018f2000 	/System/Library/PrivateFrameworks/CoreUI.framework/Versions/A/CoreUI
0x00000000018f2000 	/System/Library/Frameworks/CoreAudio.framework/Versions/A/CoreAudio
0x00000000018f2000 	/System/Library/Frameworks/DiskArbitration.framework/Versions/A/DiskArbitration
0x00000000018f2000 	/usr/lib/liblangid.dylib
0x00000000018f2000 	/System/Library/PrivateFrameworks/MultitouchSupport.framework/Versions/A/MultitouchSupport
0x00000000018f2000 	/System/Library/Frameworks/IOKit.framework/Versions/A/IOKit
0x00000000018f2000 	/usr/lib/libDiagnosticMessagesClient.dylib
0x00000000018f2000 	/System/Library/Frameworks/CoreServices.framework/Versions/A/CoreServices
0x00000000018f2000 	/System/Library/PrivateFrameworks/PerformanceAnalysis.framework/Versions/A/PerformanceAnalysis
0x00000000018f2000 	/System/Library/PrivateFrameworks/GenerationalStorage.framework/Versions/A/GenerationalStorage
0x00000000018f2000 	/System/Library/Frameworks/OpenGL.framework/Versions/A/OpenGL
0x00000000018f2000 	/System/Library/PrivateFrameworks/Sharing.framework/Versions/A/Sharing
0x00000000018f2000 	/System/Library/Frameworks/CoreGraphics.framework/Versions/A/CoreGraphics
0x00000000018f2000 	/System/Library/Frameworks/CoreText.framework/Versions/A/CoreText
0x00000000018f2000 	/System/Library/Frameworks/ImageIO.framework/Versions/A/ImageIO
0x00000000018f2000 	/usr/lib/libextension.dylib
0x00000000018f2000 	/System/Library/PrivateFrameworks/Backup.framework/Versions/A/Backup
0x00000000018f2000 	/usr/lib/libarchive.2.dylib
0x00000000018f2000 	/System/Library/Frameworks/CFNetwork.framework/Versions/A/CFNetwork
0x00000000018f2000 	/System/Library/Frameworks/SystemConfiguration.framework/Versions/A/SystemConfiguration
0x00000000018f2000 	/usr/lib/libCRFSuite.dylib
0x00000000018f2000 	/usr/lib/libc++.1.dylib
0x00000000018f2000 	/usr/lib/libc++abi.dylib
0x00000000018f2000 	/usr/lib/system/libcache.dylib
0x00000000018f2000 	/usr/lib/system/libcommonCrypto.dylib
0x00000000018f2000 	/usr/lib/system/libcompiler_rt.dylib
0x00000000018f2000 	/usr/lib/system/libcopyfile.dylib
0x00000000018f2000 	/usr/lib/system/libcorecrypto.dylib
0x00000000018f2000 	/usr/lib/system/libdispatch.dylib
0x00000000018f2000 	/usr/lib/system/libdyld.dylib
0x00000000018f2000 	/usr/lib/system/libkeymgr.dylib
0x00000000018f2000 	/usr/lib/system/liblaunch.dylib
0x00000000018f2000 	/usr/lib/system/libmacho.dylib
0x00000000018f2000 	/usr/lib/system/libquarantine.dylib
0x00000000018f2000 	/usr/lib/system/libremovefile.dylib
0x00000000018f2000 	/usr/lib/system/libsystem_asl.dylib
0x00000000018f2000 	/usr/lib/system/libsystem_blocks.dylib
0x00000000018f2000 	/usr/lib/system/libsystem_c.dylib
0x00000000018f2000 	/usr/lib/system/libsystem_configuration.dylib
0x00000000018f2000 	/usr/lib/system/libsystem_coreservices.dylib
0x00000000018f2000 	/usr/lib/system/libsystem_coretls.dylib
0x00000000018f2000 	/usr/lib/system/libsystem_dnssd.dylib
0x00000000018f2000 	/usr/lib/system/libsystem_info.dylib
0x00000000018f2000 	/usr/lib/system/libsystem_kernel.dylib
0x00000000018f2000 	/usr/lib/system/libsystem_m.dylib
0x00000000018f2000 	/usr/lib/system/libsystem_malloc.dylib
0x00000000018f2000 	/usr/lib/system/libsystem_network.dylib
0x00000000018f2000 	/usr/lib/system/libsystem_networkextension.dylib
0x00000000018f2000 	/usr/lib/system/libsystem_notify.dylib
0x00000000018f2000 	/usr/lib/system/libsystem_platform.dylib
0x00000000018f2000 	/usr/lib/system/libsystem_pthread.dylib
0x00000000018f2000 	/usr/lib/system/libsystem_sandbox.dylib
0x00000000018f2000 	/usr/lib/system/libsystem_secinit.dylib
0x00000000018f2000 	/usr/lib/system/libsystem_stats.dylib
0x00000000018f2000 	/usr/lib/system/libsystem_trace.dylib
0x00000000018f2000 	/usr/lib/system/libunc.dylib
0x00000000018f2000 	/usr/lib/system/libunwind.dylib
0x00000000018f2000 	/usr/lib/system/libxpc.dylib
0x00000000018f2000 	/usr/lib/libbz2.1.0.dylib
0x00000000018f2000 	/usr/lib/liblzma.5.dylib
0x00000000018f2000 	/usr/lib/libbsm.0.dylib
0x00000000018f2000 	/usr/lib/libsqlite3.dylib
0x00000000018f2000 	/usr/lib/system/libkxld.dylib
0x00000000018f2000 	/usr/lib/libxar.1.dylib
0x00000000018f2000 	/usr/lib/libpam.2.dylib
0x00000000018f2000 	/usr/lib/libOpenScriptingUtil.dylib
0x00000000018f2000 	/System/Library/Frameworks/CoreServices.framework/Versions/A/Frameworks/FSEvents.framework/Versions/A/FSEvents
0x00000000018f2000 	/System/Library/Frameworks/CoreServices.framework/Versions/A/Frameworks/CarbonCore.framework/Versions/A/CarbonCore
0x00000000018f2000 	/System/Library/Frameworks/CoreServices.framework/Versions/A/Frameworks/Metadata.framework/Versions/A/Metadata
0x00000000018f2000 	/System/Library/Frameworks/CoreServices.framework/Versions/A/Frameworks/OSServices.framework/Versions/A/OSServices
0x00000000018f2000 	/System/Library/Frameworks/CoreServices.framework/Versions/A/Frameworks/SearchKit.framework/Versions/A/SearchKit
0x00000000018f2000 	/System/Library/Frameworks/CoreServices.framework/Versions/A/Frameworks/AE.framework/Versions/A/AE
0x00000000018f2000 	/System/Library/Frameworks/CoreServices.framework/Versions/A/Frameworks/LaunchServices.framework/Versions/A/LaunchServices
0x00000000018f2000 	/System/Library/Frameworks/CoreServices.framework/Versions/A/Frameworks/DictionaryServices.framework/Versions/A/DictionaryServices
0x00000000018f2000 	/System/Library/Frameworks/NetFS.framework/Versions/A/NetFS
0x00000000018f2000 	/System/Library/PrivateFrameworks/NetAuth.framework/Versions/A/NetAuth
0x00000000018f2000 	/System/Library/PrivateFrameworks/login.framework/Versions/A/Frameworks/loginsupport.framework/Versions/A/loginsupport
0x00000000018f2000 	/System/Library/PrivateFrameworks/TCC.framework/Versions/A/TCC
0x00000000018f2000 	/usr/lib/libmecabra.dylib
0x00000000018f2000 	/System/Library/PrivateFrameworks/LanguageModeling.framework/Versions/A/LanguageModeling
0x00000000018f2000 	/usr/lib/libcmph.dylib
0x00000000018f2000 	/usr/lib/libiconv.2.dylib
0x00000000018f2000 	/System/Library/Frameworks/OpenDirectory.framework/Versions/A/Frameworks/CFOpenDirectory.framework/Versions/A/CFOpenDirectory
0x00000000018f2000 	/System/Library/Frameworks/ServiceManagement.framework/Versions/A/ServiceManagement
0x00000000018f2000 	/usr/lib/libxslt.1.dylib
0x00000000018f2000 	/System/Library/Frameworks/Carbon.framework/Versions/A/Frameworks/Ink.framework/Versions/A/Ink
0x00000000018f2000 	/System/Library/Frameworks/ApplicationServices.framework/Versions/A/Frameworks/ATS.framework/Versions/A/ATS
0x00000000018f2000 	/System/Library/Frameworks/ApplicationServices.framework/Versions/A/Frameworks/ColorSync.framework/Versions/A/ColorSync
0x00000000018f2000 	/System/Library/Frameworks/ApplicationServices.framework/Versions/A/Frameworks/HIServices.framework/Versions/A/HIServices
0x00000000018f2000 	/System/Library/Frameworks/ApplicationServices.framework/Versions/A/Frameworks/LangAnalysis.framework/Versions/A/LangAnalysis
0x00000000018f2000 	/System/Library/Frameworks/ApplicationServices.framework/Versions/A/Frameworks/PrintCore.framework/Versions/A/PrintCore
0x00000000018f2000 	/System/Library/Frameworks/ApplicationServices.framework/Versions/A/Frameworks/QD.framework/Versions/A/QD
0x00000000018f2000 	/System/Library/Frameworks/ApplicationServices.framework/Versions/A/Frameworks/SpeechSynthesis.framework/Versions/A/SpeechSynthesis
0x00000000018f2000 	/System/Library/Frameworks/Accelerate.framework/Versions/A/Accelerate
0x00000000018f2000 	/System/Library/Frameworks/Accelerate.framework/Versions/A/Frameworks/vImage.framework/Versions/A/vImage
0x00000000018f2000 	/System/Library/Frameworks/Accelerate.framework/Versions/A/Frameworks/vecLib.framework/Versions/A/vecLib
0x00000000018f2000 	/System/Library/Frameworks/Accelerate.framework/Versions/A/Frameworks/vecLib.framework/Versions/A/libvDSP.dylib
0x00000000018f2000 	/System/Library/Frameworks/Accelerate.framework/Versions/A/Frameworks/vecLib.framework/Versions/A/libvMisc.dylib
0x00000000018f2000 	/System/Library/Frameworks/Accelerate.framework/Versions/A/Frameworks/vecLib.framework/Versions/A/libLAPACK.dylib
0x00000000018f2000 	/System/Library/Frameworks/Accelerate.framework/Versions/A/Frameworks/vecLib.framework/Versions/A/libBLAS.dylib
0x00000000018f2000 	/System/Library/Frameworks/Accelerate.framework/Versions/A/Frameworks/vecLib.framework/Versions/A/libLinearAlgebra.dylib
0x00000000018f2000 	/System/Library/Frameworks/ApplicationServices.framework/Versions/A/Frameworks/ATS.framework/Versions/A/Resources/libFontParser.dylib
0x00000000018f2000 	/System/Library/Frameworks/ApplicationServices.framework/Versions/A/Frameworks/ATS.framework/Versions/A/Resources/libFontRegistry.dylib
0x00000000018f2000 	/System/Library/PrivateFrameworks/AppleVPA.framework/Versions/A/AppleVPA
0x00000000018f2000 	/System/Library/PrivateFrameworks/AppleJPEG.framework/Versions/A/AppleJPEG
0x00000000018f2000 	/System/Library/Frameworks/ImageIO.framework/Versions/A/Resources/libJPEG.dylib
0x00000000018f2000 	/System/Library/Frameworks/ImageIO.framework/Versions/A/Resources/libTIFF.dylib
0x00000000018f2000 	/System/Library/Frameworks/ImageIO.framework/Versions/A/Resources/libPng.dylib
0x00000000018f2000 	/System/Library/Frameworks/ImageIO.framework/Versions/A/Resources/libGIF.dylib
0x00000000018f2000 	/System/Library/Frameworks/ImageIO.framework/Versions/A/Resources/libJP2.dylib
0x00000000018f2000 	/System/Library/Frameworks/ImageIO.framework/Versions/A/Resources/libRadiance.dylib
0x00000000018f2000 	/System/Library/Frameworks/CoreVideo.framework/Versions/A/CoreVideo
0x00000000018f2000 	/System/Library/Frameworks/OpenGL.framework/Versions/A/Libraries/libGLU.dylib
0x00000000018f2000 	/System/Library/Frameworks/OpenGL.framework/Versions/A/Libraries/libGFXShared.dylib
0x00000000018f2000 	/System/Library/Frameworks/OpenGL.framework/Versions/A/Libraries/libGL.dylib
0x00000000018f2000 	/System/Library/Frameworks/OpenGL.framework/Versions/A/Libraries/libGLImage.dylib
0x00000000018f2000 	/System/Library/Frameworks/OpenGL.framework/Versions/A/Libraries/libCVMSPluginSupport.dylib
0x00000000018f2000 	/System/Library/Frameworks/OpenGL.framework/Versions/A/Libraries/libCoreVMClient.dylib
0x00000000018f2000 	/usr/lib/libcups.2.dylib
0x00000000018f2000 	/System/Library/Frameworks/Kerberos.framework/Versions/A/Kerberos
0x00000000018f2000 	/System/Library/Frameworks/GSS.framework/Versions/A/GSS
0x00000000018f2000 	/usr/lib/libresolv.9.dylib
0x00000000018f2000 	/System/Library/PrivateFrameworks/Heimdal.framework/Versions/A/Heimdal
0x00000000018f2000 	/usr/lib/libheimdal-asn1.dylib
0x00000000018f2000 	/System/Library/Frameworks/OpenDirectory.framework/Versions/A/OpenDirectory
0x00000000018f2000 	/System/Library/PrivateFrameworks/CommonAuth.framework/Versions/A/CommonAuth
0x00000000018f2000 	/System/Library/Frameworks/SecurityFoundation.framework/Versions/A/SecurityFoundation
0x00000000018f2000 	/System/Library/Frameworks/QuartzCore.framework/Versions/A/Frameworks/CoreImage.framework/Versions/A/CoreImage
0x00000000018f2000 	/System/Library/PrivateFrameworks/CrashReporterSupport.framework/Versions/A/CrashReporterSupport
0x00000000018f2000 	/System/Library/Frameworks/OpenCL.framework/Versions/A/OpenCL
0x00000000018f2000 	/System/Library/PrivateFrameworks/FaceCore.framework/Versions/A/FaceCore
0x00000000018f2000 	/System/Library/PrivateFrameworks/Ubiquity.framework/Versions/A/Ubiquity
0x00000000018f2000 	/System/Library/PrivateFrameworks/IconServices.framework/Versions/A/IconServices
0x00000000018f2000 	/System/Library/PrivateFrameworks/ChunkingLibrary.framework/Versions/A/ChunkingLibrary
0x00000000018f2000 	/System/Library/PrivateFrameworks/Apple80211.framework/Versions/A/Apple80211
0x00000000018f2000 	/System/Library/Frameworks/CoreWLAN.framework/Versions/A/CoreWLAN
0x00000000018f2000 	/System/Library/Frameworks/IOBluetooth.framework/Versions/A/IOBluetooth
0x00000000018f2000 	/System/Library/PrivateFrameworks/CoreWiFi.framework/Versions/A/CoreWiFi
0x00000000018f2000 	/System/Library/Frameworks/CoreBluetooth.framework/Versions/A/CoreBluetooth
0x00000000018f2000 	/System/Library/PrivateFrameworks/DebugSymbols.framework/Versions/A/DebugSymbols
0x00000000018f2000 	/System/Library/PrivateFrameworks/CoreSymbolication.framework/Versions/A/CoreSymbolication
0x00000000018f2000 	/System/Library/PrivateFrameworks/Symbolication.framework/Versions/A/Symbolication
0x00000000018f2000 	/System/Library/PrivateFrameworks/SpeechRecognitionCore.framework/Versions/A/SpeechRecognitionCore
0x000000010ac00000 	/Library/Java/JavaVirtualMachines/jdk1.8.0_25.jdk/Contents/Home/jre/lib/server/libjvm.dylib
0x00000000018f2000 	/usr/lib/libstdc++.6.dylib
0x0000000109b9e000 	/Library/Java/JavaVirtualMachines/jdk1.8.0_25.jdk/Contents/Home/jre/lib/libverify.dylib
0x0000000109bac000 	/Library/Java/JavaVirtualMachines/jdk1.8.0_25.jdk/Contents/Home/jre/lib/libjava.dylib
0x0000000109bea000 	/Library/Java/JavaVirtualMachines/jdk1.8.0_25.jdk/Contents/Home/jre/lib/libzip.dylib
0x00000001277f2000 	/System/Library/Frameworks/JavaVM.framework/Frameworks/JavaRuntimeSupport.framework/JavaRuntimeSupport
0x000000012780a000 	/System/Library/Frameworks/JavaVM.framework/Versions/A/Frameworks/JavaNativeFoundation.framework/Versions/A/JavaNativeFoundation
0x000000012781f000 	/System/Library/Frameworks/JavaVM.framework/Versions/A/JavaVM
0x00000000018f2000 	/System/Library/Frameworks/Carbon.framework/Versions/A/Carbon
0x0000000109bf4000 	/System/Library/PrivateFrameworks/JavaLaunching.framework/Versions/A/JavaLaunching
0x00000000018f2000 	/System/Library/Frameworks/Carbon.framework/Versions/A/Frameworks/CommonPanels.framework/Versions/A/CommonPanels
0x00000000018f2000 	/System/Library/Frameworks/Carbon.framework/Versions/A/Frameworks/Help.framework/Versions/A/Help
0x00000000018f2000 	/System/Library/Frameworks/Carbon.framework/Versions/A/Frameworks/ImageCapture.framework/Versions/A/ImageCapture
0x00000000018f2000 	/System/Library/Frameworks/Carbon.framework/Versions/A/Frameworks/OpenScripting.framework/Versions/A/OpenScripting
0x00000000018f2000 	/System/Library/Frameworks/Carbon.framework/Versions/A/Frameworks/Print.framework/Versions/A/Print
0x00000000018f2000 	/System/Library/Frameworks/Carbon.framework/Versions/A/Frameworks/SecurityHI.framework/Versions/A/SecurityHI
0x000000012979f000 	/Library/Java/JavaVirtualMachines/jdk1.8.0_25.jdk/Contents/Home/jre/lib/libawt.dylib
0x000000012984e000 	/Library/Java/JavaVirtualMachines/jdk1.8.0_25.jdk/Contents/Home/jre/lib/./libmlib_image.dylib
0x000000012991a000 	/Library/Java/JavaVirtualMachines/jdk1.8.0_25.jdk/Contents/Home/jre/lib/libawt_lwawt.dylib
0x00000001299cd000 	/Library/Java/JavaVirtualMachines/jdk1.8.0_25.jdk/Contents/Home/jre/lib/./libosxapp.dylib
0x00000000018f2000 	/System/Library/Frameworks/ExceptionHandling.framework/Versions/A/ExceptionHandling
0x00000000018f2000 	/System/Library/PrivateFrameworks/CoreServicesInternal.framework/Versions/A/CoreServicesInternal
0x00000000018f2000 	/System/Library/PrivateFrameworks/CloudDocs.framework/Versions/A/CloudDocs
0x00000000018f2000 	/System/Library/PrivateFrameworks/CoreDuet.framework/Versions/A/CoreDuet
0x00000000018f2000 	/System/Library/Frameworks/CloudKit.framework/Versions/A/CloudKit
0x00000000018f2000 	/System/Library/PrivateFrameworks/ProtocolBuffer.framework/Versions/A/ProtocolBuffer
0x00000000018f2000 	/System/Library/PrivateFrameworks/CoreDuetDaemonProtocol.framework/Versions/A/CoreDuetDaemonProtocol
0x00000000018f2000 	/System/Library/PrivateFrameworks/CoreDuetDebugLogging.framework/Versions/A/CoreDuetDebugLogging
0x00000000018f2000 	/System/Library/Frameworks/CoreLocation.framework/Versions/A/CoreLocation
0x00000000018f2000 	/System/Library/Frameworks/Accounts.framework/Versions/A/Accounts
0x00000000018f2000 	/System/Library/PrivateFrameworks/ApplePushService.framework/Versions/A/ApplePushService
0x00000000018f2000 	/System/Library/PrivateFrameworks/GeoServices.framework/Versions/A/GeoServices
0x00000000018f2000 	/System/Library/PrivateFrameworks/OAuth.framework/Versions/A/OAuth
0x00000000018f2000 	/System/Library/PrivateFrameworks/CoreDaemon.framework/Versions/B/CoreDaemon
0x00000000018f2000 	/usr/lib/libcrypto.0.9.8.dylib
0x00000000018f2000 	/System/Library/PrivateFrameworks/AppleSRP.framework/Versions/A/AppleSRP
0x00000000018f2000 	/System/Library/PrivateFrameworks/TrustEvaluationAgent.framework/Versions/A/TrustEvaluationAgent
0x00000000018f2000 	/System/Library/Frameworks/CoreGraphics.framework/Versions/A/Resources/libCGCMS.A.dylib
0x00000000018f2000 	/System/Library/Frameworks/CoreGraphics.framework/Versions/A/Resources/libRIP.A.dylib
0x00000000018f2000 	/System/Library/Frameworks/CoreGraphics.framework/Versions/A/Resources/libCGXType.A.dylib
0x00000000018f2000 	/System/Library/Frameworks/OpenCL.framework/Versions/A/Libraries/libcldcpuengine.dylib
0x00000000018f2000 	/System/Library/PrivateFrameworks/DiskImages.framework/Versions/A/DiskImages
0x00000000018f2000 	/System/Library/Frameworks/DiscRecording.framework/Versions/A/DiscRecording
0x00000000018f2000 	/usr/lib/libcsfde.dylib
0x00000000018f2000 	/usr/lib/libcurl.4.dylib
0x00000000018f2000 	/System/Library/PrivateFrameworks/MediaKit.framework/Versions/A/MediaKit
0x00000000018f2000 	/System/Library/PrivateFrameworks/ProtectedCloudStorage.framework/Versions/A/ProtectedCloudStorage
0x00000000018f2000 	/usr/lib/libCoreStorage.dylib
0x00000000018f2000 	/System/Library/PrivateFrameworks/EFILogin.framework/Versions/A/EFILogin
0x00000000018f2000 	/usr/lib/libutil.dylib
0x00000000018f2000 	/System/Library/PrivateFrameworks/FindMyDevice.framework/Versions/A/FindMyDevice
0x00000000018f2000 	/System/Library/Frameworks/LDAP.framework/Versions/A/LDAP
0x00000000018f2000 	/usr/lib/libsasl2.2.dylib
0x000000012cbba000 	cl_kernels
0x000000012cbbc000 	/System/Library/Frameworks/OpenCL.framework/Versions/A/Libraries/ImageFormats/unorm8_bgra.dylib
0x000000012cbac000 	cl_kernels
0x00000000018f2000 	/System/Library/PrivateFrameworks/FamilyControls.framework/Versions/A/FamilyControls
0x00000000018f2000 	/System/Library/PrivateFrameworks/CommerceKit.framework/Versions/A/Frameworks/CommerceCore.framework/Versions/A/CommerceCore
0x00000000018f2000 	/System/Library/PrivateFrameworks/SystemAdministration.framework/Versions/A/SystemAdministration
0x00000000018f2000 	/System/Library/PrivateFrameworks/AppContainer.framework/Versions/A/AppContainer
0x00000000018f2000 	/System/Library/PrivateFrameworks/SecCodeWrapper.framework/Versions/A/SecCodeWrapper
0x00000000018f2000 	/System/Library/Frameworks/DirectoryService.framework/Versions/A/DirectoryService
0x00000000018f2000 	/System/Library/PrivateFrameworks/LoginUIKit.framework/Versions/A/Frameworks/LoginUICore.framework/Versions/A/LoginUICore
0x00000000018f2000 	/usr/lib/libodfde.dylib
0x000000012df61000 	/Library/Java/JavaVirtualMachines/jdk1.8.0_25.jdk/Contents/Home/jre/lib/libfontmanager.dylib
0x000000012dfc8000 	/Users/raymondelooff/Documents/workspace/The-World-Of-Zuul/lib/lwjgl/native/macosx/liblwjgl.jnilib
0x000000012c019000 	/Library/Java/JavaVirtualMachines/jdk1.8.0_25.jdk/Contents/Home/jre/lib/libjawt.dylib
0x00000000018f2000 	/System/Library/Frameworks/OpenGL.framework/Versions/A/Resources/GLEngine.bundle/GLEngine
0x00000000018f2000 	/System/Library/Frameworks/OpenGL.framework/Versions/A/Libraries/libGLProgrammability.dylib
0x0000000000000000 	/System/Library/Extensions/AppleIntelHD5000GraphicsGLDriver.bundle/Contents/MacOS/AppleIntelHD5000GraphicsGLDriver
0x00000000018f2000 	/System/Library/PrivateFrameworks/IOAccelerator.framework/Versions/A/IOAccelerator
0x00000000018f2000 	/System/Library/PrivateFrameworks/GPUSupport.framework/Versions/A/Libraries/libGPUSupportMercury.dylib
0x0000000000000000 	/System/Library/Extensions/GeForceGLDriver.bundle/Contents/MacOS/GeForceGLDriver
0x00000000018f2000 	/System/Library/Extensions/GeForceGLDriver.bundle/Contents/MacOS/libclh.dylib
0x00000000018f2000 	/System/Library/Frameworks/OpenGL.framework/Versions/A/Resources/GLRendererFloat.bundle/GLRendererFloat
0x0000000132f29000 	/Users/raymondelooff/Documents/workspace/The-World-Of-Zuul/lib/lwjgl/native/macosx/openal.dylib
0x0000000132fad000 	/System/Library/Components/CoreAudio.component/Contents/MacOS/CoreAudio
0x0000000133282000 	/System/Library/Extensions/AppleHDA.kext/Contents/PlugIns/AppleHDAHALPlugIn.bundle/Contents/MacOS/AppleHDAHALPlugIn

VM Arguments:
jvm_args: -Djava.library.path=/Users/raymondelooff/Documents/workspace/The-World-Of-Zuul/lib/lwjgl/native/macosx -Dfile.encoding=UTF-8 
java_command: nl.corebooster.setup.Game
java_class_path (initial): /Users/raymondelooff/Documents/workspace/The-World-Of-Zuul/bin:/Users/raymondelooff/Documents/workspace/The-World-Of-Zuul/lib/lwjgl/jar/lwjgl.jar:/Users/raymondelooff/Documents/workspace/The-World-Of-Zuul/lib/slick/lib/slick.jar:/Users/raymondelooff/Documents/workspace/The-World-Of-Zuul/lib/slick/lib/jogg-0.0.7.jar:/Users/raymondelooff/Documents/workspace/The-World-Of-Zuul/lib/slick/lib/jorbis-0.0.15.jar
Launcher Type: SUN_STANDARD

Environment Variables:
PATH=/usr/bin:/bin:/usr/sbin:/sbin
SHELL=/bin/bash
DISPLAY=/private/tmp/com.apple.launchd.Cid8vJKPQV/org.macosforge.xquartz:0

Signal Handlers:
SIGSEGV: [libjvm.dylib+0x579dc7], sa_mask[0]=11111111011111110111111111111111, sa_flags=SA_ONSTACK|SA_RESTART|SA_SIGINFO
SIGBUS: [libjvm.dylib+0x579dc7], sa_mask[0]=11111111011111110111111111111111, sa_flags=SA_RESTART|SA_SIGINFO
SIGFPE: [libjvm.dylib+0x45b030], sa_mask[0]=11111111011111110111111111111111, sa_flags=SA_RESTART|SA_SIGINFO
SIGPIPE: [libjvm.dylib+0x45b030], sa_mask[0]=11111111011111110111111111111111, sa_flags=SA_RESTART|SA_SIGINFO
SIGXFSZ: [libjvm.dylib+0x45b030], sa_mask[0]=11111111011111110111111111111111, sa_flags=SA_RESTART|SA_SIGINFO
SIGILL: [libjvm.dylib+0x45b030], sa_mask[0]=11111111011111110111111111111111, sa_flags=SA_RESTART|SA_SIGINFO
SIGUSR1: SIG_DFL, sa_mask[0]=00000000000000000000000000000000, sa_flags=none
SIGUSR2: [libjvm.dylib+0x45ab4e], sa_mask[0]=00100000000000000000000000000000, sa_flags=SA_RESTART|SA_SIGINFO
SIGHUP: [libjvm.dylib+0x459121], sa_mask[0]=11111111011111110111111111111111, sa_flags=SA_RESTART|SA_SIGINFO
SIGINT: [libjvm.dylib+0x459121], sa_mask[0]=11111111011111110111111111111111, sa_flags=SA_RESTART|SA_SIGINFO
SIGTERM: [libjvm.dylib+0x459121], sa_mask[0]=11111111011111110111111111111111, sa_flags=SA_RESTART|SA_SIGINFO
SIGQUIT: [libjvm.dylib+0x459121], sa_mask[0]=11111111011111110111111111111111, sa_flags=SA_RESTART|SA_SIGINFO


---------------  S Y S T E M  ---------------

OS:Bsduname:Darwin 14.0.0 Darwin Kernel Version 14.0.0: Fri Sep 19 00:26:44 PDT 2014; root:xnu-2782.1.97~2/RELEASE_X86_64 x86_64
rlimit: STACK 8192k, CORE 0k, NPROC 709, NOFILE 10240, AS infinity
load average:1.78 1.61 1.56

CPU:total 8 (4 cores per cpu, 2 threads per core) family 6 model 70 stepping 1, cmov, cx8, fxsr, mmx, sse, sse2, sse3, ssse3, sse4.1, sse4.2, popcnt, avx, avx2, aes, clmul, erms, rtm, lzcnt, ht, tsc, tscinvbit, bmi1, bmi2

Memory: 4k page, physical 16777216k(3168240k free)

/proc/meminfo:


vm_info: Java HotSpot(TM) 64-Bit Server VM (25.25-b02) for bsd-amd64 JRE (1.8.0_25-b17), built on Sep 17 2014 16:56:50 by "java_re" with gcc 4.2.1 (Based on Apple Inc. build 5658) (LLVM build 2336.11.00)

time: Thu Jan 15 13:19:09 2015
elapsed time: 54 seconds (0d 0h 0m 54s)

