#
# A fatal error has been detected by the Java Runtime Environment:
#
#  SIGSEGV (0xb) at pc=0x00007fff900080dd, pid=40409, tid=1811
#
# JRE version: Java(TM) SE Runtime Environment (8.0_25-b17) (build 1.8.0_25-b17)
# Java VM: Java HotSpot(TM) 64-Bit Server VM (25.25-b02 mixed mode bsd-amd64 compressed oops)
# Problematic frame:
# C  [libobjc.A.dylib+0x10dd]  objc_msgSend+0x1d
#
# Failed to write core dump. Core dumps have been disabled. To enable core dumping, try "ulimit -c unlimited" before starting Java again
#
# If you would like to submit a bug report, please visit:
#   http://bugreport.sun.com/bugreport/crash.jsp
# The crash happened outside the Java Virtual Machine in native code.
# See problematic frame for where to report the bug.
#

---------------  T H R E A D  ---------------

Current thread (0x00007fa461814800):  JavaThread "AppKit Thread" daemon [_thread_in_native, id=1811, stack(0x00007fff5e16a000,0x00007fff5e96a000)]

siginfo: si_signo: 11 (SIGSEGV), si_code: 1 (SEGV_MAPERR), si_addr: 0x0000000000000018

Registers:
RAX=0x0000000000000000, RBX=0x00007fa460f6ea50, RCX=0x0000000000000000, RDX=0x00007fa460e54370
RSP=0x00007fff5e964bb8, RBP=0x00007fff5e964be0, RSI=0x00007fff93af2b42, RDI=0x00007fa460f6ea50
R8 =0x0000000000000001, R9 =0x0000000000000001, R10=0x00007fff93af2b42, R11=0x0000000000000000
R12=0x00007fa460e54370, R13=0x00007fa460c45000, R14=0x00007fa460e54370, R15=0x00007fff5e9650d0
RIP=0x00007fff900080dd, EFLAGS=0x0000000000010246, ERR=0x0000000000000004
  TRAPNO=0x000000000000000e

Top of Stack: (sp=0x00007fff5e964bb8)
0x00007fff5e964bb8:   000000012ceabf4e 00007fa460e54370
0x00007fff5e964bc8:   000000012cedfcb8 00007fa460c45000
0x00007fff5e964bd8:   0000000000000094 00007fff5e9650c0
0x00007fff5e964be8:   00007fff93277775 0000000000000000
0x00007fff5e964bf8:   0000000000000000 408e000000000000
0x00007fff5e964c08:   4080e00000000000 0000000000000000
0x00007fff5e964c18:   0000000000000000 408e000000000000
0x00007fff5e964c28:   4080e00000000000 408e000000000000
0x00007fff5e964c38:   4081900000000000 401c000000000000
0x00007fff5e964c48:   4080f80000000000 402c000000000000
0x00007fff5e964c58:   4030000000000000 401c000000000000
0x00007fff5e964c68:   0000000000000000 0000000000000000
0x00007fff5e964c78:   4030000000000000 00007fff93ab72ce
0x00007fff5e964c88:   4008000000000000 00007fa460e55ec0
0x00007fff5e964c98:   0000000100000000 0000000000000000
0x00007fff5e964ca8:   00007fa460f45a60 00007fff5e964e00
0x00007fff5e964cb8:   00007fff9333dbc6 00007fff5e964e00
0x00007fff5e964cc8:   00007fff9333e6b2 402c000000000000
0x00007fff5e964cd8:   4030000000000000 401c000000000000
0x00007fff5e964ce8:   4080f80000000000 402c000000000000
0x00007fff5e964cf8:   4030000000000000 0000000000000000
0x00007fff5e964d08:   0000000000000000 408e000000000000
0x00007fff5e964d18:   4081900000000000 401c000000000000
0x00007fff5e964d28:   4080f80000000000 00000001012b4e00
0x00007fff5e964d38:   00007fa460e2bcd0 00000000000000b0
0x00007fff5e964d48:   0000000000000002 00000000000002bc
0x00007fff5e964d58:   00000001012b0000 00007fff5e964e00
0x00007fff5e964d68:   00007fff931124ff 000000000000083e
0x00007fff5e964d78:   00000001012b0000 00007fff5e964e20
0x00007fff5e964d88:   00000000000002bd 00007fff5e964e8f
0x00007fff5e964d98:   0000000000002000 00007fa460efc080
0x00007fff5e964da8:   00007fa460e2bc20 0000000000000005 

Instructions: (pc=0x00007fff900080dd)
0x00007fff900080bd:   00 00 00 48 85 ff 2e 74 7a 40 f6 c7 01 2e 75 7e
0x00007fff900080cd:   49 bb f8 ff ff ff ff 7f 00 00 4c 23 1f 49 89 f2
0x00007fff900080dd:   45 23 53 18 49 c1 e2 04 4d 03 53 10 49 3b 32 75
0x00007fff900080ed:   04 41 ff 62 08 49 83 3a 00 74 6a 4d 3b 53 10 74 

Register to memory mapping:

RAX=0x0000000000000000 is an unknown value
RBX=0x00007fa460f6ea50 is an unknown value
RCX=0x0000000000000000 is an unknown value
RDX=0x00007fa460e54370 is an unknown value
RSP=0x00007fff5e964bb8 is pointing into the stack for thread: 0x00007fa461814800
RBP=0x00007fff5e964be0 is pointing into the stack for thread: 0x00007fa461814800
RSI=0x00007fff93af2b42: -[NSTitlebarContainerView shouldRoundCorners]+0x5c5a4 in /System/Library/Frameworks/AppKit.framework/Versions/C/AppKit at 0x00007fff93129000
RDI=0x00007fa460f6ea50 is an unknown value
R8 =0x0000000000000001 is an unknown value
R9 =0x0000000000000001 is an unknown value
R10=0x00007fff93af2b42: -[NSTitlebarContainerView shouldRoundCorners]+0x5c5a4 in /System/Library/Frameworks/AppKit.framework/Versions/C/AppKit at 0x00007fff93129000
R11=0x0000000000000000 is an unknown value
R12=0x00007fa460e54370 is an unknown value
R13=0x00007fa460c45000 is an unknown value
R14=0x00007fa460e54370 is an unknown value
R15=0x00007fff5e9650d0 is pointing into the stack for thread: 0x00007fa461814800


Stack: [0x00007fff5e16a000,0x00007fff5e96a000],  sp=0x00007fff5e964bb8,  free space=8170k
Native frames: (J=compiled Java code, j=interpreted, Vv=VM code, C=native code)
C  [libobjc.A.dylib+0x10dd]  objc_msgSend+0x1d
C  [AppKit+0x14e775]  -[NSView _recursiveDisplayRectIfNeededIgnoringOpacity:isVisibleRect:rectIsVisibleRectForView:topView:]+0x740
C  [AppKit+0x14f7d0]  -[NSView _recursiveDisplayRectIfNeededIgnoringOpacity:isVisibleRect:rectIsVisibleRectForView:topView:]+0x179b
C  [AppKit+0x14db23]  -[NSThemeFrame _recursiveDisplayRectIfNeededIgnoringOpacity:isVisibleRect:rectIsVisibleRectForView:topView:]+0x14d
C  [AppKit+0x14a67b]  -[NSView _displayRectIgnoringOpacity:isVisibleRect:rectIsVisibleRectForView:]+0xac9
C  [AppKit+0x12907a]  -[NSView displayIfNeeded]+0x754
C  [AppKit+0x146575]  -[NSWindow displayIfNeeded]+0xe8
C  [AppKit+0x183772]  _handleWindowNeedsDisplayOrLayoutOrUpdateConstraints+0x3a8
C  [AppKit+0x748cf1]  __83-[NSWindow _postWindowNeedsDisplayOrLayoutOrUpdateConstraintsUnlessPostingDisabled]_block_invoke1523+0x2e
C  [CoreFoundation+0x7fd87]  __CFRUNLOOP_IS_CALLING_OUT_TO_AN_OBSERVER_CALLBACK_FUNCTION__+0x17
C  [CoreFoundation+0x7fce0]  __CFRunLoopDoObservers+0x170
C  [CoreFoundation+0x71de8]  __CFRunLoopRun+0x368
C  [CoreFoundation+0x71838]  CFRunLoopRunSpecific+0x128
C  [HIToolbox+0x2e43f]  RunCurrentEventLoopInMode+0xeb
C  [HIToolbox+0x2e0be]  ReceiveNextEventCommon+0xb3
C  [HIToolbox+0x2dffb]  _BlockUntilNextEventMatchingListInModeWithFilter+0x47
C  [AppKit+0x246d1]  _DPSNextEvent+0x3c4
C  [AppKit+0x23e80]  -[NSApplication nextEventMatchingMask:untilDate:inMode:dequeue:]+0xc2
C  [libosxapp.dylib+0x242a]  -[NSApplicationAWT nextEventMatchingMask:untilDate:inMode:dequeue:]+0x7c
C  [AppKit+0x17e23]  -[NSApplication run]+0x252
C  [libosxapp.dylib+0x223e]  +[NSApplicationAWT runAWTLoopWithApp:]+0x9c
C  [libawt_lwawt.dylib+0x4494f]  -[AWTStarter starter:]+0x389
C  [Foundation+0x65f4c]  __NSThreadPerformPerform+0x125
C  [CoreFoundation+0x80661]  __CFRUNLOOP_IS_CALLING_OUT_TO_A_SOURCE0_PERFORM_FUNCTION__+0x11
C  [CoreFoundation+0x727ed]  __CFRunLoopDoSources0+0x10d
C  [CoreFoundation+0x71e1f]  __CFRunLoopRun+0x39f
C  [CoreFoundation+0x71838]  CFRunLoopRunSpecific+0x128
C  [java+0x56cc]  CreateExecutionEnvironment+0x367
C  [java+0x165c]  JLI_Launch+0x7a0
C  [java+0x768a]  main+0x65
C  [java+0xeb4]  start+0x34
C  0x0000000000000006


---------------  P R O C E S S  ---------------

Java Threads: ( => current thread )
  0x00007fa462873800 JavaThread "AWT-Shutdown" [_thread_blocked, id=12059, stack(0x0000000126d5a000,0x0000000126e5a000)]
=>0x00007fa461814800 JavaThread "AppKit Thread" daemon [_thread_in_native, id=1811, stack(0x00007fff5e16a000,0x00007fff5e96a000)]
  0x00007fa461800800 JavaThread "Service Thread" daemon [_thread_blocked, id=17923, stack(0x00000001288e0000,0x00000001289e0000)]
  0x00007fa46104d800 JavaThread "C1 CompilerThread2" daemon [_thread_blocked, id=17411, stack(0x00000001287dd000,0x00000001288dd000)]
  0x00007fa46104d000 JavaThread "C2 CompilerThread1" daemon [_thread_blocked, id=16899, stack(0x00000001286da000,0x00000001287da000)]
  0x00007fa462015800 JavaThread "C2 CompilerThread0" daemon [_thread_blocked, id=16387, stack(0x00000001285d7000,0x00000001286d7000)]
  0x00007fa462014000 JavaThread "Signal Dispatcher" daemon [_thread_blocked, id=12811, stack(0x00000001284d4000,0x00000001285d4000)]
  0x00007fa46103c800 JavaThread "Finalizer" daemon [_thread_blocked, id=11523, stack(0x0000000126c1e000,0x0000000126d1e000)]
  0x00007fa46103c000 JavaThread "Reference Handler" daemon [_thread_blocked, id=11011, stack(0x0000000126b1b000,0x0000000126c1b000)]
  0x00007fa46100b000 JavaThread "main" [_thread_in_native, id=4867, stack(0x00000001022c8000,0x00000001023c8000)]

Other Threads:
  0x00007fa462800000 VMThread [stack: 0x0000000126a18000,0x0000000126b18000] [id=10499]
  0x00007fa461820000 WatcherThread [stack: 0x00000001289e3000,0x0000000128ae3000] [id=18435]

VM state:not at safepoint (normal execution)

VM Mutex/Monitor currently owned by a thread: None

Heap:
 PSYoungGen      total 153088K, used 28949K [0x0000000715580000, 0x0000000720000000, 0x00000007c0000000)
  eden space 131584K, 22% used [0x0000000715580000,0x00000007171c55f8,0x000000071d600000)
  from space 21504K, 0% used [0x000000071eb00000,0x000000071eb00000,0x0000000720000000)
  to   space 21504K, 0% used [0x000000071d600000,0x000000071d600000,0x000000071eb00000)
 ParOldGen       total 349696K, used 0K [0x00000005c0000000, 0x00000005d5580000, 0x0000000715580000)
  object space 349696K, 0% used [0x00000005c0000000,0x00000005c0000000,0x00000005d5580000)
 Metaspace       used 6693K, capacity 6805K, committed 6912K, reserved 1056768K
  class space    used 659K, capacity 693K, committed 768K, reserved 1048576K

Card table byte_map: [0x0000000111ff4000,0x0000000112ff5000] byte_map_base: 0x000000010f1f4000

Marking Bits: (ParMarkBitMap*) 0x0000000101c31390
 Begin Bits: [0x0000000113eac000, 0x000000011beac000)
 End Bits:   [0x000000011beac000, 0x0000000123eac000)

Polling page: 0x00000001023d8000

CodeCache: size=245760Kb used=3067Kb max_used=3074Kb free=242692Kb
 bounds [0x0000000102c34000, 0x0000000102f44000, 0x0000000111c34000]
 total_blobs=1141 nmethods=751 adapters=305
 compilation: enabled

Compilation events (10 events):
Event: 14.430 Thread 0x00007fa46104d800  746       3       sun.awt.AWTAutoShutdown::getInstance (4 bytes)
Event: 14.430 Thread 0x00007fa46104d800 nmethod 746 0x0000000102f33a10 code [0x0000000102f33b60, 0x0000000102f33c90]
Event: 14.430 Thread 0x00007fa46104d800  747   !   3       sun.awt.AWTAutoShutdown::setToolkitBusy (124 bytes)
Event: 14.430 Thread 0x00007fa46104d800 nmethod 747 0x0000000102f32bd0 code [0x0000000102f32da0, 0x0000000102f33628]
Event: 14.439 Thread 0x00007fa46104d800  748   !   3       org.lwjgl.input.Mouse::isButtonDown (61 bytes)
Event: 14.440 Thread 0x00007fa46104d800 nmethod 748 0x0000000102f321d0 code [0x0000000102f32380, 0x0000000102f32978]
Event: 14.560 Thread 0x00007fa462015800  749       4       java.util.ArrayList::rangeCheck (22 bytes)
Event: 14.560 Thread 0x00007fa462015800 nmethod 749 0x0000000102eb2e90 code [0x0000000102eb2fe0, 0x0000000102eb3058]
Event: 14.664 Thread 0x00007fa46104d800  751       3       org.newdawn.slick.Graphics::setColor (33 bytes)
Event: 14.665 Thread 0x00007fa46104d800 nmethod 751 0x0000000102f31310 code [0x0000000102f314e0, 0x0000000102f31af8]

GC Heap History (0 events):
No events

Deoptimization events (0 events):
No events

Internal exceptions (10 events):
Event: 0.877 Thread 0x00007fa46100b000 Exception <a 'java/security/PrivilegedActionException'> (0x00000007164ef0b8) thrown at [/HUDSON3/workspace/8-2-build-macosx-x86_64/jdk8u25/1514/hotspot/src/share/vm/prims/jvm.cpp, line 1312]
Event: 0.877 Thread 0x00007fa46100b000 Exception <a 'java/security/PrivilegedActionException'> (0x00000007164f4800) thrown at [/HUDSON3/workspace/8-2-build-macosx-x86_64/jdk8u25/1514/hotspot/src/share/vm/prims/jvm.cpp, line 1312]
Event: 0.879 Thread 0x00007fa46100b000 Exception <a 'java/security/PrivilegedActionException'> (0x00000007164fc708) thrown at [/HUDSON3/workspace/8-2-build-macosx-x86_64/jdk8u25/1514/hotspot/src/share/vm/prims/jvm.cpp, line 1312]
Event: 0.881 Thread 0x00007fa46100b000 Exception <a 'java/security/PrivilegedActionException'> (0x000000071650ad50) thrown at [/HUDSON3/workspace/8-2-build-macosx-x86_64/jdk8u25/1514/hotspot/src/share/vm/prims/jvm.cpp, line 1312]
Event: 0.884 Thread 0x00007fa46100b000 Exception <a 'java/security/PrivilegedActionException'> (0x00000007165133f8) thrown at [/HUDSON3/workspace/8-2-build-macosx-x86_64/jdk8u25/1514/hotspot/src/share/vm/prims/jvm.cpp, line 1312]
Event: 0.885 Thread 0x00007fa46100b000 Exception <a 'java/security/PrivilegedActionException'> (0x0000000716517ad8) thrown at [/HUDSON3/workspace/8-2-build-macosx-x86_64/jdk8u25/1514/hotspot/src/share/vm/prims/jvm.cpp, line 1312]
Event: 0.885 Thread 0x00007fa46100b000 Exception <a 'java/security/PrivilegedActionException'> (0x000000071651c7e0) thrown at [/HUDSON3/workspace/8-2-build-macosx-x86_64/jdk8u25/1514/hotspot/src/share/vm/prims/jvm.cpp, line 1312]
Event: 1.381 Thread 0x00007fa46100b000 Exception <a 'java/security/PrivilegedActionException'> (0x0000000716523cb0) thrown at [/HUDSON3/workspace/8-2-build-macosx-x86_64/jdk8u25/1514/hotspot/src/share/vm/prims/jvm.cpp, line 1312]
Event: 1.381 Thread 0x00007fa46100b000 Exception <a 'java/security/PrivilegedActionException'> (0x000000071652bd18) thrown at [/HUDSON3/workspace/8-2-build-macosx-x86_64/jdk8u25/1514/hotspot/src/share/vm/prims/jvm.cpp, line 1312]
Event: 15.108 Thread 0x00007fa46100b000 Exception <a 'java/security/PrivilegedActionException'> (0x0000000716552b48) thrown at [/HUDSON3/workspace/8-2-build-macosx-x86_64/jdk8u25/1514/hotspot/src/share/vm/prims/jvm.cpp, line 1312]

Events (10 events):
Event: 9.379 Executing VM operation: RevokeBias
Event: 9.379 Executing VM operation: RevokeBias done
Event: 9.379 Thread 0x00007fa462201000 Thread exited: 0x00007fa462201000
Event: 10.411 Thread 0x00007fa461042000 Thread added: 0x00007fa461042000
Event: 13.181 Executing VM operation: RevokeBias
Event: 13.182 Executing VM operation: RevokeBias done
Event: 13.182 Thread 0x00007fa461042000 Thread exited: 0x00007fa461042000
Event: 13.487 Thread 0x00007fa462873800 Thread added: 0x00007fa462873800
Event: 15.108 loading class org/lwjgl/opengl/CallbackUtil
Event: 15.108 loading class org/lwjgl/opengl/CallbackUtil done


Dynamic libraries:
0x0000000004aa9000 	/System/Library/Frameworks/Cocoa.framework/Versions/A/Cocoa
0x0000000004aa9000 	/System/Library/Frameworks/Security.framework/Versions/A/Security
0x0000000004aa9000 	/System/Library/Frameworks/ApplicationServices.framework/Versions/A/ApplicationServices
0x0000000004aa9000 	/usr/lib/libz.1.dylib
0x0000000004aa9000 	/usr/lib/libSystem.B.dylib
0x0000000004aa9000 	/usr/lib/libobjc.A.dylib
0x0000000004aa9000 	/System/Library/Frameworks/CoreFoundation.framework/Versions/A/CoreFoundation
0x0000000004aa9000 	/System/Library/Frameworks/Foundation.framework/Versions/C/Foundation
0x0000000004aa9000 	/System/Library/Frameworks/AppKit.framework/Versions/C/AppKit
0x0000000004aa9000 	/System/Library/Frameworks/CoreData.framework/Versions/A/CoreData
0x0000000004aa9000 	/System/Library/PrivateFrameworks/RemoteViewServices.framework/Versions/A/RemoteViewServices
0x0000000004aa9000 	/System/Library/PrivateFrameworks/UIFoundation.framework/Versions/A/UIFoundation
0x0000000004aa9000 	/System/Library/Frameworks/IOSurface.framework/Versions/A/IOSurface
0x0000000004aa9000 	/System/Library/Frameworks/AudioToolbox.framework/Versions/A/AudioToolbox
0x0000000004aa9000 	/System/Library/Frameworks/AudioUnit.framework/Versions/A/AudioUnit
0x0000000004aa9000 	/System/Library/PrivateFrameworks/DataDetectorsCore.framework/Versions/A/DataDetectorsCore
0x0000000004aa9000 	/System/Library/PrivateFrameworks/DesktopServicesPriv.framework/Versions/A/DesktopServicesPriv
0x0000000004aa9000 	/System/Library/Frameworks/Carbon.framework/Versions/A/Frameworks/HIToolbox.framework/Versions/A/HIToolbox
0x0000000004aa9000 	/System/Library/Frameworks/QuartzCore.framework/Versions/A/QuartzCore
0x0000000004aa9000 	/System/Library/Frameworks/Carbon.framework/Versions/A/Frameworks/SpeechRecognition.framework/Versions/A/SpeechRecognition
0x0000000004aa9000 	/usr/lib/libauto.dylib
0x0000000004aa9000 	/usr/lib/libicucore.A.dylib
0x0000000004aa9000 	/usr/lib/libxml2.2.dylib
0x0000000004aa9000 	/System/Library/PrivateFrameworks/CoreUI.framework/Versions/A/CoreUI
0x0000000004aa9000 	/System/Library/Frameworks/CoreAudio.framework/Versions/A/CoreAudio
0x0000000004aa9000 	/System/Library/Frameworks/DiskArbitration.framework/Versions/A/DiskArbitration
0x0000000004aa9000 	/usr/lib/liblangid.dylib
0x0000000004aa9000 	/System/Library/PrivateFrameworks/MultitouchSupport.framework/Versions/A/MultitouchSupport
0x0000000004aa9000 	/System/Library/Frameworks/IOKit.framework/Versions/A/IOKit
0x0000000004aa9000 	/usr/lib/libDiagnosticMessagesClient.dylib
0x0000000004aa9000 	/System/Library/Frameworks/CoreServices.framework/Versions/A/CoreServices
0x0000000004aa9000 	/System/Library/PrivateFrameworks/PerformanceAnalysis.framework/Versions/A/PerformanceAnalysis
0x0000000004aa9000 	/System/Library/PrivateFrameworks/GenerationalStorage.framework/Versions/A/GenerationalStorage
0x0000000004aa9000 	/System/Library/Frameworks/OpenGL.framework/Versions/A/OpenGL
0x0000000004aa9000 	/System/Library/PrivateFrameworks/Sharing.framework/Versions/A/Sharing
0x0000000004aa9000 	/System/Library/Frameworks/CoreGraphics.framework/Versions/A/CoreGraphics
0x0000000004aa9000 	/System/Library/Frameworks/CoreText.framework/Versions/A/CoreText
0x0000000004aa9000 	/System/Library/Frameworks/ImageIO.framework/Versions/A/ImageIO
0x0000000004aa9000 	/usr/lib/libextension.dylib
0x0000000004aa9000 	/System/Library/PrivateFrameworks/Backup.framework/Versions/A/Backup
0x0000000004aa9000 	/usr/lib/libarchive.2.dylib
0x0000000004aa9000 	/System/Library/Frameworks/CFNetwork.framework/Versions/A/CFNetwork
0x0000000004aa9000 	/System/Library/Frameworks/SystemConfiguration.framework/Versions/A/SystemConfiguration
0x0000000004aa9000 	/usr/lib/libCRFSuite.dylib
0x0000000004aa9000 	/usr/lib/libc++.1.dylib
0x0000000004aa9000 	/usr/lib/libc++abi.dylib
0x0000000004aa9000 	/usr/lib/system/libcache.dylib
0x0000000004aa9000 	/usr/lib/system/libcommonCrypto.dylib
0x0000000004aa9000 	/usr/lib/system/libcompiler_rt.dylib
0x0000000004aa9000 	/usr/lib/system/libcopyfile.dylib
0x0000000004aa9000 	/usr/lib/system/libcorecrypto.dylib
0x0000000004aa9000 	/usr/lib/system/libdispatch.dylib
0x0000000004aa9000 	/usr/lib/system/libdyld.dylib
0x0000000004aa9000 	/usr/lib/system/libkeymgr.dylib
0x0000000004aa9000 	/usr/lib/system/liblaunch.dylib
0x0000000004aa9000 	/usr/lib/system/libmacho.dylib
0x0000000004aa9000 	/usr/lib/system/libquarantine.dylib
0x0000000004aa9000 	/usr/lib/system/libremovefile.dylib
0x0000000004aa9000 	/usr/lib/system/libsystem_asl.dylib
0x0000000004aa9000 	/usr/lib/system/libsystem_blocks.dylib
0x0000000004aa9000 	/usr/lib/system/libsystem_c.dylib
0x0000000004aa9000 	/usr/lib/system/libsystem_configuration.dylib
0x0000000004aa9000 	/usr/lib/system/libsystem_coreservices.dylib
0x0000000004aa9000 	/usr/lib/system/libsystem_coretls.dylib
0x0000000004aa9000 	/usr/lib/system/libsystem_dnssd.dylib
0x0000000004aa9000 	/usr/lib/system/libsystem_info.dylib
0x0000000004aa9000 	/usr/lib/system/libsystem_kernel.dylib
0x0000000004aa9000 	/usr/lib/system/libsystem_m.dylib
0x0000000004aa9000 	/usr/lib/system/libsystem_malloc.dylib
0x0000000004aa9000 	/usr/lib/system/libsystem_network.dylib
0x0000000004aa9000 	/usr/lib/system/libsystem_networkextension.dylib
0x0000000004aa9000 	/usr/lib/system/libsystem_notify.dylib
0x0000000004aa9000 	/usr/lib/system/libsystem_platform.dylib
0x0000000004aa9000 	/usr/lib/system/libsystem_pthread.dylib
0x0000000004aa9000 	/usr/lib/system/libsystem_sandbox.dylib
0x0000000004aa9000 	/usr/lib/system/libsystem_secinit.dylib
0x0000000004aa9000 	/usr/lib/system/libsystem_stats.dylib
0x0000000004aa9000 	/usr/lib/system/libsystem_trace.dylib
0x0000000004aa9000 	/usr/lib/system/libunc.dylib
0x0000000004aa9000 	/usr/lib/system/libunwind.dylib
0x0000000004aa9000 	/usr/lib/system/libxpc.dylib
0x0000000004aa9000 	/usr/lib/libbz2.1.0.dylib
0x0000000004aa9000 	/usr/lib/liblzma.5.dylib
0x0000000004aa9000 	/usr/lib/libbsm.0.dylib
0x0000000004aa9000 	/usr/lib/libsqlite3.dylib
0x0000000004aa9000 	/usr/lib/system/libkxld.dylib
0x0000000004aa9000 	/usr/lib/libxar.1.dylib
0x0000000004aa9000 	/usr/lib/libpam.2.dylib
0x0000000004aa9000 	/usr/lib/libOpenScriptingUtil.dylib
0x0000000004aa9000 	/System/Library/Frameworks/CoreServices.framework/Versions/A/Frameworks/FSEvents.framework/Versions/A/FSEvents
0x0000000004aa9000 	/System/Library/Frameworks/CoreServices.framework/Versions/A/Frameworks/CarbonCore.framework/Versions/A/CarbonCore
0x0000000004aa9000 	/System/Library/Frameworks/CoreServices.framework/Versions/A/Frameworks/Metadata.framework/Versions/A/Metadata
0x0000000004aa9000 	/System/Library/Frameworks/CoreServices.framework/Versions/A/Frameworks/OSServices.framework/Versions/A/OSServices
0x0000000004aa9000 	/System/Library/Frameworks/CoreServices.framework/Versions/A/Frameworks/SearchKit.framework/Versions/A/SearchKit
0x0000000004aa9000 	/System/Library/Frameworks/CoreServices.framework/Versions/A/Frameworks/AE.framework/Versions/A/AE
0x0000000004aa9000 	/System/Library/Frameworks/CoreServices.framework/Versions/A/Frameworks/LaunchServices.framework/Versions/A/LaunchServices
0x0000000004aa9000 	/System/Library/Frameworks/CoreServices.framework/Versions/A/Frameworks/DictionaryServices.framework/Versions/A/DictionaryServices
0x0000000004aa9000 	/System/Library/Frameworks/NetFS.framework/Versions/A/NetFS
0x0000000004aa9000 	/System/Library/PrivateFrameworks/NetAuth.framework/Versions/A/NetAuth
0x0000000004aa9000 	/System/Library/PrivateFrameworks/login.framework/Versions/A/Frameworks/loginsupport.framework/Versions/A/loginsupport
0x0000000004aa9000 	/System/Library/PrivateFrameworks/TCC.framework/Versions/A/TCC
0x0000000004aa9000 	/usr/lib/libmecabra.dylib
0x0000000004aa9000 	/System/Library/PrivateFrameworks/LanguageModeling.framework/Versions/A/LanguageModeling
0x0000000004aa9000 	/usr/lib/libcmph.dylib
0x0000000004aa9000 	/usr/lib/libiconv.2.dylib
0x0000000004aa9000 	/System/Library/Frameworks/OpenDirectory.framework/Versions/A/Frameworks/CFOpenDirectory.framework/Versions/A/CFOpenDirectory
0x0000000004aa9000 	/System/Library/Frameworks/ServiceManagement.framework/Versions/A/ServiceManagement
0x0000000004aa9000 	/usr/lib/libxslt.1.dylib
0x0000000004aa9000 	/System/Library/Frameworks/Carbon.framework/Versions/A/Frameworks/Ink.framework/Versions/A/Ink
0x0000000004aa9000 	/System/Library/Frameworks/ApplicationServices.framework/Versions/A/Frameworks/ATS.framework/Versions/A/ATS
0x0000000004aa9000 	/System/Library/Frameworks/ApplicationServices.framework/Versions/A/Frameworks/ColorSync.framework/Versions/A/ColorSync
0x0000000004aa9000 	/System/Library/Frameworks/ApplicationServices.framework/Versions/A/Frameworks/HIServices.framework/Versions/A/HIServices
0x0000000004aa9000 	/System/Library/Frameworks/ApplicationServices.framework/Versions/A/Frameworks/LangAnalysis.framework/Versions/A/LangAnalysis
0x0000000004aa9000 	/System/Library/Frameworks/ApplicationServices.framework/Versions/A/Frameworks/PrintCore.framework/Versions/A/PrintCore
0x0000000004aa9000 	/System/Library/Frameworks/ApplicationServices.framework/Versions/A/Frameworks/QD.framework/Versions/A/QD
0x0000000004aa9000 	/System/Library/Frameworks/ApplicationServices.framework/Versions/A/Frameworks/SpeechSynthesis.framework/Versions/A/SpeechSynthesis
0x0000000004aa9000 	/System/Library/Frameworks/Accelerate.framework/Versions/A/Accelerate
0x0000000004aa9000 	/System/Library/Frameworks/Accelerate.framework/Versions/A/Frameworks/vImage.framework/Versions/A/vImage
0x0000000004aa9000 	/System/Library/Frameworks/Accelerate.framework/Versions/A/Frameworks/vecLib.framework/Versions/A/vecLib
0x0000000004aa9000 	/System/Library/Frameworks/Accelerate.framework/Versions/A/Frameworks/vecLib.framework/Versions/A/libvDSP.dylib
0x0000000004aa9000 	/System/Library/Frameworks/Accelerate.framework/Versions/A/Frameworks/vecLib.framework/Versions/A/libvMisc.dylib
0x0000000004aa9000 	/System/Library/Frameworks/Accelerate.framework/Versions/A/Frameworks/vecLib.framework/Versions/A/libLAPACK.dylib
0x0000000004aa9000 	/System/Library/Frameworks/Accelerate.framework/Versions/A/Frameworks/vecLib.framework/Versions/A/libBLAS.dylib
0x0000000004aa9000 	/System/Library/Frameworks/Accelerate.framework/Versions/A/Frameworks/vecLib.framework/Versions/A/libLinearAlgebra.dylib
0x0000000004aa9000 	/System/Library/Frameworks/ApplicationServices.framework/Versions/A/Frameworks/ATS.framework/Versions/A/Resources/libFontParser.dylib
0x0000000004aa9000 	/System/Library/Frameworks/ApplicationServices.framework/Versions/A/Frameworks/ATS.framework/Versions/A/Resources/libFontRegistry.dylib
0x0000000004aa9000 	/System/Library/PrivateFrameworks/AppleVPA.framework/Versions/A/AppleVPA
0x0000000004aa9000 	/System/Library/PrivateFrameworks/AppleJPEG.framework/Versions/A/AppleJPEG
0x0000000004aa9000 	/System/Library/Frameworks/ImageIO.framework/Versions/A/Resources/libJPEG.dylib
0x0000000004aa9000 	/System/Library/Frameworks/ImageIO.framework/Versions/A/Resources/libTIFF.dylib
0x0000000004aa9000 	/System/Library/Frameworks/ImageIO.framework/Versions/A/Resources/libPng.dylib
0x0000000004aa9000 	/System/Library/Frameworks/ImageIO.framework/Versions/A/Resources/libGIF.dylib
0x0000000004aa9000 	/System/Library/Frameworks/ImageIO.framework/Versions/A/Resources/libJP2.dylib
0x0000000004aa9000 	/System/Library/Frameworks/ImageIO.framework/Versions/A/Resources/libRadiance.dylib
0x0000000004aa9000 	/System/Library/Frameworks/CoreVideo.framework/Versions/A/CoreVideo
0x0000000004aa9000 	/System/Library/Frameworks/OpenGL.framework/Versions/A/Libraries/libGLU.dylib
0x0000000004aa9000 	/System/Library/Frameworks/OpenGL.framework/Versions/A/Libraries/libGFXShared.dylib
0x0000000004aa9000 	/System/Library/Frameworks/OpenGL.framework/Versions/A/Libraries/libGL.dylib
0x0000000004aa9000 	/System/Library/Frameworks/OpenGL.framework/Versions/A/Libraries/libGLImage.dylib
0x0000000004aa9000 	/System/Library/Frameworks/OpenGL.framework/Versions/A/Libraries/libCVMSPluginSupport.dylib
0x0000000004aa9000 	/System/Library/Frameworks/OpenGL.framework/Versions/A/Libraries/libCoreVMClient.dylib
0x0000000004aa9000 	/usr/lib/libcups.2.dylib
0x0000000004aa9000 	/System/Library/Frameworks/Kerberos.framework/Versions/A/Kerberos
0x0000000004aa9000 	/System/Library/Frameworks/GSS.framework/Versions/A/GSS
0x0000000004aa9000 	/usr/lib/libresolv.9.dylib
0x0000000004aa9000 	/System/Library/PrivateFrameworks/Heimdal.framework/Versions/A/Heimdal
0x0000000004aa9000 	/usr/lib/libheimdal-asn1.dylib
0x0000000004aa9000 	/System/Library/Frameworks/OpenDirectory.framework/Versions/A/OpenDirectory
0x0000000004aa9000 	/System/Library/PrivateFrameworks/CommonAuth.framework/Versions/A/CommonAuth
0x0000000004aa9000 	/System/Library/Frameworks/SecurityFoundation.framework/Versions/A/SecurityFoundation
0x0000000004aa9000 	/System/Library/Frameworks/QuartzCore.framework/Versions/A/Frameworks/CoreImage.framework/Versions/A/CoreImage
0x0000000004aa9000 	/System/Library/PrivateFrameworks/CrashReporterSupport.framework/Versions/A/CrashReporterSupport
0x0000000004aa9000 	/System/Library/Frameworks/OpenCL.framework/Versions/A/OpenCL
0x0000000004aa9000 	/System/Library/PrivateFrameworks/FaceCore.framework/Versions/A/FaceCore
0x0000000004aa9000 	/System/Library/PrivateFrameworks/Ubiquity.framework/Versions/A/Ubiquity
0x0000000004aa9000 	/System/Library/PrivateFrameworks/IconServices.framework/Versions/A/IconServices
0x0000000004aa9000 	/System/Library/PrivateFrameworks/ChunkingLibrary.framework/Versions/A/ChunkingLibrary
0x0000000004aa9000 	/System/Library/PrivateFrameworks/Apple80211.framework/Versions/A/Apple80211
0x0000000004aa9000 	/System/Library/Frameworks/CoreWLAN.framework/Versions/A/CoreWLAN
0x0000000004aa9000 	/System/Library/Frameworks/IOBluetooth.framework/Versions/A/IOBluetooth
0x0000000004aa9000 	/System/Library/PrivateFrameworks/CoreWiFi.framework/Versions/A/CoreWiFi
0x0000000004aa9000 	/System/Library/Frameworks/CoreBluetooth.framework/Versions/A/CoreBluetooth
0x0000000004aa9000 	/System/Library/PrivateFrameworks/DebugSymbols.framework/Versions/A/DebugSymbols
0x0000000004aa9000 	/System/Library/PrivateFrameworks/CoreSymbolication.framework/Versions/A/CoreSymbolication
0x0000000004aa9000 	/System/Library/PrivateFrameworks/Symbolication.framework/Versions/A/Symbolication
0x0000000004aa9000 	/System/Library/PrivateFrameworks/SpeechRecognitionCore.framework/Versions/A/SpeechRecognitionCore
0x0000000101394000 	/Library/Java/JavaVirtualMachines/jdk1.8.0_25.jdk/Contents/Home/jre/lib/server/libjvm.dylib
0x0000000004aa9000 	/usr/lib/libstdc++.6.dylib
0x00000001023ca000 	/Library/Java/JavaVirtualMachines/jdk1.8.0_25.jdk/Contents/Home/jre/lib/libverify.dylib
0x0000000102c00000 	/Library/Java/JavaVirtualMachines/jdk1.8.0_25.jdk/Contents/Home/jre/lib/libjava.dylib
0x00000001023e2000 	/Library/Java/JavaVirtualMachines/jdk1.8.0_25.jdk/Contents/Home/jre/lib/libzip.dylib
0x0000000126d20000 	/System/Library/Frameworks/JavaVM.framework/Frameworks/JavaRuntimeSupport.framework/JavaRuntimeSupport
0x0000000126d38000 	/System/Library/Frameworks/JavaVM.framework/Versions/A/Frameworks/JavaNativeFoundation.framework/Versions/A/JavaNativeFoundation
0x00000001023ec000 	/System/Library/Frameworks/JavaVM.framework/Versions/A/JavaVM
0x0000000004aa9000 	/System/Library/Frameworks/Carbon.framework/Versions/A/Carbon
0x0000000126d4d000 	/System/Library/PrivateFrameworks/JavaLaunching.framework/Versions/A/JavaLaunching
0x0000000004aa9000 	/System/Library/Frameworks/Carbon.framework/Versions/A/Frameworks/CommonPanels.framework/Versions/A/CommonPanels
0x0000000004aa9000 	/System/Library/Frameworks/Carbon.framework/Versions/A/Frameworks/Help.framework/Versions/A/Help
0x0000000004aa9000 	/System/Library/Frameworks/Carbon.framework/Versions/A/Frameworks/ImageCapture.framework/Versions/A/ImageCapture
0x0000000004aa9000 	/System/Library/Frameworks/Carbon.framework/Versions/A/Frameworks/OpenScripting.framework/Versions/A/OpenScripting
0x0000000004aa9000 	/System/Library/Frameworks/Carbon.framework/Versions/A/Frameworks/Print.framework/Versions/A/Print
0x0000000004aa9000 	/System/Library/Frameworks/Carbon.framework/Versions/A/Frameworks/SecurityHI.framework/Versions/A/SecurityHI
0x0000000128b3c000 	/Library/Java/JavaVirtualMachines/jdk1.8.0_25.jdk/Contents/Home/jre/lib/libawt.dylib
0x0000000128beb000 	/Library/Java/JavaVirtualMachines/jdk1.8.0_25.jdk/Contents/Home/jre/lib/./libmlib_image.dylib
0x0000000128cb7000 	/Library/Java/JavaVirtualMachines/jdk1.8.0_25.jdk/Contents/Home/jre/lib/libawt_lwawt.dylib
0x0000000128d6a000 	/Library/Java/JavaVirtualMachines/jdk1.8.0_25.jdk/Contents/Home/jre/lib/./libosxapp.dylib
0x0000000004aa9000 	/System/Library/Frameworks/ExceptionHandling.framework/Versions/A/ExceptionHandling
0x0000000004aa9000 	/System/Library/PrivateFrameworks/CoreServicesInternal.framework/Versions/A/CoreServicesInternal
0x0000000004aa9000 	/System/Library/PrivateFrameworks/CloudDocs.framework/Versions/A/CloudDocs
0x0000000004aa9000 	/System/Library/PrivateFrameworks/CoreDuet.framework/Versions/A/CoreDuet
0x0000000004aa9000 	/System/Library/Frameworks/CloudKit.framework/Versions/A/CloudKit
0x0000000004aa9000 	/System/Library/PrivateFrameworks/ProtocolBuffer.framework/Versions/A/ProtocolBuffer
0x0000000004aa9000 	/System/Library/PrivateFrameworks/CoreDuetDaemonProtocol.framework/Versions/A/CoreDuetDaemonProtocol
0x0000000004aa9000 	/System/Library/PrivateFrameworks/CoreDuetDebugLogging.framework/Versions/A/CoreDuetDebugLogging
0x0000000004aa9000 	/System/Library/Frameworks/CoreLocation.framework/Versions/A/CoreLocation
0x0000000004aa9000 	/System/Library/Frameworks/Accounts.framework/Versions/A/Accounts
0x0000000004aa9000 	/System/Library/PrivateFrameworks/ApplePushService.framework/Versions/A/ApplePushService
0x0000000004aa9000 	/System/Library/PrivateFrameworks/GeoServices.framework/Versions/A/GeoServices
0x0000000004aa9000 	/System/Library/PrivateFrameworks/OAuth.framework/Versions/A/OAuth
0x0000000004aa9000 	/System/Library/PrivateFrameworks/CoreDaemon.framework/Versions/B/CoreDaemon
0x0000000004aa9000 	/usr/lib/libcrypto.0.9.8.dylib
0x0000000004aa9000 	/System/Library/PrivateFrameworks/AppleSRP.framework/Versions/A/AppleSRP
0x0000000004aa9000 	/System/Library/PrivateFrameworks/TrustEvaluationAgent.framework/Versions/A/TrustEvaluationAgent
0x0000000004aa9000 	/System/Library/Frameworks/CoreGraphics.framework/Versions/A/Resources/libCGCMS.A.dylib
0x0000000004aa9000 	/System/Library/Frameworks/CoreGraphics.framework/Versions/A/Resources/libRIP.A.dylib
0x0000000004aa9000 	/System/Library/Frameworks/CoreGraphics.framework/Versions/A/Resources/libCGXType.A.dylib
0x0000000004aa9000 	/System/Library/Frameworks/OpenCL.framework/Versions/A/Libraries/libcldcpuengine.dylib
0x0000000004aa9000 	/System/Library/PrivateFrameworks/DiskImages.framework/Versions/A/DiskImages
0x0000000004aa9000 	/System/Library/Frameworks/DiscRecording.framework/Versions/A/DiscRecording
0x0000000004aa9000 	/usr/lib/libcsfde.dylib
0x0000000004aa9000 	/usr/lib/libcurl.4.dylib
0x0000000004aa9000 	/System/Library/PrivateFrameworks/MediaKit.framework/Versions/A/MediaKit
0x0000000004aa9000 	/System/Library/PrivateFrameworks/ProtectedCloudStorage.framework/Versions/A/ProtectedCloudStorage
0x0000000004aa9000 	/usr/lib/libCoreStorage.dylib
0x0000000004aa9000 	/System/Library/PrivateFrameworks/EFILogin.framework/Versions/A/EFILogin
0x0000000004aa9000 	/usr/lib/libutil.dylib
0x0000000004aa9000 	/System/Library/PrivateFrameworks/FindMyDevice.framework/Versions/A/FindMyDevice
0x0000000004aa9000 	/System/Library/Frameworks/LDAP.framework/Versions/A/LDAP
0x0000000004aa9000 	/usr/lib/libsasl2.2.dylib
0x000000012bc23000 	cl_kernels
0x000000012bc25000 	/System/Library/Frameworks/OpenCL.framework/Versions/A/Libraries/ImageFormats/unorm8_bgra.dylib
0x000000012bc14000 	cl_kernels
0x0000000004aa9000 	/System/Library/PrivateFrameworks/FamilyControls.framework/Versions/A/FamilyControls
0x0000000004aa9000 	/System/Library/PrivateFrameworks/CommerceKit.framework/Versions/A/Frameworks/CommerceCore.framework/Versions/A/CommerceCore
0x0000000004aa9000 	/System/Library/PrivateFrameworks/SystemAdministration.framework/Versions/A/SystemAdministration
0x0000000004aa9000 	/System/Library/PrivateFrameworks/AppContainer.framework/Versions/A/AppContainer
0x0000000004aa9000 	/System/Library/PrivateFrameworks/SecCodeWrapper.framework/Versions/A/SecCodeWrapper
0x0000000004aa9000 	/System/Library/Frameworks/DirectoryService.framework/Versions/A/DirectoryService
0x0000000004aa9000 	/System/Library/PrivateFrameworks/LoginUIKit.framework/Versions/A/Frameworks/LoginUICore.framework/Versions/A/LoginUICore
0x0000000004aa9000 	/usr/lib/libodfde.dylib
0x000000012ce3b000 	/Library/Java/JavaVirtualMachines/jdk1.8.0_25.jdk/Contents/Home/jre/lib/libfontmanager.dylib
0x000000012cea2000 	/Users/raymondelooff/Documents/workspace/The-World-Of-Zuul/lib/lwjgl/native/macosx/liblwjgl.jnilib
0x000000012b140000 	/Library/Java/JavaVirtualMachines/jdk1.8.0_25.jdk/Contents/Home/jre/lib/libjawt.dylib
0x0000000004aa9000 	/System/Library/Frameworks/OpenGL.framework/Versions/A/Resources/GLEngine.bundle/GLEngine
0x0000000004aa9000 	/System/Library/Frameworks/OpenGL.framework/Versions/A/Libraries/libGLProgrammability.dylib
0x0000000000000000 	/System/Library/Extensions/GeForceGLDriver.bundle/Contents/MacOS/GeForceGLDriver
0x0000000004aa9000 	/System/Library/Extensions/GeForceGLDriver.bundle/Contents/MacOS/libclh.dylib
0x0000000004aa9000 	/System/Library/PrivateFrameworks/IOAccelerator.framework/Versions/A/IOAccelerator
0x0000000004aa9000 	/System/Library/PrivateFrameworks/GPUSupport.framework/Versions/A/Libraries/libGPUSupportMercury.dylib
0x0000000004aa9000 	/System/Library/Frameworks/OpenGL.framework/Versions/A/Resources/GLRendererFloat.bundle/GLRendererFloat

VM Arguments:
jvm_args: -Djava.library.path=/Users/raymondelooff/Documents/workspace/The-World-Of-Zuul/lib/lwjgl/native/macosx -Dfile.encoding=UTF-8 
java_command: nl.corebooster.setup.Game
java_class_path (initial): /Users/raymondelooff/Documents/workspace/The-World-Of-Zuul/bin:/Users/raymondelooff/Documents/workspace/The-World-Of-Zuul/lib/lwjgl/jar/lwjgl.jar:/Users/raymondelooff/Documents/workspace/The-World-Of-Zuul/lib/slick/lib/slick.jar
Launcher Type: SUN_STANDARD

Environment Variables:
PATH=/usr/bin:/bin:/usr/sbin:/sbin
SHELL=/bin/bash
DISPLAY=/private/tmp/com.apple.launchd.52I9jUuro6/org.macosforge.xquartz:0

Signal Handlers:
SIGSEGV: [libjvm.dylib+0x579dc7], sa_mask[0]=11111111011111110111111111111111, sa_flags=SA_ONSTACK|SA_RESTART|SA_SIGINFO
SIGBUS: [libjvm.dylib+0x579dc7], sa_mask[0]=11111111011111110111111111111111, sa_flags=SA_RESTART|SA_SIGINFO
SIGFPE: [libjvm.dylib+0x45b030], sa_mask[0]=11111111011111110111111111111111, sa_flags=SA_RESTART|SA_SIGINFO
SIGPIPE: [libjvm.dylib+0x45b030], sa_mask[0]=11111111011111110111111111111111, sa_flags=SA_RESTART|SA_SIGINFO
SIGXFSZ: [libjvm.dylib+0x45b030], sa_mask[0]=11111111011111110111111111111111, sa_flags=SA_RESTART|SA_SIGINFO
SIGILL: [libjvm.dylib+0x45b030], sa_mask[0]=11111111011111110111111111111111, sa_flags=SA_RESTART|SA_SIGINFO
SIGUSR1: SIG_DFL, sa_mask[0]=00000000000000000000000000000000, sa_flags=none
SIGUSR2: [libjvm.dylib+0x45ab4e], sa_mask[0]=00100000000000000000000000000000, sa_flags=SA_RESTART|SA_SIGINFO
SIGHUP: [libjvm.dylib+0x459121], sa_mask[0]=11111111011111110111111111111111, sa_flags=SA_RESTART|SA_SIGINFO
SIGINT: [libjvm.dylib+0x459121], sa_mask[0]=11111111011111110111111111111111, sa_flags=SA_RESTART|SA_SIGINFO
SIGTERM: [libjvm.dylib+0x459121], sa_mask[0]=11111111011111110111111111111111, sa_flags=SA_RESTART|SA_SIGINFO
SIGQUIT: [libjvm.dylib+0x459121], sa_mask[0]=11111111011111110111111111111111, sa_flags=SA_RESTART|SA_SIGINFO


---------------  S Y S T E M  ---------------

OS:Bsduname:Darwin 14.0.0 Darwin Kernel Version 14.0.0: Fri Sep 19 00:26:44 PDT 2014; root:xnu-2782.1.97~2/RELEASE_X86_64 x86_64
rlimit: STACK 8192k, CORE 0k, NPROC 709, NOFILE 10240, AS infinity
load average:3.08 2.35 1.97

CPU:total 4 (4 cores per cpu, 1 threads per core) family 6 model 58 stepping 9, cmov, cx8, fxsr, mmx, sse, sse2, sse3, ssse3, sse4.1, sse4.2, popcnt, avx, aes, clmul, erms, tsc, tscinvbit, tscinv

Memory: 4k page, physical 33554432k(2201068k free)

/proc/meminfo:


vm_info: Java HotSpot(TM) 64-Bit Server VM (25.25-b02) for bsd-amd64 JRE (1.8.0_25-b17), built on Sep 17 2014 16:56:50 by "java_re" with gcc 4.2.1 (Based on Apple Inc. build 5658) (LLVM build 2336.11.00)

time: Wed Dec 24 20:51:17 2014
elapsed time: 15 seconds (0d 0h 0m 15s)

