#
# A fatal error has been detected by the Java Runtime Environment:
#
#  SIGSEGV (0xb) at pc=0x00007fff897a90dd, pid=3400, tid=1811
#
# JRE version: Java(TM) SE Runtime Environment (8.0_25-b17) (build 1.8.0_25-b17)
# Java VM: Java HotSpot(TM) 64-Bit Server VM (25.25-b02 mixed mode bsd-amd64 compressed oops)
# Problematic frame:
# C  [libobjc.A.dylib+0x10dd]  objc_msgSend+0x1d
#
# Failed to write core dump. Core dumps have been disabled. To enable core dumping, try "ulimit -c unlimited" before starting Java again
#
# If you would like to submit a bug report, please visit:
#   http://bugreport.sun.com/bugreport/crash.jsp
# The crash happened outside the Java Virtual Machine in native code.
# See problematic frame for where to report the bug.
#

---------------  T H R E A D  ---------------

Current thread (0x00007f9083842800):  JavaThread "AppKit Thread" daemon [_thread_in_native, id=1811, stack(0x00007fff5c773000,0x00007fff5cf73000)]

siginfo: si_signo: 11 (SIGSEGV), si_code: 1 (SEGV_MAPERR), si_addr: 0x000007f9082d45e8

Registers:
RAX=0x0000000000000000, RBX=0x00007f9082d40d90, RCX=0x0000000000000000, RDX=0x00007f90842098e0
RSP=0x00007fff5cf6ca98, RBP=0x00007fff5cf6cac0, RSI=0x00007fff8cf9ab42, RDI=0x00007f9082d40d90
R8 =0x0000000000000001, R9 =0x0000000000000001, R10=0x00007fff8cf9ab42, R11=0x000007f9082d45d0
R12=0x00007f90842098e0, R13=0x00007f9082d26240, R14=0x00007f90842098e0, R15=0x00007fff5cf6cfb0
RIP=0x00007fff897a90dd, EFLAGS=0x0000000000010202, ERR=0x0000000000000004
  TRAPNO=0x000000000000000e

Top of Stack: (sp=0x00007fff5cf6ca98)
0x00007fff5cf6ca98:   00000001271d5f4e 00007f90842098e0
0x00007fff5cf6caa8:   0000000127209cb8 00007f9082d26240
0x00007fff5cf6cab8:   0000000000000094 00007fff5cf6cfa0
0x00007fff5cf6cac8:   00007fff8c71f775 0000000000000000
0x00007fff5cf6cad8:   0000000000000000 408e000000000000
0x00007fff5cf6cae8:   4080e00000000000 0000000000000000
0x00007fff5cf6caf8:   0000000000000000 408e000000000000
0x00007fff5cf6cb08:   4080e00000000000 408e000000000000
0x00007fff5cf6cb18:   4081900000000000 401c000000000000
0x00007fff5cf6cb28:   4080f80000000000 402c000000000000
0x00007fff5cf6cb38:   4030000000000000 401c000000000000
0x00007fff5cf6cb48:   0000000000000000 0000000000000000
0x00007fff5cf6cb58:   4030000000000000 00007fff8cf5f2ce
0x00007fff5cf6cb68:   4018000000000000 00007f90843406d0
0x00007fff5cf6cb78:   0000000100000000 0000000000000000
0x00007fff5cf6cb88:   00007f9082c608c0 00007fff5cf6cce0
0x00007fff5cf6cb98:   00007fff8c7e5bc6 00007fff5cf6cce0
0x00007fff5cf6cba8:   00007fff8c7e66b2 402c000000000000
0x00007fff5cf6cbb8:   4030000000000000 401c000000000000
0x00007fff5cf6cbc8:   4080f80000000000 402c000000000000
0x00007fff5cf6cbd8:   4030000000000000 0000000000000000
0x00007fff5cf6cbe8:   0000000000000000 408e000000000000
0x00007fff5cf6cbf8:   4081900000000000 401c000000000000
0x00007fff5cf6cc08:   4080f80000000000 0000000102caaa00
0x00007fff5cf6cc18:   00007f9084398930 00000000000000b0
0x00007fff5cf6cc28:   0000000000000000 0000000000000988
0x00007fff5cf6cc38:   0000000102ca7000 00007fff5cf6cce0
0x00007fff5cf6cc48:   00007fff88fba4ff 0000000000000988
0x00007fff5cf6cc58:   0000000102ca7000 00007fff5cf6cd00
0x00007fff5cf6cc68:   0000000000000989 00007fff5cf6cd6f
0x00007fff5cf6cc78:   0000000000080000 00007f90843fc080
0x00007fff5cf6cc88:   00007f9084398880 0000000000000014 

Instructions: (pc=0x00007fff897a90dd)
0x00007fff897a90bd:   00 00 00 48 85 ff 2e 74 7a 40 f6 c7 01 2e 75 7e
0x00007fff897a90cd:   49 bb f8 ff ff ff ff 7f 00 00 4c 23 1f 49 89 f2
0x00007fff897a90dd:   45 23 53 18 49 c1 e2 04 4d 03 53 10 49 3b 32 75
0x00007fff897a90ed:   04 41 ff 62 08 49 83 3a 00 74 6a 4d 3b 53 10 74 

Register to memory mapping:

RAX=0x0000000000000000 is an unknown value
RBX=0x00007f9082d40d90 is an unknown value
RCX=0x0000000000000000 is an unknown value
RDX=0x00007f90842098e0 is an unknown value
RSP=0x00007fff5cf6ca98 is pointing into the stack for thread: 0x00007f9083842800
RBP=0x00007fff5cf6cac0 is pointing into the stack for thread: 0x00007f9083842800
RSI=0x00007fff8cf9ab42: -[NSTitlebarContainerView shouldRoundCorners]+0x5c5a4 in /System/Library/Frameworks/AppKit.framework/Versions/C/AppKit at 0x00007fff8c5d1000
RDI=0x00007f9082d40d90 is an unknown value
R8 =0x0000000000000001 is an unknown value
R9 =0x0000000000000001 is an unknown value
R10=0x00007fff8cf9ab42: -[NSTitlebarContainerView shouldRoundCorners]+0x5c5a4 in /System/Library/Frameworks/AppKit.framework/Versions/C/AppKit at 0x00007fff8c5d1000
R11=0x000007f9082d45d0 is an unknown value
R12=0x00007f90842098e0 is an unknown value
R13=0x00007f9082d26240 is an unknown value
R14=0x00007f90842098e0 is an unknown value
R15=0x00007fff5cf6cfb0 is pointing into the stack for thread: 0x00007f9083842800


Stack: [0x00007fff5c773000,0x00007fff5cf73000],  sp=0x00007fff5cf6ca98,  free space=8166k
Native frames: (J=compiled Java code, j=interpreted, Vv=VM code, C=native code)
C  [libobjc.A.dylib+0x10dd]  objc_msgSend+0x1d
C  [AppKit+0x14e775]  -[NSView _recursiveDisplayRectIfNeededIgnoringOpacity:isVisibleRect:rectIsVisibleRectForView:topView:]+0x740
C  [AppKit+0x14f7d0]  -[NSView _recursiveDisplayRectIfNeededIgnoringOpacity:isVisibleRect:rectIsVisibleRectForView:topView:]+0x179b
C  [AppKit+0x14db23]  -[NSThemeFrame _recursiveDisplayRectIfNeededIgnoringOpacity:isVisibleRect:rectIsVisibleRectForView:topView:]+0x14d
C  [AppKit+0x14a67b]  -[NSView _displayRectIgnoringOpacity:isVisibleRect:rectIsVisibleRectForView:]+0xac9
C  [AppKit+0x12907a]  -[NSView displayIfNeeded]+0x754
C  [AppKit+0x146575]  -[NSWindow displayIfNeeded]+0xe8
C  [AppKit+0x183772]  _handleWindowNeedsDisplayOrLayoutOrUpdateConstraints+0x3a8
C  [Foundation+0x67023]  __NSFireTimer+0x5f
C  [CoreFoundation+0xb5b44]  __CFRUNLOOP_IS_CALLING_OUT_TO_A_TIMER_CALLBACK_FUNCTION__+0x14
C  [CoreFoundation+0xb57d3]  __CFRunLoopDoTimer+0x423
C  [CoreFoundation+0x128d9d]  __CFRunLoopDoTimers+0x12d
C  [CoreFoundation+0x72268]  __CFRunLoopRun+0x7e8
C  [CoreFoundation+0x71838]  CFRunLoopRunSpecific+0x128
C  [HIToolbox+0x2e43f]  RunCurrentEventLoopInMode+0xeb
C  [HIToolbox+0x2e1ba]  ReceiveNextEventCommon+0x1af
C  [HIToolbox+0x2dffb]  _BlockUntilNextEventMatchingListInModeWithFilter+0x47
C  [AppKit+0x246d1]  _DPSNextEvent+0x3c4
C  [AppKit+0x23e80]  -[NSApplication nextEventMatchingMask:untilDate:inMode:dequeue:]+0xc2
C  [libosxapp.dylib+0x242a]  -[NSApplicationAWT nextEventMatchingMask:untilDate:inMode:dequeue:]+0x7c
C  [AppKit+0x17e23]  -[NSApplication run]+0x252
C  [libosxapp.dylib+0x223e]  +[NSApplicationAWT runAWTLoopWithApp:]+0x9c
C  [libawt_lwawt.dylib+0x4494f]  -[AWTStarter starter:]+0x389
C  [Foundation+0x65f4c]  __NSThreadPerformPerform+0x125
C  [CoreFoundation+0x80661]  __CFRUNLOOP_IS_CALLING_OUT_TO_A_SOURCE0_PERFORM_FUNCTION__+0x11
C  [CoreFoundation+0x727ed]  __CFRunLoopDoSources0+0x10d
C  [CoreFoundation+0x71e1f]  __CFRunLoopRun+0x39f
C  [CoreFoundation+0x71838]  CFRunLoopRunSpecific+0x128
C  [java+0x56cc]  CreateExecutionEnvironment+0x367
C  [java+0x165c]  JLI_Launch+0x7a0
C  [java+0x768a]  main+0x65
C  [java+0xeb4]  start+0x34
C  0x0000000000000006


---------------  P R O C E S S  ---------------

Java Threads: ( => current thread )
  0x00007f908595b800 JavaThread "AWT-Shutdown" [_thread_blocked, id=38459, stack(0x0000000122c60000,0x0000000122d60000)]
=>0x00007f9083842800 JavaThread "AppKit Thread" daemon [_thread_in_native, id=1811, stack(0x00007fff5c773000,0x00007fff5cf73000)]
  0x00007f9083068800 JavaThread "Service Thread" daemon [_thread_blocked, id=20739, stack(0x0000000122745000,0x0000000122845000)]
  0x00007f9085805800 JavaThread "C1 CompilerThread3" daemon [_thread_blocked, id=20227, stack(0x0000000122642000,0x0000000122742000)]
  0x00007f9085805000 JavaThread "C2 CompilerThread2" daemon [_thread_blocked, id=19715, stack(0x000000012253f000,0x000000012263f000)]
  0x00007f9085009800 JavaThread "C2 CompilerThread1" daemon [_thread_blocked, id=19203, stack(0x000000012243c000,0x000000012253c000)]
  0x00007f9085804000 JavaThread "C2 CompilerThread0" daemon [_thread_blocked, id=18691, stack(0x0000000122339000,0x0000000122439000)]
  0x00007f9085800000 JavaThread "Signal Dispatcher" daemon [_thread_blocked, id=14863, stack(0x0000000122236000,0x0000000122336000)]
  0x00007f9083807000 JavaThread "Finalizer" daemon [_thread_blocked, id=13571, stack(0x00000001208f0000,0x00000001209f0000)]
  0x00007f9083806800 JavaThread "Reference Handler" daemon [_thread_blocked, id=13059, stack(0x00000001207ed000,0x00000001208ed000)]
  0x00007f9085000000 JavaThread "main" [_thread_in_native, id=4867, stack(0x0000000104d1d000,0x0000000104e1d000)]

Other Threads:
  0x00007f9083060000 VMThread [stack: 0x00000001206ea000,0x00000001207ea000] [id=12547]
  0x00007f908303d800 WatcherThread [stack: 0x0000000122848000,0x0000000122948000] [id=21251]

VM state:not at safepoint (normal execution)

VM Mutex/Monitor currently owned by a thread: None

Heap:
 PSYoungGen      total 76288K, used 34577K [0x000000076ab00000, 0x0000000770000000, 0x00000007c0000000)
  eden space 65536K, 49% used [0x000000076ab00000,0x000000076cab84f0,0x000000076eb00000)
  from space 10752K, 19% used [0x000000076eb00000,0x000000076ed0c010,0x000000076f580000)
  to   space 10752K, 0% used [0x000000076f580000,0x000000076f580000,0x0000000770000000)
 ParOldGen       total 175104K, used 65560K [0x00000006c0000000, 0x00000006cab00000, 0x000000076ab00000)
  object space 175104K, 37% used [0x00000006c0000000,0x00000006c4006020,0x00000006cab00000)
 Metaspace       used 7236K, capacity 7349K, committed 7424K, reserved 1056768K
  class space    used 701K, capacity 725K, committed 768K, reserved 1048576K

Card table byte_map: [0x00000001141df000,0x00000001149e0000] byte_map_base: 0x0000000110bdf000

Marking Bits: (ParMarkBitMap*) 0x000000010469d390
 Begin Bits: [0x000000011574e000, 0x000000011974e000)
 End Bits:   [0x000000011974e000, 0x000000011d74e000)

Polling page: 0x0000000102de4000

CodeCache: size=245760Kb used=4676Kb max_used=4693Kb free=241083Kb
 bounds [0x0000000104e1f000, 0x00000001052bf000, 0x0000000113e1f000]
 total_blobs=1517 nmethods=1112 adapters=320
 compilation: enabled

Compilation events (10 events):
Event: 48.468 Thread 0x00007f9085805000 1113       4       java.util.ArrayList::clear (39 bytes)
Event: 48.470 Thread 0x00007f9085805000 nmethod 1113 0x0000000104f1d9d0 code [0x0000000104f1db20, 0x0000000104f1dbd8]
Event: 48.567 Thread 0x00007f9085009800 1114  s    4       org.lwjgl.opengl.EventQueue::copyEvents (77 bytes)
Event: 48.575 Thread 0x00007f9085009800 nmethod 1114 0x0000000104f1ed10 code [0x0000000104f1eec0, 0x0000000104f1f758]
Event: 48.902 Thread 0x00007f9085804000 1115       4       org.newdawn.slick.AngelCodeFont::drawString (222 bytes)
Event: 48.942 Thread 0x00007f9085804000 nmethod 1115 0x00000001052b4250 code [0x00000001052b4640, 0x00000001052b66f8]
Event: 48.984 Thread 0x00007f9085805000 1116       4       java.util.HashMap$KeySet::iterator (12 bytes)
Event: 48.989 Thread 0x00007f9085805000 nmethod 1116 0x00000001052add50 code [0x00000001052adea0, 0x00000001052ae198]
Event: 49.634 Thread 0x00007f9085009800 1117       4       org.newdawn.slick.Graphics::resetTransform (39 bytes)
Event: 49.636 Thread 0x00007f9085009800 nmethod 1117 0x0000000104f1ea10 code [0x0000000104f1eb60, 0x0000000104f1ec38]

GC Heap History (6 events):
Event: 1.911 GC heap before
{Heap before GC invocations=1 (full 0):
 PSYoungGen      total 76288K, used 47992K [0x000000076ab00000, 0x0000000770000000, 0x00000007c0000000)
  eden space 65536K, 73% used [0x000000076ab00000,0x000000076d9de3e8,0x000000076eb00000)
  from space 10752K, 0% used [0x000000076f580000,0x000000076f580000,0x0000000770000000)
  to   space 10752K, 0% used [0x000000076eb00000,0x000000076eb00000,0x000000076f580000)
 ParOldGen       total 175104K, used 32768K [0x00000006c0000000, 0x00000006cab00000, 0x000000076ab00000)
  object space 175104K, 18% used [0x00000006c0000000,0x00000006c2000010,0x00000006cab00000)
 Metaspace       used 6757K, capacity 6901K, committed 7168K, reserved 1056768K
  class space    used 681K, capacity 725K, committed 768K, reserved 1048576K
Event: 1.914 GC heap after
Heap after GC invocations=1 (full 0):
 PSYoungGen      total 76288K, used 2931K [0x000000076ab00000, 0x0000000770000000, 0x00000007c0000000)
  eden space 65536K, 0% used [0x000000076ab00000,0x000000076ab00000,0x000000076eb00000)
  from space 10752K, 27% used [0x000000076eb00000,0x000000076eddce70,0x000000076f580000)
  to   space 10752K, 0% used [0x000000076f580000,0x000000076f580000,0x0000000770000000)
 ParOldGen       total 175104K, used 32776K [0x00000006c0000000, 0x00000006cab00000, 0x000000076ab00000)
  object space 175104K, 18% used [0x00000006c0000000,0x00000006c2002010,0x00000006cab00000)
 Metaspace       used 6757K, capacity 6901K, committed 7168K, reserved 1056768K
  class space    used 681K, capacity 725K, committed 768K, reserved 1048576K
}
Event: 3.603 GC heap before
{Heap before GC invocations=2 (full 0):
 PSYoungGen      total 76288K, used 60598K [0x000000076ab00000, 0x0000000770000000, 0x00000007c0000000)
  eden space 65536K, 87% used [0x000000076ab00000,0x000000076e350cc8,0x000000076eb00000)
  from space 10752K, 27% used [0x000000076eb00000,0x000000076eddce70,0x000000076f580000)
  to   space 10752K, 0% used [0x000000076f580000,0x000000076f580000,0x0000000770000000)
 ParOldGen       total 175104K, used 65544K [0x00000006c0000000, 0x00000006cab00000, 0x000000076ab00000)
  object space 175104K, 37% used [0x00000006c0000000,0x00000006c4002020,0x00000006cab00000)
 Metaspace       used 6933K, capacity 7093K, committed 7168K, reserved 1056768K
  class space    used 696K, capacity 725K, committed 768K, reserved 1048576K
Event: 3.605 GC heap after
Heap after GC invocations=2 (full 0):
 PSYoungGen      total 76288K, used 1602K [0x000000076ab00000, 0x0000000770000000, 0x00000007c0000000)
  eden space 65536K, 0% used [0x000000076ab00000,0x000000076ab00000,0x000000076eb00000)
  from space 10752K, 14% used [0x000000076f580000,0x000000076f710920,0x0000000770000000)
  to   space 10752K, 0% used [0x000000076eb00000,0x000000076eb00000,0x000000076f580000)
 ParOldGen       total 175104K, used 65552K [0x00000006c0000000, 0x00000006cab00000, 0x000000076ab00000)
  object space 175104K, 37% used [0x00000006c0000000,0x00000006c4004020,0x00000006cab00000)
 Metaspace       used 6933K, capacity 7093K, committed 7168K, reserved 1056768K
  class space    used 696K, capacity 725K, committed 768K, reserved 1048576K
}
Event: 21.563 GC heap before
{Heap before GC invocations=3 (full 0):
 PSYoungGen      total 76288K, used 67138K [0x000000076ab00000, 0x0000000770000000, 0x00000007c0000000)
  eden space 65536K, 100% used [0x000000076ab00000,0x000000076eb00000,0x000000076eb00000)
  from space 10752K, 14% used [0x000000076f580000,0x000000076f710920,0x0000000770000000)
  to   space 10752K, 0% used [0x000000076eb00000,0x000000076eb00000,0x000000076f580000)
 ParOldGen       total 175104K, used 65552K [0x00000006c0000000, 0x00000006cab00000, 0x000000076ab00000)
  object space 175104K, 37% used [0x00000006c0000000,0x00000006c4004020,0x00000006cab00000)
 Metaspace       used 7213K, capacity 7349K, committed 7424K, reserved 1056768K
  class space    used 701K, capacity 725K, committed 768K, reserved 1048576K
Event: 21.568 GC heap after
Heap after GC invocations=3 (full 0):
 PSYoungGen      total 76288K, used 2096K [0x000000076ab00000, 0x0000000770000000, 0x00000007c0000000)
  eden space 65536K, 0% used [0x000000076ab00000,0x000000076ab00000,0x000000076eb00000)
  from space 10752K, 19% used [0x000000076eb00000,0x000000076ed0c010,0x000000076f580000)
  to   space 10752K, 0% used [0x000000076f580000,0x000000076f580000,0x0000000770000000)
 ParOldGen       total 175104K, used 65560K [0x00000006c0000000, 0x00000006cab00000, 0x000000076ab00000)
  object space 175104K, 37% used [0x00000006c0000000,0x00000006c4006020,0x00000006cab00000)
 Metaspace       used 7213K, capacity 7349K, committed 7424K, reserved 1056768K
  class space    used 701K, capacity 725K, committed 768K, reserved 1048576K
}

Deoptimization events (6 events):
Event: 1.905 Thread 0x00007f9085000000 Uncommon trap: reason=unreached action=reinterpret pc=0x00000001050c675c method=com.jcraft.jorbis.Mapping0.inverse(Lcom/jcraft/jorbis/Block;Ljava/lang/Object;)I @ 207
Event: 1.906 Thread 0x00007f9085000000 Uncommon trap: reason=unreached action=reinterpret pc=0x00000001050a8e3c method=com.jcraft.jorbis.Mapping0.inverse(Lcom/jcraft/jorbis/Block;Ljava/lang/Object;)I @ 849
Event: 1.911 Thread 0x00007f9085000000 Uncommon trap: reason=unloaded action=reinterpret pc=0x00000001050bdbc4 method=org.newdawn.slick.openal.OggDecoder.getData(Ljava/io/InputStream;)Lorg/newdawn/slick/openal/OggData; @ 52
Event: 1.958 Thread 0x00007f9085000000 Uncommon trap: reason=unreached action=reinterpret pc=0x00000001050ba4fc method=com.jcraft.jorbis.Block.synthesis(Lcom/jcraft/jogg/Packet;)I @ 211
Event: 1.958 Thread 0x00007f9085000000 Uncommon trap: reason=null_check action=make_not_entrant pc=0x00000001050e0f64 method=com.jcraft.jorbis.Floor1.inverse1(Lcom/jcraft/jorbis/Block;Ljava/lang/Object;Ljava/lang/Object;)Ljava/lang/Object; @ 38
Event: 20.286 Thread 0x00007f908513b000 Uncommon trap: reason=unreached action=reinterpret pc=0x0000000105267244 method=java.util.HashMap$HashIterator.<init>(Ljava/util/HashMap;)V @ 38

Internal exceptions (10 events):
Event: 2.122 Thread 0x00007f9085000000 Exception <a 'java/security/PrivilegedActionException'> (0x000000076c111b28) thrown at [/HUDSON3/workspace/8-2-build-macosx-x86_64/jdk8u25/1514/hotspot/src/share/vm/prims/jvm.cpp, line 1312]
Event: 2.128 Thread 0x00007f9085000000 Exception <a 'java/security/PrivilegedActionException'> (0x000000076c1348f8) thrown at [/HUDSON3/workspace/8-2-build-macosx-x86_64/jdk8u25/1514/hotspot/src/share/vm/prims/jvm.cpp, line 1312]
Event: 2.128 Thread 0x00007f9085000000 Exception <a 'java/security/PrivilegedActionException'> (0x000000076c1381e0) thrown at [/HUDSON3/workspace/8-2-build-macosx-x86_64/jdk8u25/1514/hotspot/src/share/vm/prims/jvm.cpp, line 1312]
Event: 3.791 Thread 0x00007f9085000000 Exception <a 'java/security/PrivilegedActionException'> (0x000000076cee7fc8) thrown at [/HUDSON3/workspace/8-2-build-macosx-x86_64/jdk8u25/1514/hotspot/src/share/vm/prims/jvm.cpp, line 1312]
Event: 3.792 Thread 0x00007f9085000000 Exception <a 'java/security/PrivilegedActionException'> (0x000000076ceec6a8) thrown at [/HUDSON3/workspace/8-2-build-macosx-x86_64/jdk8u25/1514/hotspot/src/share/vm/prims/jvm.cpp, line 1312]
Event: 3.792 Thread 0x00007f9085000000 Exception <a 'java/security/PrivilegedActionException'> (0x000000076cef13b0) thrown at [/HUDSON3/workspace/8-2-build-macosx-x86_64/jdk8u25/1514/hotspot/src/share/vm/prims/jvm.cpp, line 1312]
Event: 4.444 Thread 0x00007f9085000000 Exception <a 'java/security/PrivilegedActionException'> (0x000000076cefaeb0) thrown at [/HUDSON3/workspace/8-2-build-macosx-x86_64/jdk8u25/1514/hotspot/src/share/vm/prims/jvm.cpp, line 1312]
Event: 4.445 Thread 0x00007f9085000000 Exception <a 'java/security/PrivilegedActionException'> (0x000000076cf02f18) thrown at [/HUDSON3/workspace/8-2-build-macosx-x86_64/jdk8u25/1514/hotspot/src/share/vm/prims/jvm.cpp, line 1312]
Event: 20.286 Thread 0x00007f908513b000 Implicit null exception at 0x0000000105267043 to 0x0000000105267231
Event: 50.150 Thread 0x00007f9085000000 Exception <a 'java/security/PrivilegedActionException'> (0x000000076ca5db10) thrown at [/HUDSON3/workspace/8-2-build-macosx-x86_64/jdk8u25/1514/hotspot/src/share/vm/prims/jvm.cpp, line 1312]

Events (10 events):
Event: 47.166 Executing VM operation: RevokeBias done
Event: 47.166 Thread 0x00007f908303e000 Thread exited: 0x00007f908303e000
Event: 48.285 Thread 0x00007f9085804000 flushing nmethod 0x0000000104f1d8d0
Event: 48.285 Thread 0x00007f9085804000 flushing nmethod 0x0000000104f1ea10
Event: 48.285 Thread 0x00007f9085804000 flushing nmethod 0x0000000104f1ed50
Event: 48.285 Thread 0x00007f9085804000 flushing nmethod 0x0000000104f1f390
Event: 48.285 Thread 0x00007f9085804000 flushing nmethod 0x0000000104f1f890
Event: 50.025 Thread 0x00007f908595b800 Thread added: 0x00007f908595b800
Event: 50.150 loading class org/lwjgl/opengl/CallbackUtil
Event: 50.150 loading class org/lwjgl/opengl/CallbackUtil done


Dynamic libraries:
0x00000000018f2000 	/System/Library/Frameworks/Cocoa.framework/Versions/A/Cocoa
0x00000000018f2000 	/System/Library/Frameworks/Security.framework/Versions/A/Security
0x00000000018f2000 	/System/Library/Frameworks/ApplicationServices.framework/Versions/A/ApplicationServices
0x00000000018f2000 	/usr/lib/libz.1.dylib
0x00000000018f2000 	/usr/lib/libSystem.B.dylib
0x00000000018f2000 	/usr/lib/libobjc.A.dylib
0x00000000018f2000 	/System/Library/Frameworks/CoreFoundation.framework/Versions/A/CoreFoundation
0x00000000018f2000 	/System/Library/Frameworks/Foundation.framework/Versions/C/Foundation
0x00000000018f2000 	/System/Library/Frameworks/AppKit.framework/Versions/C/AppKit
0x00000000018f2000 	/System/Library/Frameworks/CoreData.framework/Versions/A/CoreData
0x00000000018f2000 	/System/Library/PrivateFrameworks/RemoteViewServices.framework/Versions/A/RemoteViewServices
0x00000000018f2000 	/System/Library/PrivateFrameworks/UIFoundation.framework/Versions/A/UIFoundation
0x00000000018f2000 	/System/Library/Frameworks/IOSurface.framework/Versions/A/IOSurface
0x00000000018f2000 	/System/Library/Frameworks/AudioToolbox.framework/Versions/A/AudioToolbox
0x00000000018f2000 	/System/Library/Frameworks/AudioUnit.framework/Versions/A/AudioUnit
0x00000000018f2000 	/System/Library/PrivateFrameworks/DataDetectorsCore.framework/Versions/A/DataDetectorsCore
0x00000000018f2000 	/System/Library/PrivateFrameworks/DesktopServicesPriv.framework/Versions/A/DesktopServicesPriv
0x00000000018f2000 	/System/Library/Frameworks/Carbon.framework/Versions/A/Frameworks/HIToolbox.framework/Versions/A/HIToolbox
0x00000000018f2000 	/System/Library/Frameworks/QuartzCore.framework/Versions/A/QuartzCore
0x00000000018f2000 	/System/Library/Frameworks/Carbon.framework/Versions/A/Frameworks/SpeechRecognition.framework/Versions/A/SpeechRecognition
0x00000000018f2000 	/usr/lib/libauto.dylib
0x00000000018f2000 	/usr/lib/libicucore.A.dylib
0x00000000018f2000 	/usr/lib/libxml2.2.dylib
0x00000000018f2000 	/System/Library/PrivateFrameworks/CoreUI.framework/Versions/A/CoreUI
0x00000000018f2000 	/System/Library/Frameworks/CoreAudio.framework/Versions/A/CoreAudio
0x00000000018f2000 	/System/Library/Frameworks/DiskArbitration.framework/Versions/A/DiskArbitration
0x00000000018f2000 	/usr/lib/liblangid.dylib
0x00000000018f2000 	/System/Library/PrivateFrameworks/MultitouchSupport.framework/Versions/A/MultitouchSupport
0x00000000018f2000 	/System/Library/Frameworks/IOKit.framework/Versions/A/IOKit
0x00000000018f2000 	/usr/lib/libDiagnosticMessagesClient.dylib
0x00000000018f2000 	/System/Library/Frameworks/CoreServices.framework/Versions/A/CoreServices
0x00000000018f2000 	/System/Library/PrivateFrameworks/PerformanceAnalysis.framework/Versions/A/PerformanceAnalysis
0x00000000018f2000 	/System/Library/PrivateFrameworks/GenerationalStorage.framework/Versions/A/GenerationalStorage
0x00000000018f2000 	/System/Library/Frameworks/OpenGL.framework/Versions/A/OpenGL
0x00000000018f2000 	/System/Library/PrivateFrameworks/Sharing.framework/Versions/A/Sharing
0x00000000018f2000 	/System/Library/Frameworks/CoreGraphics.framework/Versions/A/CoreGraphics
0x00000000018f2000 	/System/Library/Frameworks/CoreText.framework/Versions/A/CoreText
0x00000000018f2000 	/System/Library/Frameworks/ImageIO.framework/Versions/A/ImageIO
0x00000000018f2000 	/usr/lib/libextension.dylib
0x00000000018f2000 	/System/Library/PrivateFrameworks/Backup.framework/Versions/A/Backup
0x00000000018f2000 	/usr/lib/libarchive.2.dylib
0x00000000018f2000 	/System/Library/Frameworks/CFNetwork.framework/Versions/A/CFNetwork
0x00000000018f2000 	/System/Library/Frameworks/SystemConfiguration.framework/Versions/A/SystemConfiguration
0x00000000018f2000 	/usr/lib/libCRFSuite.dylib
0x00000000018f2000 	/usr/lib/libc++.1.dylib
0x00000000018f2000 	/usr/lib/libc++abi.dylib
0x00000000018f2000 	/usr/lib/system/libcache.dylib
0x00000000018f2000 	/usr/lib/system/libcommonCrypto.dylib
0x00000000018f2000 	/usr/lib/system/libcompiler_rt.dylib
0x00000000018f2000 	/usr/lib/system/libcopyfile.dylib
0x00000000018f2000 	/usr/lib/system/libcorecrypto.dylib
0x00000000018f2000 	/usr/lib/system/libdispatch.dylib
0x00000000018f2000 	/usr/lib/system/libdyld.dylib
0x00000000018f2000 	/usr/lib/system/libkeymgr.dylib
0x00000000018f2000 	/usr/lib/system/liblaunch.dylib
0x00000000018f2000 	/usr/lib/system/libmacho.dylib
0x00000000018f2000 	/usr/lib/system/libquarantine.dylib
0x00000000018f2000 	/usr/lib/system/libremovefile.dylib
0x00000000018f2000 	/usr/lib/system/libsystem_asl.dylib
0x00000000018f2000 	/usr/lib/system/libsystem_blocks.dylib
0x00000000018f2000 	/usr/lib/system/libsystem_c.dylib
0x00000000018f2000 	/usr/lib/system/libsystem_configuration.dylib
0x00000000018f2000 	/usr/lib/system/libsystem_coreservices.dylib
0x00000000018f2000 	/usr/lib/system/libsystem_coretls.dylib
0x00000000018f2000 	/usr/lib/system/libsystem_dnssd.dylib
0x00000000018f2000 	/usr/lib/system/libsystem_info.dylib
0x00000000018f2000 	/usr/lib/system/libsystem_kernel.dylib
0x00000000018f2000 	/usr/lib/system/libsystem_m.dylib
0x00000000018f2000 	/usr/lib/system/libsystem_malloc.dylib
0x00000000018f2000 	/usr/lib/system/libsystem_network.dylib
0x00000000018f2000 	/usr/lib/system/libsystem_networkextension.dylib
0x00000000018f2000 	/usr/lib/system/libsystem_notify.dylib
0x00000000018f2000 	/usr/lib/system/libsystem_platform.dylib
0x00000000018f2000 	/usr/lib/system/libsystem_pthread.dylib
0x00000000018f2000 	/usr/lib/system/libsystem_sandbox.dylib
0x00000000018f2000 	/usr/lib/system/libsystem_secinit.dylib
0x00000000018f2000 	/usr/lib/system/libsystem_stats.dylib
0x00000000018f2000 	/usr/lib/system/libsystem_trace.dylib
0x00000000018f2000 	/usr/lib/system/libunc.dylib
0x00000000018f2000 	/usr/lib/system/libunwind.dylib
0x00000000018f2000 	/usr/lib/system/libxpc.dylib
0x00000000018f2000 	/usr/lib/libbz2.1.0.dylib
0x00000000018f2000 	/usr/lib/liblzma.5.dylib
0x00000000018f2000 	/usr/lib/libbsm.0.dylib
0x00000000018f2000 	/usr/lib/libsqlite3.dylib
0x00000000018f2000 	/usr/lib/system/libkxld.dylib
0x00000000018f2000 	/usr/lib/libxar.1.dylib
0x00000000018f2000 	/usr/lib/libpam.2.dylib
0x00000000018f2000 	/usr/lib/libOpenScriptingUtil.dylib
0x00000000018f2000 	/System/Library/Frameworks/CoreServices.framework/Versions/A/Frameworks/FSEvents.framework/Versions/A/FSEvents
0x00000000018f2000 	/System/Library/Frameworks/CoreServices.framework/Versions/A/Frameworks/CarbonCore.framework/Versions/A/CarbonCore
0x00000000018f2000 	/System/Library/Frameworks/CoreServices.framework/Versions/A/Frameworks/Metadata.framework/Versions/A/Metadata
0x00000000018f2000 	/System/Library/Frameworks/CoreServices.framework/Versions/A/Frameworks/OSServices.framework/Versions/A/OSServices
0x00000000018f2000 	/System/Library/Frameworks/CoreServices.framework/Versions/A/Frameworks/SearchKit.framework/Versions/A/SearchKit
0x00000000018f2000 	/System/Library/Frameworks/CoreServices.framework/Versions/A/Frameworks/AE.framework/Versions/A/AE
0x00000000018f2000 	/System/Library/Frameworks/CoreServices.framework/Versions/A/Frameworks/LaunchServices.framework/Versions/A/LaunchServices
0x00000000018f2000 	/System/Library/Frameworks/CoreServices.framework/Versions/A/Frameworks/DictionaryServices.framework/Versions/A/DictionaryServices
0x00000000018f2000 	/System/Library/Frameworks/NetFS.framework/Versions/A/NetFS
0x00000000018f2000 	/System/Library/PrivateFrameworks/NetAuth.framework/Versions/A/NetAuth
0x00000000018f2000 	/System/Library/PrivateFrameworks/login.framework/Versions/A/Frameworks/loginsupport.framework/Versions/A/loginsupport
0x00000000018f2000 	/System/Library/PrivateFrameworks/TCC.framework/Versions/A/TCC
0x00000000018f2000 	/usr/lib/libmecabra.dylib
0x00000000018f2000 	/System/Library/PrivateFrameworks/LanguageModeling.framework/Versions/A/LanguageModeling
0x00000000018f2000 	/usr/lib/libcmph.dylib
0x00000000018f2000 	/usr/lib/libiconv.2.dylib
0x00000000018f2000 	/System/Library/Frameworks/OpenDirectory.framework/Versions/A/Frameworks/CFOpenDirectory.framework/Versions/A/CFOpenDirectory
0x00000000018f2000 	/System/Library/Frameworks/ServiceManagement.framework/Versions/A/ServiceManagement
0x00000000018f2000 	/usr/lib/libxslt.1.dylib
0x00000000018f2000 	/System/Library/Frameworks/Carbon.framework/Versions/A/Frameworks/Ink.framework/Versions/A/Ink
0x00000000018f2000 	/System/Library/Frameworks/ApplicationServices.framework/Versions/A/Frameworks/ATS.framework/Versions/A/ATS
0x00000000018f2000 	/System/Library/Frameworks/ApplicationServices.framework/Versions/A/Frameworks/ColorSync.framework/Versions/A/ColorSync
0x00000000018f2000 	/System/Library/Frameworks/ApplicationServices.framework/Versions/A/Frameworks/HIServices.framework/Versions/A/HIServices
0x00000000018f2000 	/System/Library/Frameworks/ApplicationServices.framework/Versions/A/Frameworks/LangAnalysis.framework/Versions/A/LangAnalysis
0x00000000018f2000 	/System/Library/Frameworks/ApplicationServices.framework/Versions/A/Frameworks/PrintCore.framework/Versions/A/PrintCore
0x00000000018f2000 	/System/Library/Frameworks/ApplicationServices.framework/Versions/A/Frameworks/QD.framework/Versions/A/QD
0x00000000018f2000 	/System/Library/Frameworks/ApplicationServices.framework/Versions/A/Frameworks/SpeechSynthesis.framework/Versions/A/SpeechSynthesis
0x00000000018f2000 	/System/Library/Frameworks/Accelerate.framework/Versions/A/Accelerate
0x00000000018f2000 	/System/Library/Frameworks/Accelerate.framework/Versions/A/Frameworks/vImage.framework/Versions/A/vImage
0x00000000018f2000 	/System/Library/Frameworks/Accelerate.framework/Versions/A/Frameworks/vecLib.framework/Versions/A/vecLib
0x00000000018f2000 	/System/Library/Frameworks/Accelerate.framework/Versions/A/Frameworks/vecLib.framework/Versions/A/libvDSP.dylib
0x00000000018f2000 	/System/Library/Frameworks/Accelerate.framework/Versions/A/Frameworks/vecLib.framework/Versions/A/libvMisc.dylib
0x00000000018f2000 	/System/Library/Frameworks/Accelerate.framework/Versions/A/Frameworks/vecLib.framework/Versions/A/libLAPACK.dylib
0x00000000018f2000 	/System/Library/Frameworks/Accelerate.framework/Versions/A/Frameworks/vecLib.framework/Versions/A/libBLAS.dylib
0x00000000018f2000 	/System/Library/Frameworks/Accelerate.framework/Versions/A/Frameworks/vecLib.framework/Versions/A/libLinearAlgebra.dylib
0x00000000018f2000 	/System/Library/Frameworks/ApplicationServices.framework/Versions/A/Frameworks/ATS.framework/Versions/A/Resources/libFontParser.dylib
0x00000000018f2000 	/System/Library/Frameworks/ApplicationServices.framework/Versions/A/Frameworks/ATS.framework/Versions/A/Resources/libFontRegistry.dylib
0x00000000018f2000 	/System/Library/PrivateFrameworks/AppleVPA.framework/Versions/A/AppleVPA
0x00000000018f2000 	/System/Library/PrivateFrameworks/AppleJPEG.framework/Versions/A/AppleJPEG
0x00000000018f2000 	/System/Library/Frameworks/ImageIO.framework/Versions/A/Resources/libJPEG.dylib
0x00000000018f2000 	/System/Library/Frameworks/ImageIO.framework/Versions/A/Resources/libTIFF.dylib
0x00000000018f2000 	/System/Library/Frameworks/ImageIO.framework/Versions/A/Resources/libPng.dylib
0x00000000018f2000 	/System/Library/Frameworks/ImageIO.framework/Versions/A/Resources/libGIF.dylib
0x00000000018f2000 	/System/Library/Frameworks/ImageIO.framework/Versions/A/Resources/libJP2.dylib
0x00000000018f2000 	/System/Library/Frameworks/ImageIO.framework/Versions/A/Resources/libRadiance.dylib
0x00000000018f2000 	/System/Library/Frameworks/CoreVideo.framework/Versions/A/CoreVideo
0x00000000018f2000 	/System/Library/Frameworks/OpenGL.framework/Versions/A/Libraries/libGLU.dylib
0x00000000018f2000 	/System/Library/Frameworks/OpenGL.framework/Versions/A/Libraries/libGFXShared.dylib
0x00000000018f2000 	/System/Library/Frameworks/OpenGL.framework/Versions/A/Libraries/libGL.dylib
0x00000000018f2000 	/System/Library/Frameworks/OpenGL.framework/Versions/A/Libraries/libGLImage.dylib
0x00000000018f2000 	/System/Library/Frameworks/OpenGL.framework/Versions/A/Libraries/libCVMSPluginSupport.dylib
0x00000000018f2000 	/System/Library/Frameworks/OpenGL.framework/Versions/A/Libraries/libCoreVMClient.dylib
0x00000000018f2000 	/usr/lib/libcups.2.dylib
0x00000000018f2000 	/System/Library/Frameworks/Kerberos.framework/Versions/A/Kerberos
0x00000000018f2000 	/System/Library/Frameworks/GSS.framework/Versions/A/GSS
0x00000000018f2000 	/usr/lib/libresolv.9.dylib
0x00000000018f2000 	/System/Library/PrivateFrameworks/Heimdal.framework/Versions/A/Heimdal
0x00000000018f2000 	/usr/lib/libheimdal-asn1.dylib
0x00000000018f2000 	/System/Library/Frameworks/OpenDirectory.framework/Versions/A/OpenDirectory
0x00000000018f2000 	/System/Library/PrivateFrameworks/CommonAuth.framework/Versions/A/CommonAuth
0x00000000018f2000 	/System/Library/Frameworks/SecurityFoundation.framework/Versions/A/SecurityFoundation
0x00000000018f2000 	/System/Library/Frameworks/QuartzCore.framework/Versions/A/Frameworks/CoreImage.framework/Versions/A/CoreImage
0x00000000018f2000 	/System/Library/PrivateFrameworks/CrashReporterSupport.framework/Versions/A/CrashReporterSupport
0x00000000018f2000 	/System/Library/Frameworks/OpenCL.framework/Versions/A/OpenCL
0x00000000018f2000 	/System/Library/PrivateFrameworks/FaceCore.framework/Versions/A/FaceCore
0x00000000018f2000 	/System/Library/PrivateFrameworks/Ubiquity.framework/Versions/A/Ubiquity
0x00000000018f2000 	/System/Library/PrivateFrameworks/IconServices.framework/Versions/A/IconServices
0x00000000018f2000 	/System/Library/PrivateFrameworks/ChunkingLibrary.framework/Versions/A/ChunkingLibrary
0x00000000018f2000 	/System/Library/PrivateFrameworks/Apple80211.framework/Versions/A/Apple80211
0x00000000018f2000 	/System/Library/Frameworks/CoreWLAN.framework/Versions/A/CoreWLAN
0x00000000018f2000 	/System/Library/Frameworks/IOBluetooth.framework/Versions/A/IOBluetooth
0x00000000018f2000 	/System/Library/PrivateFrameworks/CoreWiFi.framework/Versions/A/CoreWiFi
0x00000000018f2000 	/System/Library/Frameworks/CoreBluetooth.framework/Versions/A/CoreBluetooth
0x00000000018f2000 	/System/Library/PrivateFrameworks/DebugSymbols.framework/Versions/A/DebugSymbols
0x00000000018f2000 	/System/Library/PrivateFrameworks/CoreSymbolication.framework/Versions/A/CoreSymbolication
0x00000000018f2000 	/System/Library/PrivateFrameworks/Symbolication.framework/Versions/A/Symbolication
0x00000000018f2000 	/System/Library/PrivateFrameworks/SpeechRecognitionCore.framework/Versions/A/SpeechRecognitionCore
0x0000000103e00000 	/Library/Java/JavaVirtualMachines/jdk1.8.0_25.jdk/Contents/Home/jre/lib/server/libjvm.dylib
0x00000000018f2000 	/usr/lib/libstdc++.6.dylib
0x0000000102da2000 	/Library/Java/JavaVirtualMachines/jdk1.8.0_25.jdk/Contents/Home/jre/lib/libverify.dylib
0x0000000102db0000 	/Library/Java/JavaVirtualMachines/jdk1.8.0_25.jdk/Contents/Home/jre/lib/libjava.dylib
0x0000000102dee000 	/Library/Java/JavaVirtualMachines/jdk1.8.0_25.jdk/Contents/Home/jre/lib/libzip.dylib
0x00000001209f2000 	/System/Library/Frameworks/JavaVM.framework/Frameworks/JavaRuntimeSupport.framework/JavaRuntimeSupport
0x0000000120a0a000 	/System/Library/Frameworks/JavaVM.framework/Versions/A/Frameworks/JavaNativeFoundation.framework/Versions/A/JavaNativeFoundation
0x0000000120a1f000 	/System/Library/Frameworks/JavaVM.framework/Versions/A/JavaVM
0x00000000018f2000 	/System/Library/Frameworks/Carbon.framework/Versions/A/Carbon
0x0000000120a2c000 	/System/Library/PrivateFrameworks/JavaLaunching.framework/Versions/A/JavaLaunching
0x00000000018f2000 	/System/Library/Frameworks/Carbon.framework/Versions/A/Frameworks/CommonPanels.framework/Versions/A/CommonPanels
0x00000000018f2000 	/System/Library/Frameworks/Carbon.framework/Versions/A/Frameworks/Help.framework/Versions/A/Help
0x00000000018f2000 	/System/Library/Frameworks/Carbon.framework/Versions/A/Frameworks/ImageCapture.framework/Versions/A/ImageCapture
0x00000000018f2000 	/System/Library/Frameworks/Carbon.framework/Versions/A/Frameworks/OpenScripting.framework/Versions/A/OpenScripting
0x00000000018f2000 	/System/Library/Frameworks/Carbon.framework/Versions/A/Frameworks/Print.framework/Versions/A/Print
0x00000000018f2000 	/System/Library/Frameworks/Carbon.framework/Versions/A/Frameworks/SecurityHI.framework/Versions/A/SecurityHI
0x00000001229a3000 	/Library/Java/JavaVirtualMachines/jdk1.8.0_25.jdk/Contents/Home/jre/lib/libawt.dylib
0x0000000122a52000 	/Library/Java/JavaVirtualMachines/jdk1.8.0_25.jdk/Contents/Home/jre/lib/./libmlib_image.dylib
0x0000000122b1e000 	/Library/Java/JavaVirtualMachines/jdk1.8.0_25.jdk/Contents/Home/jre/lib/libawt_lwawt.dylib
0x0000000122bd1000 	/Library/Java/JavaVirtualMachines/jdk1.8.0_25.jdk/Contents/Home/jre/lib/./libosxapp.dylib
0x00000000018f2000 	/System/Library/Frameworks/ExceptionHandling.framework/Versions/A/ExceptionHandling
0x00000000018f2000 	/System/Library/PrivateFrameworks/CoreServicesInternal.framework/Versions/A/CoreServicesInternal
0x00000000018f2000 	/System/Library/PrivateFrameworks/CloudDocs.framework/Versions/A/CloudDocs
0x00000000018f2000 	/System/Library/PrivateFrameworks/CoreDuet.framework/Versions/A/CoreDuet
0x00000000018f2000 	/System/Library/Frameworks/CloudKit.framework/Versions/A/CloudKit
0x00000000018f2000 	/System/Library/PrivateFrameworks/ProtocolBuffer.framework/Versions/A/ProtocolBuffer
0x00000000018f2000 	/System/Library/PrivateFrameworks/CoreDuetDaemonProtocol.framework/Versions/A/CoreDuetDaemonProtocol
0x00000000018f2000 	/System/Library/PrivateFrameworks/CoreDuetDebugLogging.framework/Versions/A/CoreDuetDebugLogging
0x00000000018f2000 	/System/Library/Frameworks/CoreLocation.framework/Versions/A/CoreLocation
0x00000000018f2000 	/System/Library/Frameworks/Accounts.framework/Versions/A/Accounts
0x00000000018f2000 	/System/Library/PrivateFrameworks/ApplePushService.framework/Versions/A/ApplePushService
0x00000000018f2000 	/System/Library/PrivateFrameworks/GeoServices.framework/Versions/A/GeoServices
0x00000000018f2000 	/System/Library/PrivateFrameworks/OAuth.framework/Versions/A/OAuth
0x00000000018f2000 	/System/Library/PrivateFrameworks/CoreDaemon.framework/Versions/B/CoreDaemon
0x00000000018f2000 	/usr/lib/libcrypto.0.9.8.dylib
0x00000000018f2000 	/System/Library/PrivateFrameworks/AppleSRP.framework/Versions/A/AppleSRP
0x00000000018f2000 	/System/Library/PrivateFrameworks/TrustEvaluationAgent.framework/Versions/A/TrustEvaluationAgent
0x00000000018f2000 	/System/Library/Frameworks/CoreGraphics.framework/Versions/A/Resources/libCGCMS.A.dylib
0x00000000018f2000 	/System/Library/Frameworks/CoreGraphics.framework/Versions/A/Resources/libRIP.A.dylib
0x00000000018f2000 	/System/Library/Frameworks/CoreGraphics.framework/Versions/A/Resources/libCGXType.A.dylib
0x00000000018f2000 	/System/Library/Frameworks/OpenCL.framework/Versions/A/Libraries/libcldcpuengine.dylib
0x00000000018f2000 	/System/Library/PrivateFrameworks/DiskImages.framework/Versions/A/DiskImages
0x00000000018f2000 	/System/Library/Frameworks/DiscRecording.framework/Versions/A/DiscRecording
0x00000000018f2000 	/usr/lib/libcsfde.dylib
0x00000000018f2000 	/usr/lib/libcurl.4.dylib
0x00000000018f2000 	/System/Library/PrivateFrameworks/MediaKit.framework/Versions/A/MediaKit
0x00000000018f2000 	/System/Library/PrivateFrameworks/ProtectedCloudStorage.framework/Versions/A/ProtectedCloudStorage
0x00000000018f2000 	/usr/lib/libCoreStorage.dylib
0x00000000018f2000 	/System/Library/PrivateFrameworks/EFILogin.framework/Versions/A/EFILogin
0x00000000018f2000 	/usr/lib/libutil.dylib
0x00000000018f2000 	/System/Library/PrivateFrameworks/FindMyDevice.framework/Versions/A/FindMyDevice
0x00000000018f2000 	/System/Library/Frameworks/LDAP.framework/Versions/A/LDAP
0x00000000018f2000 	/usr/lib/libsasl2.2.dylib
0x0000000125d3b000 	cl_kernels
0x0000000125d3d000 	/System/Library/Frameworks/OpenCL.framework/Versions/A/Libraries/ImageFormats/unorm8_bgra.dylib
0x0000000125d2d000 	cl_kernels
0x00000000018f2000 	/System/Library/PrivateFrameworks/FamilyControls.framework/Versions/A/FamilyControls
0x00000000018f2000 	/System/Library/PrivateFrameworks/CommerceKit.framework/Versions/A/Frameworks/CommerceCore.framework/Versions/A/CommerceCore
0x00000000018f2000 	/System/Library/PrivateFrameworks/SystemAdministration.framework/Versions/A/SystemAdministration
0x00000000018f2000 	/System/Library/PrivateFrameworks/AppContainer.framework/Versions/A/AppContainer
0x00000000018f2000 	/System/Library/PrivateFrameworks/SecCodeWrapper.framework/Versions/A/SecCodeWrapper
0x00000000018f2000 	/System/Library/Frameworks/DirectoryService.framework/Versions/A/DirectoryService
0x00000000018f2000 	/System/Library/PrivateFrameworks/LoginUIKit.framework/Versions/A/Frameworks/LoginUICore.framework/Versions/A/LoginUICore
0x00000000018f2000 	/usr/lib/libodfde.dylib
0x0000000127165000 	/Library/Java/JavaVirtualMachines/jdk1.8.0_25.jdk/Contents/Home/jre/lib/libfontmanager.dylib
0x00000001271cc000 	/Users/raymondelooff/Documents/workspace/The-World-Of-Zuul/lib/lwjgl/native/macosx/liblwjgl.jnilib
0x000000012519d000 	/Library/Java/JavaVirtualMachines/jdk1.8.0_25.jdk/Contents/Home/jre/lib/libjawt.dylib
0x00000000018f2000 	/System/Library/Frameworks/OpenGL.framework/Versions/A/Resources/GLEngine.bundle/GLEngine
0x00000000018f2000 	/System/Library/Frameworks/OpenGL.framework/Versions/A/Libraries/libGLProgrammability.dylib
0x0000000000000000 	/System/Library/Extensions/AppleIntelHD5000GraphicsGLDriver.bundle/Contents/MacOS/AppleIntelHD5000GraphicsGLDriver
0x00000000018f2000 	/System/Library/PrivateFrameworks/IOAccelerator.framework/Versions/A/IOAccelerator
0x00000000018f2000 	/System/Library/PrivateFrameworks/GPUSupport.framework/Versions/A/Libraries/libGPUSupportMercury.dylib
0x0000000000000000 	/System/Library/Extensions/GeForceGLDriver.bundle/Contents/MacOS/GeForceGLDriver
0x00000000018f2000 	/System/Library/Extensions/GeForceGLDriver.bundle/Contents/MacOS/libclh.dylib
0x00000000018f2000 	/System/Library/Frameworks/OpenGL.framework/Versions/A/Resources/GLRendererFloat.bundle/GLRendererFloat
0x000000012c3d4000 	/Users/raymondelooff/Documents/workspace/The-World-Of-Zuul/lib/lwjgl/native/macosx/openal.dylib
0x000000012c458000 	/System/Library/Components/CoreAudio.component/Contents/MacOS/CoreAudio
0x000000012c72d000 	/System/Library/Extensions/AppleHDA.kext/Contents/PlugIns/AppleHDAHALPlugIn.bundle/Contents/MacOS/AppleHDAHALPlugIn

VM Arguments:
jvm_args: -Djava.library.path=/Users/raymondelooff/Documents/workspace/The-World-Of-Zuul/lib/lwjgl/native/macosx -Dfile.encoding=UTF-8 
java_command: nl.corebooster.setup.Game
java_class_path (initial): /Users/raymondelooff/Documents/workspace/The-World-Of-Zuul/bin:/Users/raymondelooff/Documents/workspace/The-World-Of-Zuul/lib/lwjgl/jar/lwjgl.jar:/Users/raymondelooff/Documents/workspace/The-World-Of-Zuul/lib/slick/lib/slick.jar:/Users/raymondelooff/Documents/workspace/The-World-Of-Zuul/lib/slick/lib/jogg-0.0.7.jar:/Users/raymondelooff/Documents/workspace/The-World-Of-Zuul/lib/slick/lib/jorbis-0.0.15.jar
Launcher Type: SUN_STANDARD

Environment Variables:
PATH=/usr/bin:/bin:/usr/sbin:/sbin
SHELL=/bin/bash
DISPLAY=/private/tmp/com.apple.launchd.Cid8vJKPQV/org.macosforge.xquartz:0

Signal Handlers:
SIGSEGV: [libjvm.dylib+0x579dc7], sa_mask[0]=11111111011111110111111111111111, sa_flags=SA_ONSTACK|SA_RESTART|SA_SIGINFO
SIGBUS: [libjvm.dylib+0x579dc7], sa_mask[0]=11111111011111110111111111111111, sa_flags=SA_RESTART|SA_SIGINFO
SIGFPE: [libjvm.dylib+0x45b030], sa_mask[0]=11111111011111110111111111111111, sa_flags=SA_RESTART|SA_SIGINFO
SIGPIPE: [libjvm.dylib+0x45b030], sa_mask[0]=11111111011111110111111111111111, sa_flags=SA_RESTART|SA_SIGINFO
SIGXFSZ: [libjvm.dylib+0x45b030], sa_mask[0]=11111111011111110111111111111111, sa_flags=SA_RESTART|SA_SIGINFO
SIGILL: [libjvm.dylib+0x45b030], sa_mask[0]=11111111011111110111111111111111, sa_flags=SA_RESTART|SA_SIGINFO
SIGUSR1: SIG_DFL, sa_mask[0]=00000000000000000000000000000000, sa_flags=none
SIGUSR2: [libjvm.dylib+0x45ab4e], sa_mask[0]=00100000000000000000000000000000, sa_flags=SA_RESTART|SA_SIGINFO
SIGHUP: [libjvm.dylib+0x459121], sa_mask[0]=11111111011111110111111111111111, sa_flags=SA_RESTART|SA_SIGINFO
SIGINT: [libjvm.dylib+0x459121], sa_mask[0]=11111111011111110111111111111111, sa_flags=SA_RESTART|SA_SIGINFO
SIGTERM: [libjvm.dylib+0x459121], sa_mask[0]=11111111011111110111111111111111, sa_flags=SA_RESTART|SA_SIGINFO
SIGQUIT: [libjvm.dylib+0x459121], sa_mask[0]=11111111011111110111111111111111, sa_flags=SA_RESTART|SA_SIGINFO


---------------  S Y S T E M  ---------------

OS:Bsduname:Darwin 14.0.0 Darwin Kernel Version 14.0.0: Fri Sep 19 00:26:44 PDT 2014; root:xnu-2782.1.97~2/RELEASE_X86_64 x86_64
rlimit: STACK 8192k, CORE 0k, NPROC 709, NOFILE 10240, AS infinity
load average:1.58 1.58 1.65

CPU:total 8 (4 cores per cpu, 2 threads per core) family 6 model 70 stepping 1, cmov, cx8, fxsr, mmx, sse, sse2, sse3, ssse3, sse4.1, sse4.2, popcnt, avx, avx2, aes, clmul, erms, rtm, lzcnt, ht, tsc, tscinvbit, bmi1, bmi2

Memory: 4k page, physical 16777216k(266724k free)

/proc/meminfo:


vm_info: Java HotSpot(TM) 64-Bit Server VM (25.25-b02) for bsd-amd64 JRE (1.8.0_25-b17), built on Sep 17 2014 16:56:50 by "java_re" with gcc 4.2.1 (Based on Apple Inc. build 5658) (LLVM build 2336.11.00)

time: Thu Jan 15 13:06:15 2015
elapsed time: 50 seconds (0d 0h 0m 50s)

