#
# A fatal error has been detected by the Java Runtime Environment:
#
#  SIGSEGV (0xb) at pc=0x00007fff900080dd, pid=26372, tid=1811
#
# JRE version: Java(TM) SE Runtime Environment (8.0_25-b17) (build 1.8.0_25-b17)
# Java VM: Java HotSpot(TM) 64-Bit Server VM (25.25-b02 mixed mode bsd-amd64 compressed oops)
# Problematic frame:
# C  [libobjc.A.dylib+0x10dd]  objc_msgSend+0x1d
#
# Failed to write core dump. Core dumps have been disabled. To enable core dumping, try "ulimit -c unlimited" before starting Java again
#
# If you would like to submit a bug report, please visit:
#   http://bugreport.sun.com/bugreport/crash.jsp
# The crash happened outside the Java Virtual Machine in native code.
# See problematic frame for where to report the bug.
#

---------------  T H R E A D  ---------------

Current thread (0x00007fe6240a7800):  JavaThread "AppKit Thread" daemon [_thread_in_native, id=1811, stack(0x00007fff58823000,0x00007fff59023000)]

siginfo: si_signo: 11 (SIGSEGV), si_code: 1 (SEGV_MAPERR), si_addr: 0x000007fe62257ef8

Registers:
RAX=0x0000000000000000, RBX=0x00007fe6225752e0, RCX=0x0000000000000000, RDX=0x00007fe6224466a0
RSP=0x00007fff5901d938, RBP=0x00007fff5901d960, RSI=0x00007fff93af2b42, RDI=0x00007fe6225752e0
R8 =0x0000000000000001, R9 =0x0000000000000001, R10=0x00007fff93af2b42, R11=0x000007fe62257ee0
R12=0x00007fe6224466a0, R13=0x00007fe622743450, R14=0x00007fe6224188e0, R15=0x0000000000000094
RIP=0x00007fff900080dd, EFLAGS=0x0000000000010202, ERR=0x0000000000000004
  TRAPNO=0x000000000000000e

Top of Stack: (sp=0x00007fff5901d938)
0x00007fff5901d938:   0000000132875f4e 00007fe6224466a0
0x00007fff5901d948:   00000001328a9cb8 00007fe622743450
0x00007fff5901d958:   00007fe6224466a0 00007fff5901dbe0
0x00007fff5901d968:   00007fff93279238 0000000000000000
0x00007fff5901d978:   0000000000000000 408e000000000000
0x00007fff5901d988:   4080e00000000000 0000000000000000
0x00007fff5901d998:   0000000000000000 408e000000000000
0x00007fff5901d9a8:   4080e00000000000 0000000000000000
0x00007fff5901d9b8:   0000000000000000 000000005901dab0
0x00007fff5901d9c8:   00007fff5901da00 00007fff5901da00
0x00007fff5901d9d8:   0000000000000001 0000000000000000
0x00007fff5901d9e8:   0000000000000000 408e000000000000
0x00007fff5901d9f8:   4080e00000000000 0000000000000000
0x00007fff5901da08:   408e000000000000 0000000000000000
0x00007fff5901da18:   0000000000000000 0000000000000000
0x00007fff5901da28:   408e000000000000 4080e00000000000
0x00007fff5901da38:   3f70000000000000 3f70000000000000
0x00007fff5901da48:   408dfff000000000 4080dff000000000
0x00007fff5901da58:   0000000000000000 0000000000000000
0x00007fff5901da68:   408e000000000000 4080e00000000000
0x00007fff5901da78:   00007fe62268d560 0000000000000000
0x00007fff5901da88:   0000000000000088 00007fff5901db00
0x00007fff5901da98:   00007fff5901e0d0 00007fff5901daf0
0x00007fff5901daa8:   00007fff862c6b03 0000000000000000
0x00007fff5901dab8:   0000000000000000 408e000000000000
0x00007fff5901dac8:   4080e00000000000 000003c00000021c
0x00007fff5901dad8:   0000000000000000 00007fe62266e4b0
0x00007fff5901dae8:   00007fff5901dbf0 0000000000000000
0x00007fff5901daf8:   0000000000000000 408e000000000000
0x00007fff5901db08:   4080e00000000000 408e000000000000
0x00007fff5901db18:   4080e00000000000 00007fff5901dbe0
0x00007fff5901db28:   00007fff9318804f 00007fff5901dbe0 

Instructions: (pc=0x00007fff900080dd)
0x00007fff900080bd:   00 00 00 48 85 ff 2e 74 7a 40 f6 c7 01 2e 75 7e
0x00007fff900080cd:   49 bb f8 ff ff ff ff 7f 00 00 4c 23 1f 49 89 f2
0x00007fff900080dd:   45 23 53 18 49 c1 e2 04 4d 03 53 10 49 3b 32 75
0x00007fff900080ed:   04 41 ff 62 08 49 83 3a 00 74 6a 4d 3b 53 10 74 

Register to memory mapping:

RAX=0x0000000000000000 is an unknown value
RBX=0x00007fe6225752e0 is an unknown value
RCX=0x0000000000000000 is an unknown value
RDX=0x00007fe6224466a0 is an unknown value
RSP=0x00007fff5901d938 is pointing into the stack for thread: 0x00007fe6240a7800
RBP=0x00007fff5901d960 is pointing into the stack for thread: 0x00007fe6240a7800
RSI=0x00007fff93af2b42: -[NSTitlebarContainerView shouldRoundCorners]+0x5c5a4 in /System/Library/Frameworks/AppKit.framework/Versions/C/AppKit at 0x00007fff93129000
RDI=0x00007fe6225752e0 is an unknown value
R8 =0x0000000000000001 is an unknown value
R9 =0x0000000000000001 is an unknown value
R10=0x00007fff93af2b42: -[NSTitlebarContainerView shouldRoundCorners]+0x5c5a4 in /System/Library/Frameworks/AppKit.framework/Versions/C/AppKit at 0x00007fff93129000
R11=0x000007fe62257ee0 is an unknown value
R12=0x00007fe6224466a0 is an unknown value
R13=0x00007fe622743450 is an unknown value
R14=0x00007fe6224188e0 is an unknown value
R15=0x0000000000000094 is an unknown value


Stack: [0x00007fff58823000,0x00007fff59023000],  sp=0x00007fff5901d938,  free space=8170k
Native frames: (J=compiled Java code, j=interpreted, Vv=VM code, C=native code)
C  [libobjc.A.dylib+0x10dd]  objc_msgSend+0x1d
C  [AppKit+0x150238]  -[NSView _recursiveDisplayAllDirtyWithLockFocus:visRect:]+0x461
C  [AppKit+0x14e3c6]  -[NSView _recursiveDisplayRectIfNeededIgnoringOpacity:isVisibleRect:rectIsVisibleRectForView:topView:]+0x391
C  [AppKit+0x14f7d0]  -[NSView _recursiveDisplayRectIfNeededIgnoringOpacity:isVisibleRect:rectIsVisibleRectForView:topView:]+0x179b
C  [AppKit+0x14db23]  -[NSThemeFrame _recursiveDisplayRectIfNeededIgnoringOpacity:isVisibleRect:rectIsVisibleRectForView:topView:]+0x14d
C  [AppKit+0x14a67b]  -[NSView _displayRectIgnoringOpacity:isVisibleRect:rectIsVisibleRectForView:]+0xac9
C  [AppKit+0x12907a]  -[NSView displayIfNeeded]+0x754
C  [AppKit+0x146575]  -[NSWindow displayIfNeeded]+0xe8
C  [AppKit+0x183772]  _handleWindowNeedsDisplayOrLayoutOrUpdateConstraints+0x3a8
C  [AppKit+0x748cf1]  __83-[NSWindow _postWindowNeedsDisplayOrLayoutOrUpdateConstraintsUnlessPostingDisabled]_block_invoke1523+0x2e
C  [CoreFoundation+0x7fd87]  __CFRUNLOOP_IS_CALLING_OUT_TO_AN_OBSERVER_CALLBACK_FUNCTION__+0x17
C  [CoreFoundation+0x7fce0]  __CFRunLoopDoObservers+0x170
C  [CoreFoundation+0x71de8]  __CFRunLoopRun+0x368
C  [CoreFoundation+0x71838]  CFRunLoopRunSpecific+0x128
C  [HIToolbox+0x2e43f]  RunCurrentEventLoopInMode+0xeb
C  [HIToolbox+0x2e1ba]  ReceiveNextEventCommon+0x1af
C  [HIToolbox+0x2dffb]  _BlockUntilNextEventMatchingListInModeWithFilter+0x47
C  [AppKit+0x246d1]  _DPSNextEvent+0x3c4
C  [AppKit+0x23e80]  -[NSApplication nextEventMatchingMask:untilDate:inMode:dequeue:]+0xc2
C  [libosxapp.dylib+0x242a]  -[NSApplicationAWT nextEventMatchingMask:untilDate:inMode:dequeue:]+0x7c
C  [AppKit+0x17e23]  -[NSApplication run]+0x252
C  [libosxapp.dylib+0x223e]  +[NSApplicationAWT runAWTLoopWithApp:]+0x9c
C  [libawt_lwawt.dylib+0x4494f]  -[AWTStarter starter:]+0x389
C  [Foundation+0x65f4c]  __NSThreadPerformPerform+0x125
C  [CoreFoundation+0x80661]  __CFRUNLOOP_IS_CALLING_OUT_TO_A_SOURCE0_PERFORM_FUNCTION__+0x11
C  [CoreFoundation+0x727ed]  __CFRunLoopDoSources0+0x10d
C  [CoreFoundation+0x71e1f]  __CFRunLoopRun+0x39f
C  [CoreFoundation+0x71838]  CFRunLoopRunSpecific+0x128
C  [java+0x56cc]  CreateExecutionEnvironment+0x367
C  [java+0x165c]  JLI_Launch+0x7a0
C  [java+0x768a]  main+0x65
C  [java+0xeb4]  start+0x34
C  0x0000000000000006


---------------  P R O C E S S  ---------------

Java Threads: ( => current thread )
  0x00007fe6240f6000 JavaThread "AWT-Shutdown" [_thread_blocked, id=28435, stack(0x000000012fd57000,0x000000012fe57000)]
=>0x00007fe6240a7800 JavaThread "AppKit Thread" daemon [_thread_in_native, id=1811, stack(0x00007fff58823000,0x00007fff59023000)]
  0x00007fe624017000 JavaThread "Service Thread" daemon [_thread_blocked, id=17923, stack(0x000000012e225000,0x000000012e325000)]
  0x00007fe623832800 JavaThread "C1 CompilerThread2" daemon [_thread_blocked, id=17411, stack(0x000000012e122000,0x000000012e222000)]
  0x00007fe623812000 JavaThread "C2 CompilerThread1" daemon [_thread_blocked, id=16899, stack(0x000000012e01f000,0x000000012e11f000)]
  0x00007fe623030800 JavaThread "C2 CompilerThread0" daemon [_thread_blocked, id=16387, stack(0x000000012df1c000,0x000000012e01c000)]
  0x00007fe624037800 JavaThread "Signal Dispatcher" daemon [_thread_blocked, id=12811, stack(0x000000012de19000,0x000000012df19000)]
  0x00007fe623808800 JavaThread "Finalizer" daemon [_thread_blocked, id=11011, stack(0x000000012c567000,0x000000012c667000)]
  0x00007fe623804800 JavaThread "Reference Handler" daemon [_thread_blocked, id=10499, stack(0x000000012c464000,0x000000012c564000)]
  0x00007fe622805000 JavaThread "main" [_thread_in_native, id=3331, stack(0x0000000107bf8000,0x0000000107cf8000)]

Other Threads:
  0x00007fe624035000 VMThread [stack: 0x000000012c361000,0x000000012c461000] [id=9987]
  0x00007fe62303a000 WatcherThread [stack: 0x000000012e328000,0x000000012e428000] [id=18435]

VM state:not at safepoint (normal execution)

VM Mutex/Monitor currently owned by a thread: None

Heap:
 PSYoungGen      total 153088K, used 15790K [0x0000000715580000, 0x0000000720000000, 0x00000007c0000000)
  eden space 131584K, 12% used [0x0000000715580000,0x00000007164ebb10,0x000000071d600000)
  from space 21504K, 0% used [0x000000071eb00000,0x000000071eb00000,0x0000000720000000)
  to   space 21504K, 0% used [0x000000071d600000,0x000000071d600000,0x000000071eb00000)
 ParOldGen       total 349696K, used 0K [0x00000005c0000000, 0x00000005d5580000, 0x0000000715580000)
  object space 349696K, 0% used [0x00000005c0000000,0x00000005c0000000,0x00000005d5580000)
 Metaspace       used 6358K, capacity 6485K, committed 6656K, reserved 1056768K
  class space    used 640K, capacity 693K, committed 768K, reserved 1048576K

Card table byte_map: [0x00000001179c0000,0x00000001189c1000] byte_map_base: 0x0000000114bc0000

Marking Bits: (ParMarkBitMap*) 0x0000000107578390
 Begin Bits: [0x0000000119878000, 0x0000000121878000)
 End Bits:   [0x0000000121878000, 0x0000000129878000)

Polling page: 0x0000000107d3c000

CodeCache: size=245760Kb used=2152Kb max_used=2164Kb free=243607Kb
 bounds [0x0000000108600000, 0x0000000108870000, 0x0000000117600000]
 total_blobs=847 nmethods=464 adapters=298
 compilation: enabled

Compilation events (10 events):
Event: 1.135 Thread 0x00007fe623812000 nmethod 459 0x0000000108817490 code [0x00000001088175e0, 0x0000000108817678]
Event: 1.135 Thread 0x00007fe623832800 nmethod 458 0x0000000108818990 code [0x0000000108818b00, 0x0000000108818d70]
Event: 1.135 Thread 0x00007fe623812000  460       4       java.nio.Buffer::checkIndex (22 bytes)
Event: 1.135 Thread 0x00007fe623030800 nmethod 456% 0x0000000108818450 code [0x00000001088185a0, 0x0000000108818858]
Event: 1.135 Thread 0x00007fe623030800  461       4       java.nio.DirectByteBuffer::get (16 bytes)
Event: 1.135 Thread 0x00007fe623812000 nmethod 460 0x000000010881b8d0 code [0x000000010881ba20, 0x000000010881ba98]
Event: 1.136 Thread 0x00007fe623030800 nmethod 461 0x0000000108817190 code [0x00000001088172e0, 0x0000000108817378]
Event: 1.158 Thread 0x00007fe623832800  462       3       java.nio.ByteBuffer::arrayOffset (35 bytes)
Event: 1.159 Thread 0x00007fe623832800 nmethod 462 0x0000000108817c90 code [0x0000000108817e20, 0x0000000108818118]
Event: 1.173 Thread 0x00007fe623812000  463       4       java.lang.String::substring (79 bytes)

GC Heap History (0 events):
No events

Deoptimization events (0 events):
No events

Internal exceptions (10 events):
Event: 1.074 Thread 0x00007fe622805000 Exception <a 'java/security/PrivilegedActionException'> (0x0000000716321fd0) thrown at [/HUDSON3/workspace/8-2-build-macosx-x86_64/jdk8u25/1514/hotspot/src/share/vm/prims/jvm.cpp, line 1312]
Event: 1.082 Thread 0x00007fe622805000 Exception <a 'java/security/PrivilegedActionException'> (0x0000000716328990) thrown at [/HUDSON3/workspace/8-2-build-macosx-x86_64/jdk8u25/1514/hotspot/src/share/vm/prims/jvm.cpp, line 1312]
Event: 1.090 Thread 0x00007fe622805000 Exception <a 'java/security/PrivilegedActionException'> (0x0000000716344918) thrown at [/HUDSON3/workspace/8-2-build-macosx-x86_64/jdk8u25/1514/hotspot/src/share/vm/prims/jvm.cpp, line 1312]
Event: 1.096 Thread 0x00007fe622805000 Exception <a 'java/security/PrivilegedActionException'> (0x0000000716387730) thrown at [/HUDSON3/workspace/8-2-build-macosx-x86_64/jdk8u25/1514/hotspot/src/share/vm/prims/jvm.cpp, line 1312]
Event: 1.096 Thread 0x00007fe622805000 Exception <a 'java/security/PrivilegedActionException'> (0x0000000716388c40) thrown at [/HUDSON3/workspace/8-2-build-macosx-x86_64/jdk8u25/1514/hotspot/src/share/vm/prims/jvm.cpp, line 1312]
Event: 1.096 Thread 0x00007fe622805000 Exception <a 'java/lang/NoClassDefFoundError': net/java/games/input/ControllerEnvironment> (0x0000000716388e78) thrown at [/HUDSON3/workspace/8-2-build-macosx-x86_64/jdk8u25/1514/hotspot/src/share/vm/classfile/systemDictionary.cpp, line 191]
Event: 1.096 Thread 0x00007fe622805000 Exception <a 'java/security/PrivilegedActionException'> (0x000000071638ada8) thrown at [/HUDSON3/workspace/8-2-build-macosx-x86_64/jdk8u25/1514/hotspot/src/share/vm/prims/jvm.cpp, line 1312]
Event: 1.097 Thread 0x00007fe622805000 Exception <a 'java/security/PrivilegedActionException'> (0x000000071638e658) thrown at [/HUDSON3/workspace/8-2-build-macosx-x86_64/jdk8u25/1514/hotspot/src/share/vm/prims/jvm.cpp, line 1312]
Event: 1.156 Thread 0x00007fe622805000 Exception <a 'java/security/PrivilegedActionException'> (0x00000007163c8fc0) thrown at [/HUDSON3/workspace/8-2-build-macosx-x86_64/jdk8u25/1514/hotspot/src/share/vm/prims/jvm.cpp, line 1312]
Event: 1.173 Thread 0x00007fe622805000 Exception <a 'java/security/PrivilegedActionException'> (0x00000007163d66d0) thrown at [/HUDSON3/workspace/8-2-build-macosx-x86_64/jdk8u25/1514/hotspot/src/share/vm/prims/jvm.cpp, line 1312]

Events (10 events):
Event: 1.156 loading class org/newdawn/slick/Music
Event: 1.156 loading class org/newdawn/slick/Music done
Event: 1.158 loading class java/lang/Throwable$WrappedPrintStream
Event: 1.158 loading class java/lang/Throwable$PrintStreamOrWriter
Event: 1.158 loading class java/lang/Throwable$PrintStreamOrWriter done
Event: 1.158 loading class java/lang/Throwable$WrappedPrintStream done
Event: 1.158 loading class java/util/IdentityHashMap$KeySet
Event: 1.158 loading class java/util/IdentityHashMap$KeySet done
Event: 1.173 loading class org/lwjgl/opengl/CallbackUtil
Event: 1.173 loading class org/lwjgl/opengl/CallbackUtil done


Dynamic libraries:
0x0000000004aa9000 	/System/Library/Frameworks/Cocoa.framework/Versions/A/Cocoa
0x0000000004aa9000 	/System/Library/Frameworks/Security.framework/Versions/A/Security
0x0000000004aa9000 	/System/Library/Frameworks/ApplicationServices.framework/Versions/A/ApplicationServices
0x0000000004aa9000 	/usr/lib/libz.1.dylib
0x0000000004aa9000 	/usr/lib/libSystem.B.dylib
0x0000000004aa9000 	/usr/lib/libobjc.A.dylib
0x0000000004aa9000 	/System/Library/Frameworks/CoreFoundation.framework/Versions/A/CoreFoundation
0x0000000004aa9000 	/System/Library/Frameworks/Foundation.framework/Versions/C/Foundation
0x0000000004aa9000 	/System/Library/Frameworks/AppKit.framework/Versions/C/AppKit
0x0000000004aa9000 	/System/Library/Frameworks/CoreData.framework/Versions/A/CoreData
0x0000000004aa9000 	/System/Library/PrivateFrameworks/RemoteViewServices.framework/Versions/A/RemoteViewServices
0x0000000004aa9000 	/System/Library/PrivateFrameworks/UIFoundation.framework/Versions/A/UIFoundation
0x0000000004aa9000 	/System/Library/Frameworks/IOSurface.framework/Versions/A/IOSurface
0x0000000004aa9000 	/System/Library/Frameworks/AudioToolbox.framework/Versions/A/AudioToolbox
0x0000000004aa9000 	/System/Library/Frameworks/AudioUnit.framework/Versions/A/AudioUnit
0x0000000004aa9000 	/System/Library/PrivateFrameworks/DataDetectorsCore.framework/Versions/A/DataDetectorsCore
0x0000000004aa9000 	/System/Library/PrivateFrameworks/DesktopServicesPriv.framework/Versions/A/DesktopServicesPriv
0x0000000004aa9000 	/System/Library/Frameworks/Carbon.framework/Versions/A/Frameworks/HIToolbox.framework/Versions/A/HIToolbox
0x0000000004aa9000 	/System/Library/Frameworks/QuartzCore.framework/Versions/A/QuartzCore
0x0000000004aa9000 	/System/Library/Frameworks/Carbon.framework/Versions/A/Frameworks/SpeechRecognition.framework/Versions/A/SpeechRecognition
0x0000000004aa9000 	/usr/lib/libauto.dylib
0x0000000004aa9000 	/usr/lib/libicucore.A.dylib
0x0000000004aa9000 	/usr/lib/libxml2.2.dylib
0x0000000004aa9000 	/System/Library/PrivateFrameworks/CoreUI.framework/Versions/A/CoreUI
0x0000000004aa9000 	/System/Library/Frameworks/CoreAudio.framework/Versions/A/CoreAudio
0x0000000004aa9000 	/System/Library/Frameworks/DiskArbitration.framework/Versions/A/DiskArbitration
0x0000000004aa9000 	/usr/lib/liblangid.dylib
0x0000000004aa9000 	/System/Library/PrivateFrameworks/MultitouchSupport.framework/Versions/A/MultitouchSupport
0x0000000004aa9000 	/System/Library/Frameworks/IOKit.framework/Versions/A/IOKit
0x0000000004aa9000 	/usr/lib/libDiagnosticMessagesClient.dylib
0x0000000004aa9000 	/System/Library/Frameworks/CoreServices.framework/Versions/A/CoreServices
0x0000000004aa9000 	/System/Library/PrivateFrameworks/PerformanceAnalysis.framework/Versions/A/PerformanceAnalysis
0x0000000004aa9000 	/System/Library/PrivateFrameworks/GenerationalStorage.framework/Versions/A/GenerationalStorage
0x0000000004aa9000 	/System/Library/Frameworks/OpenGL.framework/Versions/A/OpenGL
0x0000000004aa9000 	/System/Library/PrivateFrameworks/Sharing.framework/Versions/A/Sharing
0x0000000004aa9000 	/System/Library/Frameworks/CoreGraphics.framework/Versions/A/CoreGraphics
0x0000000004aa9000 	/System/Library/Frameworks/CoreText.framework/Versions/A/CoreText
0x0000000004aa9000 	/System/Library/Frameworks/ImageIO.framework/Versions/A/ImageIO
0x0000000004aa9000 	/usr/lib/libextension.dylib
0x0000000004aa9000 	/System/Library/PrivateFrameworks/Backup.framework/Versions/A/Backup
0x0000000004aa9000 	/usr/lib/libarchive.2.dylib
0x0000000004aa9000 	/System/Library/Frameworks/CFNetwork.framework/Versions/A/CFNetwork
0x0000000004aa9000 	/System/Library/Frameworks/SystemConfiguration.framework/Versions/A/SystemConfiguration
0x0000000004aa9000 	/usr/lib/libCRFSuite.dylib
0x0000000004aa9000 	/usr/lib/libc++.1.dylib
0x0000000004aa9000 	/usr/lib/libc++abi.dylib
0x0000000004aa9000 	/usr/lib/system/libcache.dylib
0x0000000004aa9000 	/usr/lib/system/libcommonCrypto.dylib
0x0000000004aa9000 	/usr/lib/system/libcompiler_rt.dylib
0x0000000004aa9000 	/usr/lib/system/libcopyfile.dylib
0x0000000004aa9000 	/usr/lib/system/libcorecrypto.dylib
0x0000000004aa9000 	/usr/lib/system/libdispatch.dylib
0x0000000004aa9000 	/usr/lib/system/libdyld.dylib
0x0000000004aa9000 	/usr/lib/system/libkeymgr.dylib
0x0000000004aa9000 	/usr/lib/system/liblaunch.dylib
0x0000000004aa9000 	/usr/lib/system/libmacho.dylib
0x0000000004aa9000 	/usr/lib/system/libquarantine.dylib
0x0000000004aa9000 	/usr/lib/system/libremovefile.dylib
0x0000000004aa9000 	/usr/lib/system/libsystem_asl.dylib
0x0000000004aa9000 	/usr/lib/system/libsystem_blocks.dylib
0x0000000004aa9000 	/usr/lib/system/libsystem_c.dylib
0x0000000004aa9000 	/usr/lib/system/libsystem_configuration.dylib
0x0000000004aa9000 	/usr/lib/system/libsystem_coreservices.dylib
0x0000000004aa9000 	/usr/lib/system/libsystem_coretls.dylib
0x0000000004aa9000 	/usr/lib/system/libsystem_dnssd.dylib
0x0000000004aa9000 	/usr/lib/system/libsystem_info.dylib
0x0000000004aa9000 	/usr/lib/system/libsystem_kernel.dylib
0x0000000004aa9000 	/usr/lib/system/libsystem_m.dylib
0x0000000004aa9000 	/usr/lib/system/libsystem_malloc.dylib
0x0000000004aa9000 	/usr/lib/system/libsystem_network.dylib
0x0000000004aa9000 	/usr/lib/system/libsystem_networkextension.dylib
0x0000000004aa9000 	/usr/lib/system/libsystem_notify.dylib
0x0000000004aa9000 	/usr/lib/system/libsystem_platform.dylib
0x0000000004aa9000 	/usr/lib/system/libsystem_pthread.dylib
0x0000000004aa9000 	/usr/lib/system/libsystem_sandbox.dylib
0x0000000004aa9000 	/usr/lib/system/libsystem_secinit.dylib
0x0000000004aa9000 	/usr/lib/system/libsystem_stats.dylib
0x0000000004aa9000 	/usr/lib/system/libsystem_trace.dylib
0x0000000004aa9000 	/usr/lib/system/libunc.dylib
0x0000000004aa9000 	/usr/lib/system/libunwind.dylib
0x0000000004aa9000 	/usr/lib/system/libxpc.dylib
0x0000000004aa9000 	/usr/lib/libbz2.1.0.dylib
0x0000000004aa9000 	/usr/lib/liblzma.5.dylib
0x0000000004aa9000 	/usr/lib/libbsm.0.dylib
0x0000000004aa9000 	/usr/lib/libsqlite3.dylib
0x0000000004aa9000 	/usr/lib/system/libkxld.dylib
0x0000000004aa9000 	/usr/lib/libxar.1.dylib
0x0000000004aa9000 	/usr/lib/libpam.2.dylib
0x0000000004aa9000 	/usr/lib/libOpenScriptingUtil.dylib
0x0000000004aa9000 	/System/Library/Frameworks/CoreServices.framework/Versions/A/Frameworks/FSEvents.framework/Versions/A/FSEvents
0x0000000004aa9000 	/System/Library/Frameworks/CoreServices.framework/Versions/A/Frameworks/CarbonCore.framework/Versions/A/CarbonCore
0x0000000004aa9000 	/System/Library/Frameworks/CoreServices.framework/Versions/A/Frameworks/Metadata.framework/Versions/A/Metadata
0x0000000004aa9000 	/System/Library/Frameworks/CoreServices.framework/Versions/A/Frameworks/OSServices.framework/Versions/A/OSServices
0x0000000004aa9000 	/System/Library/Frameworks/CoreServices.framework/Versions/A/Frameworks/SearchKit.framework/Versions/A/SearchKit
0x0000000004aa9000 	/System/Library/Frameworks/CoreServices.framework/Versions/A/Frameworks/AE.framework/Versions/A/AE
0x0000000004aa9000 	/System/Library/Frameworks/CoreServices.framework/Versions/A/Frameworks/LaunchServices.framework/Versions/A/LaunchServices
0x0000000004aa9000 	/System/Library/Frameworks/CoreServices.framework/Versions/A/Frameworks/DictionaryServices.framework/Versions/A/DictionaryServices
0x0000000004aa9000 	/System/Library/Frameworks/NetFS.framework/Versions/A/NetFS
0x0000000004aa9000 	/System/Library/PrivateFrameworks/NetAuth.framework/Versions/A/NetAuth
0x0000000004aa9000 	/System/Library/PrivateFrameworks/login.framework/Versions/A/Frameworks/loginsupport.framework/Versions/A/loginsupport
0x0000000004aa9000 	/System/Library/PrivateFrameworks/TCC.framework/Versions/A/TCC
0x0000000004aa9000 	/usr/lib/libmecabra.dylib
0x0000000004aa9000 	/System/Library/PrivateFrameworks/LanguageModeling.framework/Versions/A/LanguageModeling
0x0000000004aa9000 	/usr/lib/libcmph.dylib
0x0000000004aa9000 	/usr/lib/libiconv.2.dylib
0x0000000004aa9000 	/System/Library/Frameworks/OpenDirectory.framework/Versions/A/Frameworks/CFOpenDirectory.framework/Versions/A/CFOpenDirectory
0x0000000004aa9000 	/System/Library/Frameworks/ServiceManagement.framework/Versions/A/ServiceManagement
0x0000000004aa9000 	/usr/lib/libxslt.1.dylib
0x0000000004aa9000 	/System/Library/Frameworks/Carbon.framework/Versions/A/Frameworks/Ink.framework/Versions/A/Ink
0x0000000004aa9000 	/System/Library/Frameworks/ApplicationServices.framework/Versions/A/Frameworks/ATS.framework/Versions/A/ATS
0x0000000004aa9000 	/System/Library/Frameworks/ApplicationServices.framework/Versions/A/Frameworks/ColorSync.framework/Versions/A/ColorSync
0x0000000004aa9000 	/System/Library/Frameworks/ApplicationServices.framework/Versions/A/Frameworks/HIServices.framework/Versions/A/HIServices
0x0000000004aa9000 	/System/Library/Frameworks/ApplicationServices.framework/Versions/A/Frameworks/LangAnalysis.framework/Versions/A/LangAnalysis
0x0000000004aa9000 	/System/Library/Frameworks/ApplicationServices.framework/Versions/A/Frameworks/PrintCore.framework/Versions/A/PrintCore
0x0000000004aa9000 	/System/Library/Frameworks/ApplicationServices.framework/Versions/A/Frameworks/QD.framework/Versions/A/QD
0x0000000004aa9000 	/System/Library/Frameworks/ApplicationServices.framework/Versions/A/Frameworks/SpeechSynthesis.framework/Versions/A/SpeechSynthesis
0x0000000004aa9000 	/System/Library/Frameworks/Accelerate.framework/Versions/A/Accelerate
0x0000000004aa9000 	/System/Library/Frameworks/Accelerate.framework/Versions/A/Frameworks/vImage.framework/Versions/A/vImage
0x0000000004aa9000 	/System/Library/Frameworks/Accelerate.framework/Versions/A/Frameworks/vecLib.framework/Versions/A/vecLib
0x0000000004aa9000 	/System/Library/Frameworks/Accelerate.framework/Versions/A/Frameworks/vecLib.framework/Versions/A/libvDSP.dylib
0x0000000004aa9000 	/System/Library/Frameworks/Accelerate.framework/Versions/A/Frameworks/vecLib.framework/Versions/A/libvMisc.dylib
0x0000000004aa9000 	/System/Library/Frameworks/Accelerate.framework/Versions/A/Frameworks/vecLib.framework/Versions/A/libLAPACK.dylib
0x0000000004aa9000 	/System/Library/Frameworks/Accelerate.framework/Versions/A/Frameworks/vecLib.framework/Versions/A/libBLAS.dylib
0x0000000004aa9000 	/System/Library/Frameworks/Accelerate.framework/Versions/A/Frameworks/vecLib.framework/Versions/A/libLinearAlgebra.dylib
0x0000000004aa9000 	/System/Library/Frameworks/ApplicationServices.framework/Versions/A/Frameworks/ATS.framework/Versions/A/Resources/libFontParser.dylib
0x0000000004aa9000 	/System/Library/Frameworks/ApplicationServices.framework/Versions/A/Frameworks/ATS.framework/Versions/A/Resources/libFontRegistry.dylib
0x0000000004aa9000 	/System/Library/PrivateFrameworks/AppleVPA.framework/Versions/A/AppleVPA
0x0000000004aa9000 	/System/Library/PrivateFrameworks/AppleJPEG.framework/Versions/A/AppleJPEG
0x0000000004aa9000 	/System/Library/Frameworks/ImageIO.framework/Versions/A/Resources/libJPEG.dylib
0x0000000004aa9000 	/System/Library/Frameworks/ImageIO.framework/Versions/A/Resources/libTIFF.dylib
0x0000000004aa9000 	/System/Library/Frameworks/ImageIO.framework/Versions/A/Resources/libPng.dylib
0x0000000004aa9000 	/System/Library/Frameworks/ImageIO.framework/Versions/A/Resources/libGIF.dylib
0x0000000004aa9000 	/System/Library/Frameworks/ImageIO.framework/Versions/A/Resources/libJP2.dylib
0x0000000004aa9000 	/System/Library/Frameworks/ImageIO.framework/Versions/A/Resources/libRadiance.dylib
0x0000000004aa9000 	/System/Library/Frameworks/CoreVideo.framework/Versions/A/CoreVideo
0x0000000004aa9000 	/System/Library/Frameworks/OpenGL.framework/Versions/A/Libraries/libGLU.dylib
0x0000000004aa9000 	/System/Library/Frameworks/OpenGL.framework/Versions/A/Libraries/libGFXShared.dylib
0x0000000004aa9000 	/System/Library/Frameworks/OpenGL.framework/Versions/A/Libraries/libGL.dylib
0x0000000004aa9000 	/System/Library/Frameworks/OpenGL.framework/Versions/A/Libraries/libGLImage.dylib
0x0000000004aa9000 	/System/Library/Frameworks/OpenGL.framework/Versions/A/Libraries/libCVMSPluginSupport.dylib
0x0000000004aa9000 	/System/Library/Frameworks/OpenGL.framework/Versions/A/Libraries/libCoreVMClient.dylib
0x0000000004aa9000 	/usr/lib/libcups.2.dylib
0x0000000004aa9000 	/System/Library/Frameworks/Kerberos.framework/Versions/A/Kerberos
0x0000000004aa9000 	/System/Library/Frameworks/GSS.framework/Versions/A/GSS
0x0000000004aa9000 	/usr/lib/libresolv.9.dylib
0x0000000004aa9000 	/System/Library/PrivateFrameworks/Heimdal.framework/Versions/A/Heimdal
0x0000000004aa9000 	/usr/lib/libheimdal-asn1.dylib
0x0000000004aa9000 	/System/Library/Frameworks/OpenDirectory.framework/Versions/A/OpenDirectory
0x0000000004aa9000 	/System/Library/PrivateFrameworks/CommonAuth.framework/Versions/A/CommonAuth
0x0000000004aa9000 	/System/Library/Frameworks/SecurityFoundation.framework/Versions/A/SecurityFoundation
0x0000000004aa9000 	/System/Library/Frameworks/QuartzCore.framework/Versions/A/Frameworks/CoreImage.framework/Versions/A/CoreImage
0x0000000004aa9000 	/System/Library/PrivateFrameworks/CrashReporterSupport.framework/Versions/A/CrashReporterSupport
0x0000000004aa9000 	/System/Library/Frameworks/OpenCL.framework/Versions/A/OpenCL
0x0000000004aa9000 	/System/Library/PrivateFrameworks/FaceCore.framework/Versions/A/FaceCore
0x0000000004aa9000 	/System/Library/PrivateFrameworks/Ubiquity.framework/Versions/A/Ubiquity
0x0000000004aa9000 	/System/Library/PrivateFrameworks/IconServices.framework/Versions/A/IconServices
0x0000000004aa9000 	/System/Library/PrivateFrameworks/ChunkingLibrary.framework/Versions/A/ChunkingLibrary
0x0000000004aa9000 	/System/Library/PrivateFrameworks/Apple80211.framework/Versions/A/Apple80211
0x0000000004aa9000 	/System/Library/Frameworks/CoreWLAN.framework/Versions/A/CoreWLAN
0x0000000004aa9000 	/System/Library/Frameworks/IOBluetooth.framework/Versions/A/IOBluetooth
0x0000000004aa9000 	/System/Library/PrivateFrameworks/CoreWiFi.framework/Versions/A/CoreWiFi
0x0000000004aa9000 	/System/Library/Frameworks/CoreBluetooth.framework/Versions/A/CoreBluetooth
0x0000000004aa9000 	/System/Library/PrivateFrameworks/DebugSymbols.framework/Versions/A/DebugSymbols
0x0000000004aa9000 	/System/Library/PrivateFrameworks/CoreSymbolication.framework/Versions/A/CoreSymbolication
0x0000000004aa9000 	/System/Library/PrivateFrameworks/Symbolication.framework/Versions/A/Symbolication
0x0000000004aa9000 	/System/Library/PrivateFrameworks/SpeechRecognitionCore.framework/Versions/A/SpeechRecognitionCore
0x0000000106cdb000 	/Library/Java/JavaVirtualMachines/jdk1.8.0_25.jdk/Contents/Home/jre/lib/server/libjvm.dylib
0x0000000004aa9000 	/usr/lib/libstdc++.6.dylib
0x0000000107cfa000 	/Library/Java/JavaVirtualMachines/jdk1.8.0_25.jdk/Contents/Home/jre/lib/libverify.dylib
0x0000000107d08000 	/Library/Java/JavaVirtualMachines/jdk1.8.0_25.jdk/Contents/Home/jre/lib/libjava.dylib
0x0000000107d5d000 	/Library/Java/JavaVirtualMachines/jdk1.8.0_25.jdk/Contents/Home/jre/lib/libzip.dylib
0x000000012c669000 	/System/Library/Frameworks/JavaVM.framework/Frameworks/JavaRuntimeSupport.framework/JavaRuntimeSupport
0x0000000107dea000 	/System/Library/Frameworks/JavaVM.framework/Versions/A/Frameworks/JavaNativeFoundation.framework/Versions/A/JavaNativeFoundation
0x000000012c681000 	/System/Library/Frameworks/JavaVM.framework/Versions/A/JavaVM
0x0000000004aa9000 	/System/Library/Frameworks/Carbon.framework/Versions/A/Carbon
0x000000012c68e000 	/System/Library/PrivateFrameworks/JavaLaunching.framework/Versions/A/JavaLaunching
0x0000000004aa9000 	/System/Library/Frameworks/Carbon.framework/Versions/A/Frameworks/CommonPanels.framework/Versions/A/CommonPanels
0x0000000004aa9000 	/System/Library/Frameworks/Carbon.framework/Versions/A/Frameworks/Help.framework/Versions/A/Help
0x0000000004aa9000 	/System/Library/Frameworks/Carbon.framework/Versions/A/Frameworks/ImageCapture.framework/Versions/A/ImageCapture
0x0000000004aa9000 	/System/Library/Frameworks/Carbon.framework/Versions/A/Frameworks/OpenScripting.framework/Versions/A/OpenScripting
0x0000000004aa9000 	/System/Library/Frameworks/Carbon.framework/Versions/A/Frameworks/Print.framework/Versions/A/Print
0x0000000004aa9000 	/System/Library/Frameworks/Carbon.framework/Versions/A/Frameworks/SecurityHI.framework/Versions/A/SecurityHI
0x000000012e483000 	/Library/Java/JavaVirtualMachines/jdk1.8.0_25.jdk/Contents/Home/jre/lib/libawt.dylib
0x000000012e532000 	/Library/Java/JavaVirtualMachines/jdk1.8.0_25.jdk/Contents/Home/jre/lib/./libmlib_image.dylib
0x000000012e5fe000 	/Library/Java/JavaVirtualMachines/jdk1.8.0_25.jdk/Contents/Home/jre/lib/libawt_lwawt.dylib
0x000000012e6b1000 	/Library/Java/JavaVirtualMachines/jdk1.8.0_25.jdk/Contents/Home/jre/lib/./libosxapp.dylib
0x0000000004aa9000 	/System/Library/Frameworks/ExceptionHandling.framework/Versions/A/ExceptionHandling
0x0000000004aa9000 	/System/Library/PrivateFrameworks/CoreServicesInternal.framework/Versions/A/CoreServicesInternal
0x0000000004aa9000 	/System/Library/PrivateFrameworks/CloudDocs.framework/Versions/A/CloudDocs
0x0000000004aa9000 	/System/Library/PrivateFrameworks/CoreDuet.framework/Versions/A/CoreDuet
0x0000000004aa9000 	/System/Library/Frameworks/CloudKit.framework/Versions/A/CloudKit
0x0000000004aa9000 	/System/Library/PrivateFrameworks/ProtocolBuffer.framework/Versions/A/ProtocolBuffer
0x0000000004aa9000 	/System/Library/PrivateFrameworks/CoreDuetDaemonProtocol.framework/Versions/A/CoreDuetDaemonProtocol
0x0000000004aa9000 	/System/Library/PrivateFrameworks/CoreDuetDebugLogging.framework/Versions/A/CoreDuetDebugLogging
0x0000000004aa9000 	/System/Library/Frameworks/CoreLocation.framework/Versions/A/CoreLocation
0x0000000004aa9000 	/System/Library/Frameworks/Accounts.framework/Versions/A/Accounts
0x0000000004aa9000 	/System/Library/PrivateFrameworks/ApplePushService.framework/Versions/A/ApplePushService
0x0000000004aa9000 	/System/Library/PrivateFrameworks/GeoServices.framework/Versions/A/GeoServices
0x0000000004aa9000 	/System/Library/PrivateFrameworks/OAuth.framework/Versions/A/OAuth
0x0000000004aa9000 	/System/Library/PrivateFrameworks/CoreDaemon.framework/Versions/B/CoreDaemon
0x0000000004aa9000 	/usr/lib/libcrypto.0.9.8.dylib
0x0000000004aa9000 	/System/Library/PrivateFrameworks/AppleSRP.framework/Versions/A/AppleSRP
0x0000000004aa9000 	/System/Library/PrivateFrameworks/TrustEvaluationAgent.framework/Versions/A/TrustEvaluationAgent
0x0000000004aa9000 	/System/Library/Frameworks/CoreGraphics.framework/Versions/A/Resources/libCGCMS.A.dylib
0x0000000004aa9000 	/System/Library/Frameworks/CoreGraphics.framework/Versions/A/Resources/libRIP.A.dylib
0x0000000004aa9000 	/System/Library/Frameworks/CoreGraphics.framework/Versions/A/Resources/libCGXType.A.dylib
0x0000000004aa9000 	/System/Library/Frameworks/OpenCL.framework/Versions/A/Libraries/libcldcpuengine.dylib
0x0000000004aa9000 	/System/Library/PrivateFrameworks/DiskImages.framework/Versions/A/DiskImages
0x0000000004aa9000 	/System/Library/Frameworks/DiscRecording.framework/Versions/A/DiscRecording
0x0000000004aa9000 	/usr/lib/libcsfde.dylib
0x0000000004aa9000 	/usr/lib/libcurl.4.dylib
0x0000000004aa9000 	/System/Library/PrivateFrameworks/MediaKit.framework/Versions/A/MediaKit
0x0000000004aa9000 	/System/Library/PrivateFrameworks/ProtectedCloudStorage.framework/Versions/A/ProtectedCloudStorage
0x0000000004aa9000 	/usr/lib/libCoreStorage.dylib
0x0000000004aa9000 	/System/Library/PrivateFrameworks/EFILogin.framework/Versions/A/EFILogin
0x0000000004aa9000 	/usr/lib/libutil.dylib
0x0000000004aa9000 	/System/Library/PrivateFrameworks/FindMyDevice.framework/Versions/A/FindMyDevice
0x0000000004aa9000 	/System/Library/Frameworks/LDAP.framework/Versions/A/LDAP
0x0000000004aa9000 	/usr/lib/libsasl2.2.dylib
0x00000001314e7000 	cl_kernels
0x00000001314e9000 	/System/Library/Frameworks/OpenCL.framework/Versions/A/Libraries/ImageFormats/unorm8_bgra.dylib
0x00000001314d8000 	cl_kernels
0x0000000004aa9000 	/System/Library/PrivateFrameworks/FamilyControls.framework/Versions/A/FamilyControls
0x0000000004aa9000 	/System/Library/PrivateFrameworks/CommerceKit.framework/Versions/A/Frameworks/CommerceCore.framework/Versions/A/CommerceCore
0x0000000004aa9000 	/System/Library/PrivateFrameworks/SystemAdministration.framework/Versions/A/SystemAdministration
0x0000000004aa9000 	/System/Library/PrivateFrameworks/AppContainer.framework/Versions/A/AppContainer
0x0000000004aa9000 	/System/Library/PrivateFrameworks/SecCodeWrapper.framework/Versions/A/SecCodeWrapper
0x0000000004aa9000 	/System/Library/Frameworks/DirectoryService.framework/Versions/A/DirectoryService
0x0000000004aa9000 	/System/Library/PrivateFrameworks/LoginUIKit.framework/Versions/A/Frameworks/LoginUICore.framework/Versions/A/LoginUICore
0x0000000004aa9000 	/usr/lib/libodfde.dylib
0x0000000132805000 	/Library/Java/JavaVirtualMachines/jdk1.8.0_25.jdk/Contents/Home/jre/lib/libfontmanager.dylib
0x000000013286c000 	/Users/raymondelooff/Documents/workspace/The-World-Of-Zuul/lib/lwjgl/native/macosx/liblwjgl.jnilib
0x0000000130a03000 	/Library/Java/JavaVirtualMachines/jdk1.8.0_25.jdk/Contents/Home/jre/lib/libjawt.dylib
0x0000000004aa9000 	/System/Library/Frameworks/OpenGL.framework/Versions/A/Resources/GLEngine.bundle/GLEngine
0x0000000004aa9000 	/System/Library/Frameworks/OpenGL.framework/Versions/A/Libraries/libGLProgrammability.dylib
0x0000000000000000 	/System/Library/Extensions/GeForceGLDriver.bundle/Contents/MacOS/GeForceGLDriver
0x0000000004aa9000 	/System/Library/Extensions/GeForceGLDriver.bundle/Contents/MacOS/libclh.dylib
0x0000000004aa9000 	/System/Library/PrivateFrameworks/IOAccelerator.framework/Versions/A/IOAccelerator
0x0000000004aa9000 	/System/Library/PrivateFrameworks/GPUSupport.framework/Versions/A/Libraries/libGPUSupportMercury.dylib
0x0000000004aa9000 	/System/Library/Frameworks/OpenGL.framework/Versions/A/Resources/GLRendererFloat.bundle/GLRendererFloat

VM Arguments:
jvm_args: -Djava.library.path=/Users/raymondelooff/Documents/workspace/The-World-Of-Zuul/lib/lwjgl/native/macosx -Dfile.encoding=UTF-8 
java_command: nl.corebooster.setup.SetupClass
java_class_path (initial): /Users/raymondelooff/Documents/workspace/The-World-Of-Zuul/bin:/Users/raymondelooff/Documents/workspace/The-World-Of-Zuul/lib/lwjgl/jar/lwjgl.jar:/Users/raymondelooff/Documents/workspace/The-World-Of-Zuul/lib/slick/lib/slick.jar
Launcher Type: SUN_STANDARD

Environment Variables:
PATH=/usr/bin:/bin:/usr/sbin:/sbin
SHELL=/bin/bash
DISPLAY=/private/tmp/com.apple.launchd.52I9jUuro6/org.macosforge.xquartz:0

Signal Handlers:
SIGSEGV: [libjvm.dylib+0x579dc7], sa_mask[0]=11111111011111110111111111111111, sa_flags=SA_ONSTACK|SA_RESTART|SA_SIGINFO
SIGBUS: [libjvm.dylib+0x579dc7], sa_mask[0]=11111111011111110111111111111111, sa_flags=SA_RESTART|SA_SIGINFO
SIGFPE: [libjvm.dylib+0x45b030], sa_mask[0]=11111111011111110111111111111111, sa_flags=SA_RESTART|SA_SIGINFO
SIGPIPE: [libjvm.dylib+0x45b030], sa_mask[0]=11111111011111110111111111111111, sa_flags=SA_RESTART|SA_SIGINFO
SIGXFSZ: [libjvm.dylib+0x45b030], sa_mask[0]=11111111011111110111111111111111, sa_flags=SA_RESTART|SA_SIGINFO
SIGILL: [libjvm.dylib+0x45b030], sa_mask[0]=11111111011111110111111111111111, sa_flags=SA_RESTART|SA_SIGINFO
SIGUSR1: SIG_DFL, sa_mask[0]=00000000000000000000000000000000, sa_flags=none
SIGUSR2: [libjvm.dylib+0x45ab4e], sa_mask[0]=00100000000000000000000000000000, sa_flags=SA_RESTART|SA_SIGINFO
SIGHUP: [libjvm.dylib+0x459121], sa_mask[0]=11111111011111110111111111111111, sa_flags=SA_RESTART|SA_SIGINFO
SIGINT: [libjvm.dylib+0x459121], sa_mask[0]=11111111011111110111111111111111, sa_flags=SA_RESTART|SA_SIGINFO
SIGTERM: [libjvm.dylib+0x459121], sa_mask[0]=11111111011111110111111111111111, sa_flags=SA_RESTART|SA_SIGINFO
SIGQUIT: [libjvm.dylib+0x459121], sa_mask[0]=11111111011111110111111111111111, sa_flags=SA_RESTART|SA_SIGINFO


---------------  S Y S T E M  ---------------

OS:Bsduname:Darwin 14.0.0 Darwin Kernel Version 14.0.0: Fri Sep 19 00:26:44 PDT 2014; root:xnu-2782.1.97~2/RELEASE_X86_64 x86_64
rlimit: STACK 8192k, CORE 0k, NPROC 709, NOFILE 10240, AS infinity
load average:3.82 3.68 3.46

CPU:total 4 (4 cores per cpu, 1 threads per core) family 6 model 58 stepping 9, cmov, cx8, fxsr, mmx, sse, sse2, sse3, ssse3, sse4.1, sse4.2, popcnt, avx, aes, clmul, erms, tsc, tscinvbit, tscinv

Memory: 4k page, physical 33554432k(937036k free)

/proc/meminfo:


vm_info: Java HotSpot(TM) 64-Bit Server VM (25.25-b02) for bsd-amd64 JRE (1.8.0_25-b17), built on Sep 17 2014 16:56:50 by "java_re" with gcc 4.2.1 (Based on Apple Inc. build 5658) (LLVM build 2336.11.00)

time: Fri Dec 19 10:54:54 2014
elapsed time: 1 seconds (0d 0h 0m 1s)

