#
# A fatal error has been detected by the Java Runtime Environment:
#
#  SIGSEGV (0xb) at pc=0x00007fff900080dd, pid=40517, tid=1811
#
# JRE version: Java(TM) SE Runtime Environment (8.0_25-b17) (build 1.8.0_25-b17)
# Java VM: Java HotSpot(TM) 64-Bit Server VM (25.25-b02 mixed mode bsd-amd64 compressed oops)
# Problematic frame:
# C  [libobjc.A.dylib+0x10dd]  objc_msgSend+0x1d
#
# Failed to write core dump. Core dumps have been disabled. To enable core dumping, try "ulimit -c unlimited" before starting Java again
#
# If you would like to submit a bug report, please visit:
#   http://bugreport.sun.com/bugreport/crash.jsp
# The crash happened outside the Java Virtual Machine in native code.
# See problematic frame for where to report the bug.
#

---------------  T H R E A D  ---------------

Current thread (0x00007f9ca08c1000):  JavaThread "AppKit Thread" daemon [_thread_in_native, id=1811, stack(0x00007fff4fac3000,0x00007fff502c3000)]

siginfo: si_signo: 11 (SIGSEGV), si_code: 1 (SEGV_MAPERR), si_addr: 0x0000000000000018

Registers:
RAX=0x00007f9ca0752520, RBX=0x00007fff502be808, RCX=0x0000000000000000, RDX=0x00007f9ca074cf40
RSP=0x00007fff502be628, RBP=0x00007fff502be630, RSI=0x00007fff93af2be4, RDI=0x00007f9ca0752520
R8 =0x00007fff502be610, R9 =0x0000000000000062, R10=0x00007fff93af2be4, R11=0x0000000000000000
R12=0x00007f9ca070b3d0, R13=0x00000000000f42f8, R14=0x00007f9ca07a8dc0, R15=0x00007fff502be768
RIP=0x00007fff900080dd, EFLAGS=0x0000000000010246, ERR=0x0000000000000004
  TRAPNO=0x000000000000000e

Top of Stack: (sp=0x00007fff502be628)
0x00007fff502be628:   00007fff858e7cbc 00007fff502be990
0x00007fff502be638:   00007fff857d91b4 00007fff502be6bc
0x00007fff502be648:   00007fff502be6c0 00007fff502be6c4
0x00007fff502be658:   00007fff76328b48 ffffffffffffffff
0x00007fff502be668:   0000000000000930 00007fff76328b60
0x00007fff502be678:   00007f9ca07a8dc0 0000000000000000
0x00007fff502be688:   00007fff502be760 0000000000000000
0x00007fff502be698:   00007f9ca04899c0 00007fff502be7e0
0x00007fff502be6a8:   0000000000000062 00000000000f42fa
0x00007fff502be6b8:   00007f9ca074cf40 00007f9ca0489690
0x00007fff502be6c8:   00007f9ca070b3d0 0000000000000001
0x00007fff502be6d8:   00000000000f42f8 00007f9ca070b3c0
0x00007fff502be6e8:   00007fff8f6ee109 0000000174f4c070
0x00007fff502be6f8:   00007fff7671a0d0 0000000042000000
0x00007fff502be708:   00007fff8f6f66a3 00007fff762f31d0
0x00007fff502be718:   00007fff502be7e8 0000000000000000
0x00007fff502be728:   00007fff7644c8c8 00007fff7644c8c8
0x00007fff502be738:   0000000000000028 000174039002676a
0x00007fff502be748:   00007f9ca070b3f4 0000000000000000
0x00007fff502be758:   00000000003ec301 00007f9ca0489a40
0x00007fff502be768:   00007f9ca07a8dc0 00007fff7644c8c8
0x00007fff502be778:   00007fff93b2a8c7 00007fff502be820
0x00007fff502be788:   00007fff88d475a7 00007fff502be804
0x00007fff502be798:   00000000003ec401 00000000ffffffff
0x00007fff502be7a8:   00007fff7644c8c8 00000000003ec400
0x00007fff502be7b8:   00007fff00000000 00007fff502be8b0
0x00007fff502be7c8:   00007fff9310eedc 00007fff7644c8e8
0x00007fff502be7d8:   00007fff93b2a8c7 0000000000000051
0x00007fff502be7e8:   0000000000000000 00000000000f42df
0x00007fff502be7f8:   0000000000000053 0000000000000000
0x00007fff502be808:   00000000000f42f8 00007fff502be884
0x00007fff502be818:   00000000003ed201 00000000ffffffff 

Instructions: (pc=0x00007fff900080dd)
0x00007fff900080bd:   00 00 00 48 85 ff 2e 74 7a 40 f6 c7 01 2e 75 7e
0x00007fff900080cd:   49 bb f8 ff ff ff ff 7f 00 00 4c 23 1f 49 89 f2
0x00007fff900080dd:   45 23 53 18 49 c1 e2 04 4d 03 53 10 49 3b 32 75
0x00007fff900080ed:   04 41 ff 62 08 49 83 3a 00 74 6a 4d 3b 53 10 74 

Register to memory mapping:

RAX=0x00007f9ca0752520 is an unknown value
RBX=0x00007fff502be808 is pointing into the stack for thread: 0x00007f9ca08c1000
RCX=0x0000000000000000 is an unknown value
RDX=0x00007f9ca074cf40 is an unknown value
RSP=0x00007fff502be628 is pointing into the stack for thread: 0x00007f9ca08c1000
RBP=0x00007fff502be630 is pointing into the stack for thread: 0x00007f9ca08c1000
RSI=0x00007fff93af2be4: -[NSTitlebarContainerView shouldRoundCorners]+0x5c646 in /System/Library/Frameworks/AppKit.framework/Versions/C/AppKit at 0x00007fff93129000
RDI=0x00007f9ca0752520 is an unknown value
R8 =0x00007fff502be610 is pointing into the stack for thread: 0x00007f9ca08c1000
R9 =0x0000000000000062 is an unknown value
R10=0x00007fff93af2be4: -[NSTitlebarContainerView shouldRoundCorners]+0x5c646 in /System/Library/Frameworks/AppKit.framework/Versions/C/AppKit at 0x00007fff93129000
R11=0x0000000000000000 is an unknown value
R12=0x00007f9ca070b3d0 is an unknown value
R13=0x00000000000f42f8 is an unknown value
R14=0x00007f9ca07a8dc0 is an unknown value
R15=0x00007fff502be768 is pointing into the stack for thread: 0x00007f9ca08c1000


Stack: [0x00007fff4fac3000,0x00007fff502c3000],  sp=0x00007fff502be628,  free space=8173k
Native frames: (J=compiled Java code, j=interpreted, Vv=VM code, C=native code)
C  [libobjc.A.dylib+0x10dd]  objc_msgSend+0x1d
C  [CoreFoundation+0x101b4]  _CFXNotificationPost+0xc44
C  [Foundation+0x2ea1]  -[NSNotificationCenter postNotificationName:object:userInfo:]+0x42
C  [AppKit+0xddb36]  -[NSSurface _disposeSurface]+0x98
C  [AppKit+0xdd59a]  -[NSSurface setWindow:]+0x42
C  [AppKit+0x3c00c]  -[NSView _setWindow:]+0x98f
C  [AppKit+0x3d262]  -[NSView removeFromSuperview]+0x1c5
C  [AppKit+0x918ca]  -[NSView removeFromSuperviewWithoutNeedingDisplay]+0x26
C  [liblwjgl.jnilib+0x9c3e]  +[MacOSXKeyableWindow destroyWindow]+0xde
C  [Foundation+0x65f4c]  __NSThreadPerformPerform+0x125
C  [CoreFoundation+0x80661]  __CFRUNLOOP_IS_CALLING_OUT_TO_A_SOURCE0_PERFORM_FUNCTION__+0x11
C  [CoreFoundation+0x727ed]  __CFRunLoopDoSources0+0x10d
C  [CoreFoundation+0x71e1f]  __CFRunLoopRun+0x39f
C  [CoreFoundation+0x71838]  CFRunLoopRunSpecific+0x128
C  [HIToolbox+0x2e43f]  RunCurrentEventLoopInMode+0xeb
C  [HIToolbox+0x2e0be]  ReceiveNextEventCommon+0xb3
C  [HIToolbox+0x2dffb]  _BlockUntilNextEventMatchingListInModeWithFilter+0x47
C  [AppKit+0x246d1]  _DPSNextEvent+0x3c4
C  [AppKit+0x23e80]  -[NSApplication nextEventMatchingMask:untilDate:inMode:dequeue:]+0xc2
C  [libosxapp.dylib+0x242a]  -[NSApplicationAWT nextEventMatchingMask:untilDate:inMode:dequeue:]+0x7c
C  [AppKit+0x17e23]  -[NSApplication run]+0x252
C  [libosxapp.dylib+0x223e]  +[NSApplicationAWT runAWTLoopWithApp:]+0x9c
C  [libawt_lwawt.dylib+0x4494f]  -[AWTStarter starter:]+0x389
C  [Foundation+0x65f4c]  __NSThreadPerformPerform+0x125
C  [CoreFoundation+0x80661]  __CFRUNLOOP_IS_CALLING_OUT_TO_A_SOURCE0_PERFORM_FUNCTION__+0x11
C  [CoreFoundation+0x727ed]  __CFRunLoopDoSources0+0x10d
C  [CoreFoundation+0x71e1f]  __CFRunLoopRun+0x39f
C  [CoreFoundation+0x71838]  CFRunLoopRunSpecific+0x128
C  [java+0x56cc]  CreateExecutionEnvironment+0x367
C  [java+0x165c]  JLI_Launch+0x7a0
C  [java+0x768a]  main+0x65
C  [java+0xeb4]  start+0x34
C  0x0000000000000006


---------------  P R O C E S S  ---------------

Java Threads: ( => current thread )
  0x00007f9ca212c000 JavaThread "Java2D Queue Flusher" daemon [_thread_blocked, id=51207, stack(0x000000013f538000,0x000000013f638000)]
  0x00007f9ca0956000 JavaThread "Java2D Disposer" daemon [_thread_blocked, id=49943, stack(0x000000013f435000,0x000000013f535000)]
  0x00007f9ca08e7000 JavaThread "AWT-Shutdown" [_thread_blocked, id=27923, stack(0x0000000138ab7000,0x0000000138bb7000)]
=>0x00007f9ca08c1000 JavaThread "AppKit Thread" daemon [_thread_in_native, id=1811, stack(0x00007fff4fac3000,0x00007fff502c3000)]
  0x00007f9ca2025800 JavaThread "Service Thread" daemon [_thread_blocked, id=18179, stack(0x0000000137007000,0x0000000137107000)]
  0x00007f9ca0853000 JavaThread "C1 CompilerThread2" daemon [_thread_blocked, id=17667, stack(0x0000000136f04000,0x0000000137004000)]
  0x00007f9ca101d000 JavaThread "C2 CompilerThread1" daemon [_thread_blocked, id=17155, stack(0x0000000136e01000,0x0000000136f01000)]
  0x00007f9ca101b000 JavaThread "C2 CompilerThread0" daemon [_thread_blocked, id=16643, stack(0x0000000136cfe000,0x0000000136dfe000)]
  0x00007f9ca1019000 JavaThread "Signal Dispatcher" daemon [_thread_blocked, id=13331, stack(0x0000000136bfb000,0x0000000136cfb000)]
  0x00007f9ca1017000 JavaThread "Finalizer" daemon [_thread_blocked, id=11523, stack(0x00000001352be000,0x00000001353be000)]
  0x00007f9ca0848800 JavaThread "Reference Handler" daemon [_thread_blocked, id=11011, stack(0x00000001351bb000,0x00000001352bb000)]
  0x00007f9ca1005800 JavaThread "main" [_thread_in_native, id=4867, stack(0x000000010fa53000,0x000000010fb53000)]

Other Threads:
  0x00007f9ca0844000 VMThread [stack: 0x00000001350b8000,0x00000001351b8000] [id=10499]
  0x00007f9ca2014800 WatcherThread [stack: 0x000000013710a000,0x000000013720a000] [id=18691]

VM state:not at safepoint (normal execution)

VM Mutex/Monitor currently owned by a thread: None

Heap:
 PSYoungGen      total 153088K, used 26317K [0x0000000715580000, 0x0000000720000000, 0x00000007c0000000)
  eden space 131584K, 20% used [0x0000000715580000,0x0000000716f337a0,0x000000071d600000)
  from space 21504K, 0% used [0x000000071eb00000,0x000000071eb00000,0x0000000720000000)
  to   space 21504K, 0% used [0x000000071d600000,0x000000071d600000,0x000000071eb00000)
 ParOldGen       total 349696K, used 0K [0x00000005c0000000, 0x00000005d5580000, 0x0000000715580000)
  object space 349696K, 0% used [0x00000005c0000000,0x00000005c0000000,0x00000005d5580000)
 Metaspace       used 8891K, capacity 9031K, committed 9216K, reserved 1056768K
  class space    used 942K, capacity 986K, committed 1024K, reserved 1048576K

Card table byte_map: [0x00000001206dc000,0x00000001216dd000] byte_map_base: 0x000000011d8dc000

Marking Bits: (ParMarkBitMap*) 0x0000000110c9d390
 Begin Bits: [0x0000000122594000, 0x000000012a594000)
 End Bits:   [0x000000012a594000, 0x0000000132594000)

Polling page: 0x000000010fb97000

CodeCache: size=245760Kb used=2852Kb max_used=2852Kb free=242907Kb
 bounds [0x000000011131c000, 0x00000001115ec000, 0x000000012031c000]
 total_blobs=1206 nmethods=702 adapters=419
 compilation: enabled

Compilation events (10 events):
Event: 3.555 Thread 0x00007f9ca101b000  698   !   4       org.lwjgl.opengl.Sync::sync (125 bytes)
Event: 3.567 Thread 0x00007f9ca101b000 nmethod 698 0x00000001115df250 code [0x00000001115df440, 0x00000001115dfd90]
Event: 3.569 Thread 0x00007f9ca0853000  699       3       java.lang.Integer::stringSize (21 bytes)
Event: 3.569 Thread 0x00007f9ca0853000 nmethod 699 0x00000001115e1550 code [0x00000001115e16c0, 0x00000001115e18d0]
Event: 3.569 Thread 0x00007f9ca0853000  700       3       java.lang.Integer::getChars (131 bytes)
Event: 3.569 Thread 0x00007f9ca0853000 nmethod 700 0x00000001115e0ad0 code [0x00000001115e0c80, 0x00000001115e1110]
Event: 3.585 Thread 0x00007f9ca0853000  701       3       org.newdawn.slick.Graphics::drawAnimation (11 bytes)
Event: 3.586 Thread 0x00007f9ca0853000 nmethod 701 0x00000001115e2c10 code [0x00000001115e2e80, 0x00000001115e3c68]
Event: 3.586 Thread 0x00007f9ca0853000  702       3       org.newdawn.slick.Graphics::drawAnimation (24 bytes)
Event: 3.587 Thread 0x00007f9ca0853000 nmethod 702 0x00000001115e4b90 code [0x00000001115e4e40, 0x00000001115e5fd8]

GC Heap History (0 events):
No events

Deoptimization events (0 events):
No events

Internal exceptions (10 events):
Event: 1.150 Thread 0x00007f9ca1005800 Exception <a 'java/security/PrivilegedActionException'> (0x0000000716d144d0) thrown at [/HUDSON3/workspace/8-2-build-macosx-x86_64/jdk8u25/1514/hotspot/src/share/vm/prims/jvm.cpp, line 1312]
Event: 1.167 Thread 0x00007f9ca1005800 Exception <a 'java/security/PrivilegedActionException'> (0x0000000716d19c18) thrown at [/HUDSON3/workspace/8-2-build-macosx-x86_64/jdk8u25/1514/hotspot/src/share/vm/prims/jvm.cpp, line 1312]
Event: 1.177 Thread 0x00007f9ca1005800 Exception <a 'java/security/PrivilegedActionException'> (0x0000000716d31168) thrown at [/HUDSON3/workspace/8-2-build-macosx-x86_64/jdk8u25/1514/hotspot/src/share/vm/prims/jvm.cpp, line 1312]
Event: 1.178 Thread 0x00007f9ca1005800 Exception <a 'java/security/PrivilegedActionException'> (0x0000000716d3f6d0) thrown at [/HUDSON3/workspace/8-2-build-macosx-x86_64/jdk8u25/1514/hotspot/src/share/vm/prims/jvm.cpp, line 1312]
Event: 1.182 Thread 0x00007f9ca1005800 Exception <a 'java/security/PrivilegedActionException'> (0x0000000716d47c98) thrown at [/HUDSON3/workspace/8-2-build-macosx-x86_64/jdk8u25/1514/hotspot/src/share/vm/prims/jvm.cpp, line 1312]
Event: 1.183 Thread 0x00007f9ca1005800 Exception <a 'java/security/PrivilegedActionException'> (0x0000000716d4c378) thrown at [/HUDSON3/workspace/8-2-build-macosx-x86_64/jdk8u25/1514/hotspot/src/share/vm/prims/jvm.cpp, line 1312]
Event: 1.183 Thread 0x00007f9ca1005800 Exception <a 'java/security/PrivilegedActionException'> (0x0000000716d51080) thrown at [/HUDSON3/workspace/8-2-build-macosx-x86_64/jdk8u25/1514/hotspot/src/share/vm/prims/jvm.cpp, line 1312]
Event: 1.551 Thread 0x00007f9ca1005800 Exception <a 'java/security/PrivilegedActionException'> (0x0000000716d57598) thrown at [/HUDSON3/workspace/8-2-build-macosx-x86_64/jdk8u25/1514/hotspot/src/share/vm/prims/jvm.cpp, line 1312]
Event: 1.552 Thread 0x00007f9ca1005800 Exception <a 'java/security/PrivilegedActionException'> (0x0000000716d5f600) thrown at [/HUDSON3/workspace/8-2-build-macosx-x86_64/jdk8u25/1514/hotspot/src/share/vm/prims/jvm.cpp, line 1312]
Event: 3.713 Thread 0x00007f9ca1005800 Exception <a 'java/security/PrivilegedActionException'> (0x0000000716d6c1e8) thrown at [/HUDSON3/workspace/8-2-build-macosx-x86_64/jdk8u25/1514/hotspot/src/share/vm/prims/jvm.cpp, line 1312]

Events (10 events):
Event: 1.183 loading class org/lwjgl/opengl/Sync$RunningAvg
Event: 1.183 loading class org/lwjgl/opengl/Sync$RunningAvg done
Event: 1.551 loading class org/newdawn/slick/geom/ShapeRenderer
Event: 1.551 loading class org/newdawn/slick/geom/ShapeRenderer done
Event: 1.552 loading class org/newdawn/slick/geom/ShapeRenderer$PointCallback
Event: 1.552 loading class org/newdawn/slick/geom/ShapeRenderer$PointCallback done
Event: 3.555 Thread 0x00007f9ca1005800 DEOPT PACKING pc=0x00000001115cf393 sp=0x000000010fb52600
Event: 3.555 Thread 0x00007f9ca1005800 DEOPT UNPACKING pc=0x0000000111363373 sp=0x000000010fb52430 mode 0
Event: 3.713 loading class org/lwjgl/opengl/CallbackUtil
Event: 3.713 loading class org/lwjgl/opengl/CallbackUtil done


Dynamic libraries:
0x0000000004aa9000 	/System/Library/Frameworks/Cocoa.framework/Versions/A/Cocoa
0x0000000004aa9000 	/System/Library/Frameworks/Security.framework/Versions/A/Security
0x0000000004aa9000 	/System/Library/Frameworks/ApplicationServices.framework/Versions/A/ApplicationServices
0x0000000004aa9000 	/usr/lib/libz.1.dylib
0x0000000004aa9000 	/usr/lib/libSystem.B.dylib
0x0000000004aa9000 	/usr/lib/libobjc.A.dylib
0x0000000004aa9000 	/System/Library/Frameworks/CoreFoundation.framework/Versions/A/CoreFoundation
0x0000000004aa9000 	/System/Library/Frameworks/Foundation.framework/Versions/C/Foundation
0x0000000004aa9000 	/System/Library/Frameworks/AppKit.framework/Versions/C/AppKit
0x0000000004aa9000 	/System/Library/Frameworks/CoreData.framework/Versions/A/CoreData
0x0000000004aa9000 	/System/Library/PrivateFrameworks/RemoteViewServices.framework/Versions/A/RemoteViewServices
0x0000000004aa9000 	/System/Library/PrivateFrameworks/UIFoundation.framework/Versions/A/UIFoundation
0x0000000004aa9000 	/System/Library/Frameworks/IOSurface.framework/Versions/A/IOSurface
0x0000000004aa9000 	/System/Library/Frameworks/AudioToolbox.framework/Versions/A/AudioToolbox
0x0000000004aa9000 	/System/Library/Frameworks/AudioUnit.framework/Versions/A/AudioUnit
0x0000000004aa9000 	/System/Library/PrivateFrameworks/DataDetectorsCore.framework/Versions/A/DataDetectorsCore
0x0000000004aa9000 	/System/Library/PrivateFrameworks/DesktopServicesPriv.framework/Versions/A/DesktopServicesPriv
0x0000000004aa9000 	/System/Library/Frameworks/Carbon.framework/Versions/A/Frameworks/HIToolbox.framework/Versions/A/HIToolbox
0x0000000004aa9000 	/System/Library/Frameworks/QuartzCore.framework/Versions/A/QuartzCore
0x0000000004aa9000 	/System/Library/Frameworks/Carbon.framework/Versions/A/Frameworks/SpeechRecognition.framework/Versions/A/SpeechRecognition
0x0000000004aa9000 	/usr/lib/libauto.dylib
0x0000000004aa9000 	/usr/lib/libicucore.A.dylib
0x0000000004aa9000 	/usr/lib/libxml2.2.dylib
0x0000000004aa9000 	/System/Library/PrivateFrameworks/CoreUI.framework/Versions/A/CoreUI
0x0000000004aa9000 	/System/Library/Frameworks/CoreAudio.framework/Versions/A/CoreAudio
0x0000000004aa9000 	/System/Library/Frameworks/DiskArbitration.framework/Versions/A/DiskArbitration
0x0000000004aa9000 	/usr/lib/liblangid.dylib
0x0000000004aa9000 	/System/Library/PrivateFrameworks/MultitouchSupport.framework/Versions/A/MultitouchSupport
0x0000000004aa9000 	/System/Library/Frameworks/IOKit.framework/Versions/A/IOKit
0x0000000004aa9000 	/usr/lib/libDiagnosticMessagesClient.dylib
0x0000000004aa9000 	/System/Library/Frameworks/CoreServices.framework/Versions/A/CoreServices
0x0000000004aa9000 	/System/Library/PrivateFrameworks/PerformanceAnalysis.framework/Versions/A/PerformanceAnalysis
0x0000000004aa9000 	/System/Library/PrivateFrameworks/GenerationalStorage.framework/Versions/A/GenerationalStorage
0x0000000004aa9000 	/System/Library/Frameworks/OpenGL.framework/Versions/A/OpenGL
0x0000000004aa9000 	/System/Library/PrivateFrameworks/Sharing.framework/Versions/A/Sharing
0x0000000004aa9000 	/System/Library/Frameworks/CoreGraphics.framework/Versions/A/CoreGraphics
0x0000000004aa9000 	/System/Library/Frameworks/CoreText.framework/Versions/A/CoreText
0x0000000004aa9000 	/System/Library/Frameworks/ImageIO.framework/Versions/A/ImageIO
0x0000000004aa9000 	/usr/lib/libextension.dylib
0x0000000004aa9000 	/System/Library/PrivateFrameworks/Backup.framework/Versions/A/Backup
0x0000000004aa9000 	/usr/lib/libarchive.2.dylib
0x0000000004aa9000 	/System/Library/Frameworks/CFNetwork.framework/Versions/A/CFNetwork
0x0000000004aa9000 	/System/Library/Frameworks/SystemConfiguration.framework/Versions/A/SystemConfiguration
0x0000000004aa9000 	/usr/lib/libCRFSuite.dylib
0x0000000004aa9000 	/usr/lib/libc++.1.dylib
0x0000000004aa9000 	/usr/lib/libc++abi.dylib
0x0000000004aa9000 	/usr/lib/system/libcache.dylib
0x0000000004aa9000 	/usr/lib/system/libcommonCrypto.dylib
0x0000000004aa9000 	/usr/lib/system/libcompiler_rt.dylib
0x0000000004aa9000 	/usr/lib/system/libcopyfile.dylib
0x0000000004aa9000 	/usr/lib/system/libcorecrypto.dylib
0x0000000004aa9000 	/usr/lib/system/libdispatch.dylib
0x0000000004aa9000 	/usr/lib/system/libdyld.dylib
0x0000000004aa9000 	/usr/lib/system/libkeymgr.dylib
0x0000000004aa9000 	/usr/lib/system/liblaunch.dylib
0x0000000004aa9000 	/usr/lib/system/libmacho.dylib
0x0000000004aa9000 	/usr/lib/system/libquarantine.dylib
0x0000000004aa9000 	/usr/lib/system/libremovefile.dylib
0x0000000004aa9000 	/usr/lib/system/libsystem_asl.dylib
0x0000000004aa9000 	/usr/lib/system/libsystem_blocks.dylib
0x0000000004aa9000 	/usr/lib/system/libsystem_c.dylib
0x0000000004aa9000 	/usr/lib/system/libsystem_configuration.dylib
0x0000000004aa9000 	/usr/lib/system/libsystem_coreservices.dylib
0x0000000004aa9000 	/usr/lib/system/libsystem_coretls.dylib
0x0000000004aa9000 	/usr/lib/system/libsystem_dnssd.dylib
0x0000000004aa9000 	/usr/lib/system/libsystem_info.dylib
0x0000000004aa9000 	/usr/lib/system/libsystem_kernel.dylib
0x0000000004aa9000 	/usr/lib/system/libsystem_m.dylib
0x0000000004aa9000 	/usr/lib/system/libsystem_malloc.dylib
0x0000000004aa9000 	/usr/lib/system/libsystem_network.dylib
0x0000000004aa9000 	/usr/lib/system/libsystem_networkextension.dylib
0x0000000004aa9000 	/usr/lib/system/libsystem_notify.dylib
0x0000000004aa9000 	/usr/lib/system/libsystem_platform.dylib
0x0000000004aa9000 	/usr/lib/system/libsystem_pthread.dylib
0x0000000004aa9000 	/usr/lib/system/libsystem_sandbox.dylib
0x0000000004aa9000 	/usr/lib/system/libsystem_secinit.dylib
0x0000000004aa9000 	/usr/lib/system/libsystem_stats.dylib
0x0000000004aa9000 	/usr/lib/system/libsystem_trace.dylib
0x0000000004aa9000 	/usr/lib/system/libunc.dylib
0x0000000004aa9000 	/usr/lib/system/libunwind.dylib
0x0000000004aa9000 	/usr/lib/system/libxpc.dylib
0x0000000004aa9000 	/usr/lib/libbz2.1.0.dylib
0x0000000004aa9000 	/usr/lib/liblzma.5.dylib
0x0000000004aa9000 	/usr/lib/libbsm.0.dylib
0x0000000004aa9000 	/usr/lib/libsqlite3.dylib
0x0000000004aa9000 	/usr/lib/system/libkxld.dylib
0x0000000004aa9000 	/usr/lib/libxar.1.dylib
0x0000000004aa9000 	/usr/lib/libpam.2.dylib
0x0000000004aa9000 	/usr/lib/libOpenScriptingUtil.dylib
0x0000000004aa9000 	/System/Library/Frameworks/CoreServices.framework/Versions/A/Frameworks/FSEvents.framework/Versions/A/FSEvents
0x0000000004aa9000 	/System/Library/Frameworks/CoreServices.framework/Versions/A/Frameworks/CarbonCore.framework/Versions/A/CarbonCore
0x0000000004aa9000 	/System/Library/Frameworks/CoreServices.framework/Versions/A/Frameworks/Metadata.framework/Versions/A/Metadata
0x0000000004aa9000 	/System/Library/Frameworks/CoreServices.framework/Versions/A/Frameworks/OSServices.framework/Versions/A/OSServices
0x0000000004aa9000 	/System/Library/Frameworks/CoreServices.framework/Versions/A/Frameworks/SearchKit.framework/Versions/A/SearchKit
0x0000000004aa9000 	/System/Library/Frameworks/CoreServices.framework/Versions/A/Frameworks/AE.framework/Versions/A/AE
0x0000000004aa9000 	/System/Library/Frameworks/CoreServices.framework/Versions/A/Frameworks/LaunchServices.framework/Versions/A/LaunchServices
0x0000000004aa9000 	/System/Library/Frameworks/CoreServices.framework/Versions/A/Frameworks/DictionaryServices.framework/Versions/A/DictionaryServices
0x0000000004aa9000 	/System/Library/Frameworks/NetFS.framework/Versions/A/NetFS
0x0000000004aa9000 	/System/Library/PrivateFrameworks/NetAuth.framework/Versions/A/NetAuth
0x0000000004aa9000 	/System/Library/PrivateFrameworks/login.framework/Versions/A/Frameworks/loginsupport.framework/Versions/A/loginsupport
0x0000000004aa9000 	/System/Library/PrivateFrameworks/TCC.framework/Versions/A/TCC
0x0000000004aa9000 	/usr/lib/libmecabra.dylib
0x0000000004aa9000 	/System/Library/PrivateFrameworks/LanguageModeling.framework/Versions/A/LanguageModeling
0x0000000004aa9000 	/usr/lib/libcmph.dylib
0x0000000004aa9000 	/usr/lib/libiconv.2.dylib
0x0000000004aa9000 	/System/Library/Frameworks/OpenDirectory.framework/Versions/A/Frameworks/CFOpenDirectory.framework/Versions/A/CFOpenDirectory
0x0000000004aa9000 	/System/Library/Frameworks/ServiceManagement.framework/Versions/A/ServiceManagement
0x0000000004aa9000 	/usr/lib/libxslt.1.dylib
0x0000000004aa9000 	/System/Library/Frameworks/Carbon.framework/Versions/A/Frameworks/Ink.framework/Versions/A/Ink
0x0000000004aa9000 	/System/Library/Frameworks/ApplicationServices.framework/Versions/A/Frameworks/ATS.framework/Versions/A/ATS
0x0000000004aa9000 	/System/Library/Frameworks/ApplicationServices.framework/Versions/A/Frameworks/ColorSync.framework/Versions/A/ColorSync
0x0000000004aa9000 	/System/Library/Frameworks/ApplicationServices.framework/Versions/A/Frameworks/HIServices.framework/Versions/A/HIServices
0x0000000004aa9000 	/System/Library/Frameworks/ApplicationServices.framework/Versions/A/Frameworks/LangAnalysis.framework/Versions/A/LangAnalysis
0x0000000004aa9000 	/System/Library/Frameworks/ApplicationServices.framework/Versions/A/Frameworks/PrintCore.framework/Versions/A/PrintCore
0x0000000004aa9000 	/System/Library/Frameworks/ApplicationServices.framework/Versions/A/Frameworks/QD.framework/Versions/A/QD
0x0000000004aa9000 	/System/Library/Frameworks/ApplicationServices.framework/Versions/A/Frameworks/SpeechSynthesis.framework/Versions/A/SpeechSynthesis
0x0000000004aa9000 	/System/Library/Frameworks/Accelerate.framework/Versions/A/Accelerate
0x0000000004aa9000 	/System/Library/Frameworks/Accelerate.framework/Versions/A/Frameworks/vImage.framework/Versions/A/vImage
0x0000000004aa9000 	/System/Library/Frameworks/Accelerate.framework/Versions/A/Frameworks/vecLib.framework/Versions/A/vecLib
0x0000000004aa9000 	/System/Library/Frameworks/Accelerate.framework/Versions/A/Frameworks/vecLib.framework/Versions/A/libvDSP.dylib
0x0000000004aa9000 	/System/Library/Frameworks/Accelerate.framework/Versions/A/Frameworks/vecLib.framework/Versions/A/libvMisc.dylib
0x0000000004aa9000 	/System/Library/Frameworks/Accelerate.framework/Versions/A/Frameworks/vecLib.framework/Versions/A/libLAPACK.dylib
0x0000000004aa9000 	/System/Library/Frameworks/Accelerate.framework/Versions/A/Frameworks/vecLib.framework/Versions/A/libBLAS.dylib
0x0000000004aa9000 	/System/Library/Frameworks/Accelerate.framework/Versions/A/Frameworks/vecLib.framework/Versions/A/libLinearAlgebra.dylib
0x0000000004aa9000 	/System/Library/Frameworks/ApplicationServices.framework/Versions/A/Frameworks/ATS.framework/Versions/A/Resources/libFontParser.dylib
0x0000000004aa9000 	/System/Library/Frameworks/ApplicationServices.framework/Versions/A/Frameworks/ATS.framework/Versions/A/Resources/libFontRegistry.dylib
0x0000000004aa9000 	/System/Library/PrivateFrameworks/AppleVPA.framework/Versions/A/AppleVPA
0x0000000004aa9000 	/System/Library/PrivateFrameworks/AppleJPEG.framework/Versions/A/AppleJPEG
0x0000000004aa9000 	/System/Library/Frameworks/ImageIO.framework/Versions/A/Resources/libJPEG.dylib
0x0000000004aa9000 	/System/Library/Frameworks/ImageIO.framework/Versions/A/Resources/libTIFF.dylib
0x0000000004aa9000 	/System/Library/Frameworks/ImageIO.framework/Versions/A/Resources/libPng.dylib
0x0000000004aa9000 	/System/Library/Frameworks/ImageIO.framework/Versions/A/Resources/libGIF.dylib
0x0000000004aa9000 	/System/Library/Frameworks/ImageIO.framework/Versions/A/Resources/libJP2.dylib
0x0000000004aa9000 	/System/Library/Frameworks/ImageIO.framework/Versions/A/Resources/libRadiance.dylib
0x0000000004aa9000 	/System/Library/Frameworks/CoreVideo.framework/Versions/A/CoreVideo
0x0000000004aa9000 	/System/Library/Frameworks/OpenGL.framework/Versions/A/Libraries/libGLU.dylib
0x0000000004aa9000 	/System/Library/Frameworks/OpenGL.framework/Versions/A/Libraries/libGFXShared.dylib
0x0000000004aa9000 	/System/Library/Frameworks/OpenGL.framework/Versions/A/Libraries/libGL.dylib
0x0000000004aa9000 	/System/Library/Frameworks/OpenGL.framework/Versions/A/Libraries/libGLImage.dylib
0x0000000004aa9000 	/System/Library/Frameworks/OpenGL.framework/Versions/A/Libraries/libCVMSPluginSupport.dylib
0x0000000004aa9000 	/System/Library/Frameworks/OpenGL.framework/Versions/A/Libraries/libCoreVMClient.dylib
0x0000000004aa9000 	/usr/lib/libcups.2.dylib
0x0000000004aa9000 	/System/Library/Frameworks/Kerberos.framework/Versions/A/Kerberos
0x0000000004aa9000 	/System/Library/Frameworks/GSS.framework/Versions/A/GSS
0x0000000004aa9000 	/usr/lib/libresolv.9.dylib
0x0000000004aa9000 	/System/Library/PrivateFrameworks/Heimdal.framework/Versions/A/Heimdal
0x0000000004aa9000 	/usr/lib/libheimdal-asn1.dylib
0x0000000004aa9000 	/System/Library/Frameworks/OpenDirectory.framework/Versions/A/OpenDirectory
0x0000000004aa9000 	/System/Library/PrivateFrameworks/CommonAuth.framework/Versions/A/CommonAuth
0x0000000004aa9000 	/System/Library/Frameworks/SecurityFoundation.framework/Versions/A/SecurityFoundation
0x0000000004aa9000 	/System/Library/Frameworks/QuartzCore.framework/Versions/A/Frameworks/CoreImage.framework/Versions/A/CoreImage
0x0000000004aa9000 	/System/Library/PrivateFrameworks/CrashReporterSupport.framework/Versions/A/CrashReporterSupport
0x0000000004aa9000 	/System/Library/Frameworks/OpenCL.framework/Versions/A/OpenCL
0x0000000004aa9000 	/System/Library/PrivateFrameworks/FaceCore.framework/Versions/A/FaceCore
0x0000000004aa9000 	/System/Library/PrivateFrameworks/Ubiquity.framework/Versions/A/Ubiquity
0x0000000004aa9000 	/System/Library/PrivateFrameworks/IconServices.framework/Versions/A/IconServices
0x0000000004aa9000 	/System/Library/PrivateFrameworks/ChunkingLibrary.framework/Versions/A/ChunkingLibrary
0x0000000004aa9000 	/System/Library/PrivateFrameworks/Apple80211.framework/Versions/A/Apple80211
0x0000000004aa9000 	/System/Library/Frameworks/CoreWLAN.framework/Versions/A/CoreWLAN
0x0000000004aa9000 	/System/Library/Frameworks/IOBluetooth.framework/Versions/A/IOBluetooth
0x0000000004aa9000 	/System/Library/PrivateFrameworks/CoreWiFi.framework/Versions/A/CoreWiFi
0x0000000004aa9000 	/System/Library/Frameworks/CoreBluetooth.framework/Versions/A/CoreBluetooth
0x0000000004aa9000 	/System/Library/PrivateFrameworks/DebugSymbols.framework/Versions/A/DebugSymbols
0x0000000004aa9000 	/System/Library/PrivateFrameworks/CoreSymbolication.framework/Versions/A/CoreSymbolication
0x0000000004aa9000 	/System/Library/PrivateFrameworks/Symbolication.framework/Versions/A/Symbolication
0x0000000004aa9000 	/System/Library/PrivateFrameworks/SpeechRecognitionCore.framework/Versions/A/SpeechRecognitionCore
0x0000000110400000 	/Library/Java/JavaVirtualMachines/jdk1.8.0_25.jdk/Contents/Home/jre/lib/server/libjvm.dylib
0x0000000004aa9000 	/usr/lib/libstdc++.6.dylib
0x000000010fb55000 	/Library/Java/JavaVirtualMachines/jdk1.8.0_25.jdk/Contents/Home/jre/lib/libverify.dylib
0x000000010fb63000 	/Library/Java/JavaVirtualMachines/jdk1.8.0_25.jdk/Contents/Home/jre/lib/libjava.dylib
0x000000010fba1000 	/Library/Java/JavaVirtualMachines/jdk1.8.0_25.jdk/Contents/Home/jre/lib/libzip.dylib
0x00000001353c0000 	/System/Library/Frameworks/JavaVM.framework/Frameworks/JavaRuntimeSupport.framework/JavaRuntimeSupport
0x00000001353d8000 	/System/Library/Frameworks/JavaVM.framework/Versions/A/Frameworks/JavaNativeFoundation.framework/Versions/A/JavaNativeFoundation
0x000000010fbf3000 	/System/Library/Frameworks/JavaVM.framework/Versions/A/JavaVM
0x0000000004aa9000 	/System/Library/Frameworks/Carbon.framework/Versions/A/Carbon
0x00000001353ed000 	/System/Library/PrivateFrameworks/JavaLaunching.framework/Versions/A/JavaLaunching
0x0000000004aa9000 	/System/Library/Frameworks/Carbon.framework/Versions/A/Frameworks/CommonPanels.framework/Versions/A/CommonPanels
0x0000000004aa9000 	/System/Library/Frameworks/Carbon.framework/Versions/A/Frameworks/Help.framework/Versions/A/Help
0x0000000004aa9000 	/System/Library/Frameworks/Carbon.framework/Versions/A/Frameworks/ImageCapture.framework/Versions/A/ImageCapture
0x0000000004aa9000 	/System/Library/Frameworks/Carbon.framework/Versions/A/Frameworks/OpenScripting.framework/Versions/A/OpenScripting
0x0000000004aa9000 	/System/Library/Frameworks/Carbon.framework/Versions/A/Frameworks/Print.framework/Versions/A/Print
0x0000000004aa9000 	/System/Library/Frameworks/Carbon.framework/Versions/A/Frameworks/SecurityHI.framework/Versions/A/SecurityHI
0x0000000137266000 	/Library/Java/JavaVirtualMachines/jdk1.8.0_25.jdk/Contents/Home/jre/lib/libawt.dylib
0x0000000137315000 	/Library/Java/JavaVirtualMachines/jdk1.8.0_25.jdk/Contents/Home/jre/lib/./libmlib_image.dylib
0x00000001373e1000 	/Library/Java/JavaVirtualMachines/jdk1.8.0_25.jdk/Contents/Home/jre/lib/libawt_lwawt.dylib
0x0000000137494000 	/Library/Java/JavaVirtualMachines/jdk1.8.0_25.jdk/Contents/Home/jre/lib/./libosxapp.dylib
0x0000000004aa9000 	/System/Library/Frameworks/ExceptionHandling.framework/Versions/A/ExceptionHandling
0x0000000004aa9000 	/System/Library/PrivateFrameworks/CoreServicesInternal.framework/Versions/A/CoreServicesInternal
0x0000000004aa9000 	/System/Library/PrivateFrameworks/CloudDocs.framework/Versions/A/CloudDocs
0x0000000004aa9000 	/System/Library/PrivateFrameworks/CoreDuet.framework/Versions/A/CoreDuet
0x0000000004aa9000 	/System/Library/Frameworks/CloudKit.framework/Versions/A/CloudKit
0x0000000004aa9000 	/System/Library/PrivateFrameworks/ProtocolBuffer.framework/Versions/A/ProtocolBuffer
0x0000000004aa9000 	/System/Library/PrivateFrameworks/CoreDuetDaemonProtocol.framework/Versions/A/CoreDuetDaemonProtocol
0x0000000004aa9000 	/System/Library/PrivateFrameworks/CoreDuetDebugLogging.framework/Versions/A/CoreDuetDebugLogging
0x0000000004aa9000 	/System/Library/Frameworks/CoreLocation.framework/Versions/A/CoreLocation
0x0000000004aa9000 	/System/Library/Frameworks/Accounts.framework/Versions/A/Accounts
0x0000000004aa9000 	/System/Library/PrivateFrameworks/ApplePushService.framework/Versions/A/ApplePushService
0x0000000004aa9000 	/System/Library/PrivateFrameworks/GeoServices.framework/Versions/A/GeoServices
0x0000000004aa9000 	/System/Library/PrivateFrameworks/OAuth.framework/Versions/A/OAuth
0x0000000004aa9000 	/System/Library/PrivateFrameworks/CoreDaemon.framework/Versions/B/CoreDaemon
0x0000000004aa9000 	/usr/lib/libcrypto.0.9.8.dylib
0x0000000004aa9000 	/System/Library/PrivateFrameworks/AppleSRP.framework/Versions/A/AppleSRP
0x0000000004aa9000 	/System/Library/PrivateFrameworks/TrustEvaluationAgent.framework/Versions/A/TrustEvaluationAgent
0x0000000004aa9000 	/System/Library/Frameworks/CoreGraphics.framework/Versions/A/Resources/libCGCMS.A.dylib
0x0000000004aa9000 	/System/Library/Frameworks/CoreGraphics.framework/Versions/A/Resources/libRIP.A.dylib
0x0000000004aa9000 	/System/Library/Frameworks/CoreGraphics.framework/Versions/A/Resources/libCGXType.A.dylib
0x0000000004aa9000 	/System/Library/Frameworks/OpenCL.framework/Versions/A/Libraries/libcldcpuengine.dylib
0x0000000004aa9000 	/System/Library/PrivateFrameworks/DiskImages.framework/Versions/A/DiskImages
0x0000000004aa9000 	/System/Library/Frameworks/DiscRecording.framework/Versions/A/DiscRecording
0x0000000004aa9000 	/usr/lib/libcsfde.dylib
0x0000000004aa9000 	/usr/lib/libcurl.4.dylib
0x0000000004aa9000 	/System/Library/PrivateFrameworks/MediaKit.framework/Versions/A/MediaKit
0x0000000004aa9000 	/System/Library/PrivateFrameworks/ProtectedCloudStorage.framework/Versions/A/ProtectedCloudStorage
0x0000000004aa9000 	/usr/lib/libCoreStorage.dylib
0x0000000004aa9000 	/System/Library/PrivateFrameworks/EFILogin.framework/Versions/A/EFILogin
0x0000000004aa9000 	/usr/lib/libutil.dylib
0x0000000004aa9000 	/System/Library/PrivateFrameworks/FindMyDevice.framework/Versions/A/FindMyDevice
0x0000000004aa9000 	/System/Library/Frameworks/LDAP.framework/Versions/A/LDAP
0x0000000004aa9000 	/usr/lib/libsasl2.2.dylib
0x000000013a247000 	cl_kernels
0x000000013a249000 	/System/Library/Frameworks/OpenCL.framework/Versions/A/Libraries/ImageFormats/unorm8_bgra.dylib
0x000000013a238000 	cl_kernels
0x0000000004aa9000 	/System/Library/PrivateFrameworks/FamilyControls.framework/Versions/A/FamilyControls
0x0000000004aa9000 	/System/Library/PrivateFrameworks/CommerceKit.framework/Versions/A/Frameworks/CommerceCore.framework/Versions/A/CommerceCore
0x0000000004aa9000 	/System/Library/PrivateFrameworks/SystemAdministration.framework/Versions/A/SystemAdministration
0x0000000004aa9000 	/System/Library/PrivateFrameworks/AppContainer.framework/Versions/A/AppContainer
0x0000000004aa9000 	/System/Library/PrivateFrameworks/SecCodeWrapper.framework/Versions/A/SecCodeWrapper
0x0000000004aa9000 	/System/Library/Frameworks/DirectoryService.framework/Versions/A/DirectoryService
0x0000000004aa9000 	/System/Library/PrivateFrameworks/LoginUIKit.framework/Versions/A/Frameworks/LoginUICore.framework/Versions/A/LoginUICore
0x0000000004aa9000 	/usr/lib/libodfde.dylib
0x000000013b565000 	/Library/Java/JavaVirtualMachines/jdk1.8.0_25.jdk/Contents/Home/jre/lib/libfontmanager.dylib
0x000000013b5cc000 	/Users/raymondelooff/Documents/workspace/The-World-Of-Zuul/lib/lwjgl/native/macosx/liblwjgl.jnilib
0x0000000139763000 	/Library/Java/JavaVirtualMachines/jdk1.8.0_25.jdk/Contents/Home/jre/lib/libjawt.dylib
0x0000000004aa9000 	/System/Library/Frameworks/OpenGL.framework/Versions/A/Resources/GLEngine.bundle/GLEngine
0x0000000004aa9000 	/System/Library/Frameworks/OpenGL.framework/Versions/A/Libraries/libGLProgrammability.dylib
0x0000000000000000 	/System/Library/Extensions/GeForceGLDriver.bundle/Contents/MacOS/GeForceGLDriver
0x0000000004aa9000 	/System/Library/Extensions/GeForceGLDriver.bundle/Contents/MacOS/libclh.dylib
0x0000000004aa9000 	/System/Library/PrivateFrameworks/IOAccelerator.framework/Versions/A/IOAccelerator
0x0000000004aa9000 	/System/Library/PrivateFrameworks/GPUSupport.framework/Versions/A/Libraries/libGPUSupportMercury.dylib
0x0000000004aa9000 	/System/Library/Frameworks/OpenGL.framework/Versions/A/Resources/GLRendererFloat.bundle/GLRendererFloat
0x000000013f248000 	/Library/Java/JavaVirtualMachines/jdk1.8.0_25.jdk/Contents/Home/jre/lib/libnio.dylib
0x000000013f258000 	/Library/Java/JavaVirtualMachines/jdk1.8.0_25.jdk/Contents/Home/jre/lib/./libnet.dylib

VM Arguments:
jvm_args: -Djava.library.path=/Users/raymondelooff/Documents/workspace/The-World-Of-Zuul/lib/lwjgl/native/macosx -Dfile.encoding=UTF-8 
java_command: nl.corebooster.setup.Game
java_class_path (initial): /Users/raymondelooff/Documents/workspace/The-World-Of-Zuul/bin:/Users/raymondelooff/Documents/workspace/The-World-Of-Zuul/lib/lwjgl/jar/lwjgl.jar:/Users/raymondelooff/Documents/workspace/The-World-Of-Zuul/lib/slick/lib/slick.jar
Launcher Type: SUN_STANDARD

Environment Variables:
PATH=/usr/bin:/bin:/usr/sbin:/sbin
SHELL=/bin/bash
DISPLAY=/private/tmp/com.apple.launchd.52I9jUuro6/org.macosforge.xquartz:0

Signal Handlers:
SIGSEGV: [libjvm.dylib+0x579dc7], sa_mask[0]=11111111011111110111111111111111, sa_flags=SA_ONSTACK|SA_RESTART|SA_SIGINFO
SIGBUS: [libjvm.dylib+0x579dc7], sa_mask[0]=11111111011111110111111111111111, sa_flags=SA_RESTART|SA_SIGINFO
SIGFPE: [libjvm.dylib+0x45b030], sa_mask[0]=11111111011111110111111111111111, sa_flags=SA_RESTART|SA_SIGINFO
SIGPIPE: [libjvm.dylib+0x45b030], sa_mask[0]=11111111011111110111111111111111, sa_flags=SA_RESTART|SA_SIGINFO
SIGXFSZ: [libjvm.dylib+0x45b030], sa_mask[0]=11111111011111110111111111111111, sa_flags=SA_RESTART|SA_SIGINFO
SIGILL: [libjvm.dylib+0x45b030], sa_mask[0]=11111111011111110111111111111111, sa_flags=SA_RESTART|SA_SIGINFO
SIGUSR1: SIG_DFL, sa_mask[0]=00000000000000000000000000000000, sa_flags=none
SIGUSR2: [libjvm.dylib+0x45ab4e], sa_mask[0]=00100000000000000000000000000000, sa_flags=SA_RESTART|SA_SIGINFO
SIGHUP: [libjvm.dylib+0x459121], sa_mask[0]=11111111011111110111111111111111, sa_flags=SA_RESTART|SA_SIGINFO
SIGINT: [libjvm.dylib+0x459121], sa_mask[0]=11111111011111110111111111111111, sa_flags=SA_RESTART|SA_SIGINFO
SIGTERM: [libjvm.dylib+0x459121], sa_mask[0]=11111111011111110111111111111111, sa_flags=SA_RESTART|SA_SIGINFO
SIGQUIT: [libjvm.dylib+0x459121], sa_mask[0]=11111111011111110111111111111111, sa_flags=SA_RESTART|SA_SIGINFO


---------------  S Y S T E M  ---------------

OS:Bsduname:Darwin 14.0.0 Darwin Kernel Version 14.0.0: Fri Sep 19 00:26:44 PDT 2014; root:xnu-2782.1.97~2/RELEASE_X86_64 x86_64
rlimit: STACK 8192k, CORE 0k, NPROC 709, NOFILE 10240, AS infinity
load average:2.83 2.26 2.10

CPU:total 4 (4 cores per cpu, 1 threads per core) family 6 model 58 stepping 9, cmov, cx8, fxsr, mmx, sse, sse2, sse3, ssse3, sse4.1, sse4.2, popcnt, avx, aes, clmul, erms, tsc, tscinvbit, tscinv

Memory: 4k page, physical 33554432k(1118824k free)

/proc/meminfo:


vm_info: Java HotSpot(TM) 64-Bit Server VM (25.25-b02) for bsd-amd64 JRE (1.8.0_25-b17), built on Sep 17 2014 16:56:50 by "java_re" with gcc 4.2.1 (Based on Apple Inc. build 5658) (LLVM build 2336.11.00)

time: Wed Dec 24 21:06:47 2014
elapsed time: 3 seconds (0d 0h 0m 3s)

