#
# A fatal error has been detected by the Java Runtime Environment:
#
#  SIGSEGV (0xb) at pc=0x00007fff830100dd, pid=15069, tid=1811
#
# JRE version: Java(TM) SE Runtime Environment (8.0_25-b17) (build 1.8.0_25-b17)
# Java VM: Java HotSpot(TM) 64-Bit Server VM (25.25-b02 mixed mode bsd-amd64 compressed oops)
# Problematic frame:
# C  [libobjc.A.dylib+0x10dd]  objc_msgSend+0x1d
#
# Failed to write core dump. Core dumps have been disabled. To enable core dumping, try "ulimit -c unlimited" before starting Java again
#
# If you would like to submit a bug report, please visit:
#   http://bugreport.sun.com/bugreport/crash.jsp
# The crash happened outside the Java Virtual Machine in native code.
# See problematic frame for where to report the bug.
#

---------------  T H R E A D  ---------------

Current thread (0x00007fbc3d84c800):  JavaThread "AppKit Thread" daemon [_thread_in_native, id=1811, stack(0x00007fff566b2000,0x00007fff56eb2000)]

siginfo: si_signo: 11 (SIGSEGV), si_code: 1 (SEGV_MAPERR), si_addr: 0x0000000000000018

Registers:
RAX=0x0000000000000000, RBX=0x00007fbc3bf6de20, RCX=0x0000000000000000, RDX=0x00007fbc3bd496d0
RSP=0x00007fff56eaba98, RBP=0x00007fff56eabac0, RSI=0x00007fff8dccab42, RDI=0x00007fbc3bf6de20
R8 =0x0000000000000001, R9 =0x0000000000000001, R10=0x00007fff8dccab42, R11=0x0000000000000000
R12=0x00007fbc3bd496d0, R13=0x00007fbc3bf425a0, R14=0x00007fbc3bd496d0, R15=0x00007fff56eabfb0
RIP=0x00007fff830100dd, EFLAGS=0x0000000000010246, ERR=0x0000000000000004
  TRAPNO=0x000000000000000e

Top of Stack: (sp=0x00007fff56eaba98)
0x00007fff56eaba98:   00000001349ebf4e 00007fbc3bd496d0
0x00007fff56eabaa8:   0000000134a1fcb8 00007fbc3bf425a0
0x00007fff56eabab8:   0000000000000094 00007fff56eabfa0
0x00007fff56eabac8:   00007fff8d44f775 0000000000000000
0x00007fff56eabad8:   0000000000000000 408e000000000000
0x00007fff56eabae8:   4080e00000000000 0000000000000000
0x00007fff56eabaf8:   0000000000000000 408e000000000000
0x00007fff56eabb08:   4080e00000000000 408e000000000000
0x00007fff56eabb18:   4081900000000000 401c000000000000
0x00007fff56eabb28:   4080f80000000000 402c000000000000
0x00007fff56eabb38:   4030000000000000 401c000000000000
0x00007fff56eabb48:   0000000000000000 0000000000000000
0x00007fff56eabb58:   4030000000000000 00007fff8dc8f2ce
0x00007fff56eabb68:   4008000000000000 00007fbc3bd4ada0
0x00007fff56eabb78:   0000000100000000 0000000000000000
0x00007fff56eabb88:   00007fbc3bd2cd70 00007fff56eabce0
0x00007fff56eabb98:   00007fff8d515bc6 00007fff56eabce0
0x00007fff56eabba8:   00007fff8d5166b2 402c000000000000
0x00007fff56eabbb8:   4030000000000000 401c000000000000
0x00007fff56eabbc8:   4080f80000000000 402c000000000000
0x00007fff56eabbd8:   4030000000000000 0000000000000000
0x00007fff56eabbe8:   0000000000000000 408e000000000000
0x00007fff56eabbf8:   4081900000000000 401c000000000000
0x00007fff56eabc08:   4080f80000000000 0000000108d6c400
0x00007fff56eabc18:   00007fbc3bfc5e50 00000000000000b0
0x00007fff56eabc28:   0000000000000001 0000000000000c5e
0x00007fff56eabc38:   0000000108d68000 00007fff56eabce0
0x00007fff56eabc48:   00007fff869d54ff 0000000000000c5e
0x00007fff56eabc58:   0000000108d68000 00007fff56eabd00
0x00007fff56eabc68:   0000000000000c5f 00007fff56eabd6f
0x00007fff56eabc78:   0000000000000020 00007fbc3bffc080
0x00007fff56eabc88:   00007fbc3bfc5da0 000000000000002a 

Instructions: (pc=0x00007fff830100dd)
0x00007fff830100bd:   00 00 00 48 85 ff 2e 74 7a 40 f6 c7 01 2e 75 7e
0x00007fff830100cd:   49 bb f8 ff ff ff ff 7f 00 00 4c 23 1f 49 89 f2
0x00007fff830100dd:   45 23 53 18 49 c1 e2 04 4d 03 53 10 49 3b 32 75
0x00007fff830100ed:   04 41 ff 62 08 49 83 3a 00 74 6a 4d 3b 53 10 74 

Register to memory mapping:

RAX=0x0000000000000000 is an unknown value
RBX=0x00007fbc3bf6de20 is an unknown value
RCX=0x0000000000000000 is an unknown value
RDX=0x00007fbc3bd496d0 is an unknown value
RSP=0x00007fff56eaba98 is pointing into the stack for thread: 0x00007fbc3d84c800
RBP=0x00007fff56eabac0 is pointing into the stack for thread: 0x00007fbc3d84c800
RSI=0x00007fff8dccab42: -[NSTitlebarContainerView shouldRoundCorners]+0x5c5a4 in /System/Library/Frameworks/AppKit.framework/Versions/C/AppKit at 0x00007fff8d301000
RDI=0x00007fbc3bf6de20 is an unknown value
R8 =0x0000000000000001 is an unknown value
R9 =0x0000000000000001 is an unknown value
R10=0x00007fff8dccab42: -[NSTitlebarContainerView shouldRoundCorners]+0x5c5a4 in /System/Library/Frameworks/AppKit.framework/Versions/C/AppKit at 0x00007fff8d301000
R11=0x0000000000000000 is an unknown value
R12=0x00007fbc3bd496d0 is an unknown value
R13=0x00007fbc3bf425a0 is an unknown value
R14=0x00007fbc3bd496d0 is an unknown value
R15=0x00007fff56eabfb0 is pointing into the stack for thread: 0x00007fbc3d84c800


Stack: [0x00007fff566b2000,0x00007fff56eb2000],  sp=0x00007fff56eaba98,  free space=8166k
Native frames: (J=compiled Java code, j=interpreted, Vv=VM code, C=native code)
C  [libobjc.A.dylib+0x10dd]  objc_msgSend+0x1d
C  [AppKit+0x14e775]  -[NSView _recursiveDisplayRectIfNeededIgnoringOpacity:isVisibleRect:rectIsVisibleRectForView:topView:]+0x740
C  [AppKit+0x14f7d0]  -[NSView _recursiveDisplayRectIfNeededIgnoringOpacity:isVisibleRect:rectIsVisibleRectForView:topView:]+0x179b
C  [AppKit+0x14db23]  -[NSThemeFrame _recursiveDisplayRectIfNeededIgnoringOpacity:isVisibleRect:rectIsVisibleRectForView:topView:]+0x14d
C  [AppKit+0x14a67b]  -[NSView _displayRectIgnoringOpacity:isVisibleRect:rectIsVisibleRectForView:]+0xac9
C  [AppKit+0x12907a]  -[NSView displayIfNeeded]+0x754
C  [AppKit+0x146575]  -[NSWindow displayIfNeeded]+0xe8
C  [AppKit+0x183772]  _handleWindowNeedsDisplayOrLayoutOrUpdateConstraints+0x3a8
C  [Foundation+0x67023]  __NSFireTimer+0x5f
C  [CoreFoundation+0xb5b44]  __CFRUNLOOP_IS_CALLING_OUT_TO_A_TIMER_CALLBACK_FUNCTION__+0x14
C  [CoreFoundation+0xb57d3]  __CFRunLoopDoTimer+0x423
C  [CoreFoundation+0x128d9d]  __CFRunLoopDoTimers+0x12d
C  [CoreFoundation+0x72268]  __CFRunLoopRun+0x7e8
C  [CoreFoundation+0x71838]  CFRunLoopRunSpecific+0x128
C  [HIToolbox+0x2e43f]  RunCurrentEventLoopInMode+0xeb
C  [HIToolbox+0x2e1ba]  ReceiveNextEventCommon+0x1af
C  [HIToolbox+0x2dffb]  _BlockUntilNextEventMatchingListInModeWithFilter+0x47
C  [AppKit+0x246d1]  _DPSNextEvent+0x3c4
C  [AppKit+0x23e80]  -[NSApplication nextEventMatchingMask:untilDate:inMode:dequeue:]+0xc2
C  [libosxapp.dylib+0x242a]  -[NSApplicationAWT nextEventMatchingMask:untilDate:inMode:dequeue:]+0x7c
C  [AppKit+0x17e23]  -[NSApplication run]+0x252
C  [libosxapp.dylib+0x223e]  +[NSApplicationAWT runAWTLoopWithApp:]+0x9c
C  [libawt_lwawt.dylib+0x4494f]  -[AWTStarter starter:]+0x389
C  [Foundation+0x65f4c]  __NSThreadPerformPerform+0x125
C  [CoreFoundation+0x80661]  __CFRUNLOOP_IS_CALLING_OUT_TO_A_SOURCE0_PERFORM_FUNCTION__+0x11
C  [CoreFoundation+0x727ed]  __CFRunLoopDoSources0+0x10d
C  [CoreFoundation+0x71e1f]  __CFRunLoopRun+0x39f
C  [CoreFoundation+0x71838]  CFRunLoopRunSpecific+0x128
C  [java+0x56cc]  CreateExecutionEnvironment+0x367
C  [java+0x165c]  JLI_Launch+0x7a0
C  [java+0x768a]  main+0x65
C  [java+0xeb4]  start+0x34
C  0x0000000000000006


---------------  P R O C E S S  ---------------

Java Threads: ( => current thread )
  0x00007fbc3d081000 JavaThread "AWT-Shutdown" [_thread_blocked, id=36891, stack(0x00000001365fd000,0x00000001366fd000)]
  0x00007fbc3c0e0000 JavaThread "Java2D Queue Flusher" daemon [_thread_blocked, id=49159, stack(0x0000000134bde000,0x0000000134cde000)]
  0x00007fbc3c0be800 JavaThread "Java2D Disposer" daemon [_thread_blocked, id=41503, stack(0x0000000134adb000,0x0000000134bdb000)]
=>0x00007fbc3d84c800 JavaThread "AppKit Thread" daemon [_thread_in_native, id=1811, stack(0x00007fff566b2000,0x00007fff56eb2000)]
  0x00007fbc3c01e800 JavaThread "Service Thread" daemon [_thread_blocked, id=18179, stack(0x0000000130419000,0x0000000130519000)]
  0x00007fbc3c01b800 JavaThread "C1 CompilerThread2" daemon [_thread_blocked, id=17667, stack(0x0000000130316000,0x0000000130416000)]
  0x00007fbc3d809800 JavaThread "C2 CompilerThread1" daemon [_thread_blocked, id=17155, stack(0x0000000130213000,0x0000000130313000)]
  0x00007fbc3d808000 JavaThread "C2 CompilerThread0" daemon [_thread_blocked, id=16643, stack(0x0000000130110000,0x0000000130210000)]
  0x00007fbc3d802000 JavaThread "Signal Dispatcher" daemon [_thread_blocked, id=12563, stack(0x000000013000d000,0x000000013010d000)]
  0x00007fbc3d001000 JavaThread "Finalizer" daemon [_thread_blocked, id=11011, stack(0x000000012e6d8000,0x000000012e7d8000)]
  0x00007fbc3d000000 JavaThread "Reference Handler" daemon [_thread_blocked, id=10499, stack(0x000000012e5d5000,0x000000012e6d5000)]
  0x00007fbc3c801800 JavaThread "main" [_thread_in_native, id=3331, stack(0x0000000109d69000,0x0000000109e69000)]

Other Threads:
  0x00007fbc3c042800 VMThread [stack: 0x000000012e4d2000,0x000000012e5d2000] [id=9987]
  0x00007fbc3d803000 WatcherThread [stack: 0x000000013051c000,0x000000013061c000] [id=18691]

VM state:not at safepoint (normal execution)

VM Mutex/Monitor currently owned by a thread: None

Heap:
 PSYoungGen      total 153088K, used 142598K [0x0000000715580000, 0x0000000720000000, 0x00000007c0000000)
  eden space 131584K, 99% used [0x0000000715580000,0x000000071d5906a0,0x000000071d600000)
  from space 21504K, 53% used [0x000000071d600000,0x000000071e131548,0x000000071eb00000)
  to   space 21504K, 0% used [0x000000071eb00000,0x000000071eb00000,0x0000000720000000)
 ParOldGen       total 349696K, used 8K [0x00000005c0000000, 0x00000005d5580000, 0x0000000715580000)
  object space 349696K, 0% used [0x00000005c0000000,0x00000005c0002000,0x00000005d5580000)
 Metaspace       used 9505K, capacity 9639K, committed 9728K, reserved 1058816K
  class space    used 983K, capacity 1018K, committed 1024K, reserved 1048576K

Card table byte_map: [0x0000000119280000,0x000000011a281000] byte_map_base: 0x0000000116480000

Marking Bits: (ParMarkBitMap*) 0x00000001096e9390
 Begin Bits: [0x000000011ba06000, 0x0000000123a06000)
 End Bits:   [0x0000000123a06000, 0x000000012ba06000)

Polling page: 0x0000000109ead000

CodeCache: size=245760Kb used=4654Kb max_used=4670Kb free=241105Kb
 bounds [0x0000000109ec0000, 0x000000010a360000, 0x0000000118ec0000]
 total_blobs=1610 nmethods=1090 adapters=435
 compilation: enabled

Compilation events (10 events):
Event: 38.540 Thread 0x00007fbc3c01b800 1087       1       java.nio.HeapByteBuffer::_get (7 bytes)
Event: 38.540 Thread 0x00007fbc3c01b800 nmethod 1087 0x000000010a323fd0 code [0x000000010a324120, 0x000000010a324250]
Event: 38.544 Thread 0x00007fbc3c01b800 1088       3       java.nio.Buffer::nextPutIndex (38 bytes)
Event: 38.544 Thread 0x00007fbc3c01b800 nmethod 1088 0x000000010a323b50 code [0x000000010a323cc0, 0x000000010a323ee8]
Event: 38.573 Thread 0x00007fbc3c01b800 1089       3       java.nio.Buffer::nextGetIndex (38 bytes)
Event: 38.574 Thread 0x00007fbc3c01b800 nmethod 1089 0x000000010a32e710 code [0x000000010a32e880, 0x000000010a32eaa8]
Event: 39.135 Thread 0x00007fbc3c01b800 1090       3       sun.awt.AWTAutoShutdown::getInstance (4 bytes)
Event: 39.135 Thread 0x00007fbc3c01b800 nmethod 1090 0x000000010a32e410 code [0x000000010a32e560, 0x000000010a32e690]
Event: 39.257 Thread 0x00007fbc3d808000 1091   !   4       java.net.URL::<init> (543 bytes)
Event: 39.282 Thread 0x00007fbc3d808000 nmethod 1091 0x000000010a339290 code [0x000000010a3394c0, 0x000000010a33a730]

GC Heap History (2 events):
Event: 2.410 GC heap before
{Heap before GC invocations=1 (full 0):
 PSYoungGen      total 153088K, used 126770K [0x0000000715580000, 0x0000000720000000, 0x00000007c0000000)
  eden space 131584K, 96% used [0x0000000715580000,0x000000071d14c908,0x000000071d600000)
  from space 21504K, 0% used [0x000000071eb00000,0x000000071eb00000,0x0000000720000000)
  to   space 21504K, 0% used [0x000000071d600000,0x000000071d600000,0x000000071eb00000)
 ParOldGen       total 349696K, used 0K [0x00000005c0000000, 0x00000005d5580000, 0x0000000715580000)
  object space 349696K, 0% used [0x00000005c0000000,0x00000005c0000000,0x00000005d5580000)
 Metaspace       used 9236K, capacity 9319K, committed 9472K, reserved 1058816K
  class space    used 980K, capacity 1018K, committed 1024K, reserved 1048576K
Event: 2.418 GC heap after
Heap after GC invocations=1 (full 0):
 PSYoungGen      total 153088K, used 11461K [0x0000000715580000, 0x0000000720000000, 0x00000007c0000000)
  eden space 131584K, 0% used [0x0000000715580000,0x0000000715580000,0x000000071d600000)
  from space 21504K, 53% used [0x000000071d600000,0x000000071e131548,0x000000071eb00000)
  to   space 21504K, 0% used [0x000000071eb00000,0x000000071eb00000,0x0000000720000000)
 ParOldGen       total 349696K, used 8K [0x00000005c0000000, 0x00000005d5580000, 0x0000000715580000)
  object space 349696K, 0% used [0x00000005c0000000,0x00000005c0002000,0x00000005d5580000)
 Metaspace       used 9236K, capacity 9319K, committed 9472K, reserved 1058816K
  class space    used 980K, capacity 1018K, committed 1024K, reserved 1048576K
}

Deoptimization events (4 events):
Event: 1.868 Thread 0x00007fbc3c801800 Uncommon trap: reason=unreached action=reinterpret pc=0x000000010a191d60 method=com.jcraft.jorbis.Mapping0.inverse(Lcom/jcraft/jorbis/Block;Ljava/lang/Object;)I @ 207
Event: 1.875 Thread 0x00007fbc3c801800 Uncommon trap: reason=unloaded action=reinterpret pc=0x000000010a186b04 method=org.newdawn.slick.openal.OggDecoder.getData(Ljava/io/InputStream;)Lorg/newdawn/slick/openal/OggData; @ 52
Event: 1.934 Thread 0x00007fbc3c801800 Uncommon trap: reason=unreached action=reinterpret pc=0x000000010a183c48 method=com.jcraft.jorbis.Block.synthesis(Lcom/jcraft/jogg/Packet;)I @ 211
Event: 1.934 Thread 0x00007fbc3c801800 Uncommon trap: reason=null_check action=make_not_entrant pc=0x000000010a1b4628 method=com.jcraft.jorbis.Floor1.inverse1(Lcom/jcraft/jorbis/Block;Ljava/lang/Object;Ljava/lang/Object;)Ljava/lang/Object; @ 38

Internal exceptions (10 events):
Event: 1.957 Thread 0x00007fbc3c801800 Exception <a 'java/security/PrivilegedActionException'> (0x0000000716fc3c18) thrown at [/HUDSON3/workspace/8-2-build-macosx-x86_64/jdk8u25/1514/hotspot/src/share/vm/prims/jvm.cpp, line 1312]
Event: 1.965 Thread 0x00007fbc3c801800 Exception <a 'java/security/PrivilegedActionException'> (0x0000000716fd2480) thrown at [/HUDSON3/workspace/8-2-build-macosx-x86_64/jdk8u25/1514/hotspot/src/share/vm/prims/jvm.cpp, line 1312]
Event: 1.969 Thread 0x00007fbc3c801800 Exception <a 'java/security/PrivilegedActionException'> (0x0000000716fe7c98) thrown at [/HUDSON3/workspace/8-2-build-macosx-x86_64/jdk8u25/1514/hotspot/src/share/vm/prims/jvm.cpp, line 1312]
Event: 1.969 Thread 0x00007fbc3c801800 Exception <a 'java/security/PrivilegedActionException'> (0x0000000716feb638) thrown at [/HUDSON3/workspace/8-2-build-macosx-x86_64/jdk8u25/1514/hotspot/src/share/vm/prims/jvm.cpp, line 1312]
Event: 3.652 Thread 0x00007fbc3c801800 Exception <a 'java/security/PrivilegedActionException'> (0x0000000716b13460) thrown at [/HUDSON3/workspace/8-2-build-macosx-x86_64/jdk8u25/1514/hotspot/src/share/vm/prims/jvm.cpp, line 1312]
Event: 3.652 Thread 0x00007fbc3c801800 Exception <a 'java/security/PrivilegedActionException'> (0x0000000716b17b40) thrown at [/HUDSON3/workspace/8-2-build-macosx-x86_64/jdk8u25/1514/hotspot/src/share/vm/prims/jvm.cpp, line 1312]
Event: 3.653 Thread 0x00007fbc3c801800 Exception <a 'java/security/PrivilegedActionException'> (0x0000000716b1c848) thrown at [/HUDSON3/workspace/8-2-build-macosx-x86_64/jdk8u25/1514/hotspot/src/share/vm/prims/jvm.cpp, line 1312]
Event: 4.461 Thread 0x00007fbc3c801800 Exception <a 'java/security/PrivilegedActionException'> (0x0000000716b26500) thrown at [/HUDSON3/workspace/8-2-build-macosx-x86_64/jdk8u25/1514/hotspot/src/share/vm/prims/jvm.cpp, line 1312]
Event: 4.462 Thread 0x00007fbc3c801800 Exception <a 'java/security/PrivilegedActionException'> (0x0000000716b2e568) thrown at [/HUDSON3/workspace/8-2-build-macosx-x86_64/jdk8u25/1514/hotspot/src/share/vm/prims/jvm.cpp, line 1312]
Event: 39.450 Thread 0x00007fbc3c801800 Exception <a 'java/security/PrivilegedActionException'> (0x000000071d366b28) thrown at [/HUDSON3/workspace/8-2-build-macosx-x86_64/jdk8u25/1514/hotspot/src/share/vm/prims/jvm.cpp, line 1312]

Events (10 events):
Event: 21.458 Executing VM operation: RevokeBias
Event: 21.458 Executing VM operation: RevokeBias done
Event: 21.458 Thread 0x00007fbc3c301000 Thread exited: 0x00007fbc3c301000
Event: 30.197 Thread 0x00007fbc3d081000 Thread added: 0x00007fbc3d081000
Event: 31.455 Executing VM operation: RevokeBias
Event: 31.455 Executing VM operation: RevokeBias done
Event: 31.455 Thread 0x00007fbc3d081000 Thread exited: 0x00007fbc3d081000
Event: 37.289 Thread 0x00007fbc3d081000 Thread added: 0x00007fbc3d081000
Event: 39.450 loading class org/lwjgl/opengl/CallbackUtil
Event: 39.450 loading class org/lwjgl/opengl/CallbackUtil done


Dynamic libraries:
0x000000000111f000 	/System/Library/Frameworks/Cocoa.framework/Versions/A/Cocoa
0x000000000111f000 	/System/Library/Frameworks/Security.framework/Versions/A/Security
0x000000000111f000 	/System/Library/Frameworks/ApplicationServices.framework/Versions/A/ApplicationServices
0x000000000111f000 	/usr/lib/libz.1.dylib
0x000000000111f000 	/usr/lib/libSystem.B.dylib
0x000000000111f000 	/usr/lib/libobjc.A.dylib
0x000000000111f000 	/System/Library/Frameworks/CoreFoundation.framework/Versions/A/CoreFoundation
0x000000000111f000 	/System/Library/Frameworks/Foundation.framework/Versions/C/Foundation
0x000000000111f000 	/System/Library/Frameworks/AppKit.framework/Versions/C/AppKit
0x000000000111f000 	/System/Library/Frameworks/CoreData.framework/Versions/A/CoreData
0x000000000111f000 	/System/Library/PrivateFrameworks/RemoteViewServices.framework/Versions/A/RemoteViewServices
0x000000000111f000 	/System/Library/PrivateFrameworks/UIFoundation.framework/Versions/A/UIFoundation
0x000000000111f000 	/System/Library/Frameworks/IOSurface.framework/Versions/A/IOSurface
0x000000000111f000 	/System/Library/Frameworks/AudioToolbox.framework/Versions/A/AudioToolbox
0x000000000111f000 	/System/Library/Frameworks/AudioUnit.framework/Versions/A/AudioUnit
0x000000000111f000 	/System/Library/PrivateFrameworks/DataDetectorsCore.framework/Versions/A/DataDetectorsCore
0x000000000111f000 	/System/Library/PrivateFrameworks/DesktopServicesPriv.framework/Versions/A/DesktopServicesPriv
0x000000000111f000 	/System/Library/Frameworks/Carbon.framework/Versions/A/Frameworks/HIToolbox.framework/Versions/A/HIToolbox
0x000000000111f000 	/System/Library/Frameworks/QuartzCore.framework/Versions/A/QuartzCore
0x000000000111f000 	/System/Library/Frameworks/Carbon.framework/Versions/A/Frameworks/SpeechRecognition.framework/Versions/A/SpeechRecognition
0x000000000111f000 	/usr/lib/libauto.dylib
0x000000000111f000 	/usr/lib/libicucore.A.dylib
0x000000000111f000 	/usr/lib/libxml2.2.dylib
0x000000000111f000 	/System/Library/PrivateFrameworks/CoreUI.framework/Versions/A/CoreUI
0x000000000111f000 	/System/Library/Frameworks/CoreAudio.framework/Versions/A/CoreAudio
0x000000000111f000 	/System/Library/Frameworks/DiskArbitration.framework/Versions/A/DiskArbitration
0x000000000111f000 	/usr/lib/liblangid.dylib
0x000000000111f000 	/System/Library/PrivateFrameworks/MultitouchSupport.framework/Versions/A/MultitouchSupport
0x000000000111f000 	/System/Library/Frameworks/IOKit.framework/Versions/A/IOKit
0x000000000111f000 	/usr/lib/libDiagnosticMessagesClient.dylib
0x000000000111f000 	/System/Library/Frameworks/CoreServices.framework/Versions/A/CoreServices
0x000000000111f000 	/System/Library/PrivateFrameworks/PerformanceAnalysis.framework/Versions/A/PerformanceAnalysis
0x000000000111f000 	/System/Library/PrivateFrameworks/GenerationalStorage.framework/Versions/A/GenerationalStorage
0x000000000111f000 	/System/Library/Frameworks/OpenGL.framework/Versions/A/OpenGL
0x000000000111f000 	/System/Library/PrivateFrameworks/Sharing.framework/Versions/A/Sharing
0x000000000111f000 	/System/Library/Frameworks/CoreGraphics.framework/Versions/A/CoreGraphics
0x000000000111f000 	/System/Library/Frameworks/CoreText.framework/Versions/A/CoreText
0x000000000111f000 	/System/Library/Frameworks/ImageIO.framework/Versions/A/ImageIO
0x000000000111f000 	/usr/lib/libextension.dylib
0x000000000111f000 	/System/Library/PrivateFrameworks/Backup.framework/Versions/A/Backup
0x000000000111f000 	/usr/lib/libarchive.2.dylib
0x000000000111f000 	/System/Library/Frameworks/CFNetwork.framework/Versions/A/CFNetwork
0x000000000111f000 	/System/Library/Frameworks/SystemConfiguration.framework/Versions/A/SystemConfiguration
0x000000000111f000 	/usr/lib/libCRFSuite.dylib
0x000000000111f000 	/usr/lib/libc++.1.dylib
0x000000000111f000 	/usr/lib/libc++abi.dylib
0x000000000111f000 	/usr/lib/system/libcache.dylib
0x000000000111f000 	/usr/lib/system/libcommonCrypto.dylib
0x000000000111f000 	/usr/lib/system/libcompiler_rt.dylib
0x000000000111f000 	/usr/lib/system/libcopyfile.dylib
0x000000000111f000 	/usr/lib/system/libcorecrypto.dylib
0x000000000111f000 	/usr/lib/system/libdispatch.dylib
0x000000000111f000 	/usr/lib/system/libdyld.dylib
0x000000000111f000 	/usr/lib/system/libkeymgr.dylib
0x000000000111f000 	/usr/lib/system/liblaunch.dylib
0x000000000111f000 	/usr/lib/system/libmacho.dylib
0x000000000111f000 	/usr/lib/system/libquarantine.dylib
0x000000000111f000 	/usr/lib/system/libremovefile.dylib
0x000000000111f000 	/usr/lib/system/libsystem_asl.dylib
0x000000000111f000 	/usr/lib/system/libsystem_blocks.dylib
0x000000000111f000 	/usr/lib/system/libsystem_c.dylib
0x000000000111f000 	/usr/lib/system/libsystem_configuration.dylib
0x000000000111f000 	/usr/lib/system/libsystem_coreservices.dylib
0x000000000111f000 	/usr/lib/system/libsystem_coretls.dylib
0x000000000111f000 	/usr/lib/system/libsystem_dnssd.dylib
0x000000000111f000 	/usr/lib/system/libsystem_info.dylib
0x000000000111f000 	/usr/lib/system/libsystem_kernel.dylib
0x000000000111f000 	/usr/lib/system/libsystem_m.dylib
0x000000000111f000 	/usr/lib/system/libsystem_malloc.dylib
0x000000000111f000 	/usr/lib/system/libsystem_network.dylib
0x000000000111f000 	/usr/lib/system/libsystem_networkextension.dylib
0x000000000111f000 	/usr/lib/system/libsystem_notify.dylib
0x000000000111f000 	/usr/lib/system/libsystem_platform.dylib
0x000000000111f000 	/usr/lib/system/libsystem_pthread.dylib
0x000000000111f000 	/usr/lib/system/libsystem_sandbox.dylib
0x000000000111f000 	/usr/lib/system/libsystem_secinit.dylib
0x000000000111f000 	/usr/lib/system/libsystem_stats.dylib
0x000000000111f000 	/usr/lib/system/libsystem_trace.dylib
0x000000000111f000 	/usr/lib/system/libunc.dylib
0x000000000111f000 	/usr/lib/system/libunwind.dylib
0x000000000111f000 	/usr/lib/system/libxpc.dylib
0x000000000111f000 	/usr/lib/libbz2.1.0.dylib
0x000000000111f000 	/usr/lib/liblzma.5.dylib
0x000000000111f000 	/usr/lib/libbsm.0.dylib
0x000000000111f000 	/usr/lib/libsqlite3.dylib
0x000000000111f000 	/usr/lib/system/libkxld.dylib
0x000000000111f000 	/usr/lib/libxar.1.dylib
0x000000000111f000 	/usr/lib/libpam.2.dylib
0x000000000111f000 	/usr/lib/libOpenScriptingUtil.dylib
0x000000000111f000 	/System/Library/Frameworks/CoreServices.framework/Versions/A/Frameworks/FSEvents.framework/Versions/A/FSEvents
0x000000000111f000 	/System/Library/Frameworks/CoreServices.framework/Versions/A/Frameworks/CarbonCore.framework/Versions/A/CarbonCore
0x000000000111f000 	/System/Library/Frameworks/CoreServices.framework/Versions/A/Frameworks/Metadata.framework/Versions/A/Metadata
0x000000000111f000 	/System/Library/Frameworks/CoreServices.framework/Versions/A/Frameworks/OSServices.framework/Versions/A/OSServices
0x000000000111f000 	/System/Library/Frameworks/CoreServices.framework/Versions/A/Frameworks/SearchKit.framework/Versions/A/SearchKit
0x000000000111f000 	/System/Library/Frameworks/CoreServices.framework/Versions/A/Frameworks/AE.framework/Versions/A/AE
0x000000000111f000 	/System/Library/Frameworks/CoreServices.framework/Versions/A/Frameworks/LaunchServices.framework/Versions/A/LaunchServices
0x000000000111f000 	/System/Library/Frameworks/CoreServices.framework/Versions/A/Frameworks/DictionaryServices.framework/Versions/A/DictionaryServices
0x000000000111f000 	/System/Library/Frameworks/NetFS.framework/Versions/A/NetFS
0x000000000111f000 	/System/Library/PrivateFrameworks/NetAuth.framework/Versions/A/NetAuth
0x000000000111f000 	/System/Library/PrivateFrameworks/login.framework/Versions/A/Frameworks/loginsupport.framework/Versions/A/loginsupport
0x000000000111f000 	/System/Library/PrivateFrameworks/TCC.framework/Versions/A/TCC
0x000000000111f000 	/usr/lib/libmecabra.dylib
0x000000000111f000 	/System/Library/PrivateFrameworks/LanguageModeling.framework/Versions/A/LanguageModeling
0x000000000111f000 	/usr/lib/libcmph.dylib
0x000000000111f000 	/usr/lib/libiconv.2.dylib
0x000000000111f000 	/System/Library/Frameworks/OpenDirectory.framework/Versions/A/Frameworks/CFOpenDirectory.framework/Versions/A/CFOpenDirectory
0x000000000111f000 	/System/Library/Frameworks/ServiceManagement.framework/Versions/A/ServiceManagement
0x000000000111f000 	/usr/lib/libxslt.1.dylib
0x000000000111f000 	/System/Library/Frameworks/Carbon.framework/Versions/A/Frameworks/Ink.framework/Versions/A/Ink
0x000000000111f000 	/System/Library/Frameworks/ApplicationServices.framework/Versions/A/Frameworks/ATS.framework/Versions/A/ATS
0x000000000111f000 	/System/Library/Frameworks/ApplicationServices.framework/Versions/A/Frameworks/ColorSync.framework/Versions/A/ColorSync
0x000000000111f000 	/System/Library/Frameworks/ApplicationServices.framework/Versions/A/Frameworks/HIServices.framework/Versions/A/HIServices
0x000000000111f000 	/System/Library/Frameworks/ApplicationServices.framework/Versions/A/Frameworks/LangAnalysis.framework/Versions/A/LangAnalysis
0x000000000111f000 	/System/Library/Frameworks/ApplicationServices.framework/Versions/A/Frameworks/PrintCore.framework/Versions/A/PrintCore
0x000000000111f000 	/System/Library/Frameworks/ApplicationServices.framework/Versions/A/Frameworks/QD.framework/Versions/A/QD
0x000000000111f000 	/System/Library/Frameworks/ApplicationServices.framework/Versions/A/Frameworks/SpeechSynthesis.framework/Versions/A/SpeechSynthesis
0x000000000111f000 	/System/Library/Frameworks/Accelerate.framework/Versions/A/Accelerate
0x000000000111f000 	/System/Library/Frameworks/Accelerate.framework/Versions/A/Frameworks/vImage.framework/Versions/A/vImage
0x000000000111f000 	/System/Library/Frameworks/Accelerate.framework/Versions/A/Frameworks/vecLib.framework/Versions/A/vecLib
0x000000000111f000 	/System/Library/Frameworks/Accelerate.framework/Versions/A/Frameworks/vecLib.framework/Versions/A/libvDSP.dylib
0x000000000111f000 	/System/Library/Frameworks/Accelerate.framework/Versions/A/Frameworks/vecLib.framework/Versions/A/libvMisc.dylib
0x000000000111f000 	/System/Library/Frameworks/Accelerate.framework/Versions/A/Frameworks/vecLib.framework/Versions/A/libLAPACK.dylib
0x000000000111f000 	/System/Library/Frameworks/Accelerate.framework/Versions/A/Frameworks/vecLib.framework/Versions/A/libBLAS.dylib
0x000000000111f000 	/System/Library/Frameworks/Accelerate.framework/Versions/A/Frameworks/vecLib.framework/Versions/A/libLinearAlgebra.dylib
0x000000000111f000 	/System/Library/Frameworks/ApplicationServices.framework/Versions/A/Frameworks/ATS.framework/Versions/A/Resources/libFontParser.dylib
0x000000000111f000 	/System/Library/Frameworks/ApplicationServices.framework/Versions/A/Frameworks/ATS.framework/Versions/A/Resources/libFontRegistry.dylib
0x000000000111f000 	/System/Library/PrivateFrameworks/AppleVPA.framework/Versions/A/AppleVPA
0x000000000111f000 	/System/Library/PrivateFrameworks/AppleJPEG.framework/Versions/A/AppleJPEG
0x000000000111f000 	/System/Library/Frameworks/ImageIO.framework/Versions/A/Resources/libJPEG.dylib
0x000000000111f000 	/System/Library/Frameworks/ImageIO.framework/Versions/A/Resources/libTIFF.dylib
0x000000000111f000 	/System/Library/Frameworks/ImageIO.framework/Versions/A/Resources/libPng.dylib
0x000000000111f000 	/System/Library/Frameworks/ImageIO.framework/Versions/A/Resources/libGIF.dylib
0x000000000111f000 	/System/Library/Frameworks/ImageIO.framework/Versions/A/Resources/libJP2.dylib
0x000000000111f000 	/System/Library/Frameworks/ImageIO.framework/Versions/A/Resources/libRadiance.dylib
0x000000000111f000 	/System/Library/Frameworks/CoreVideo.framework/Versions/A/CoreVideo
0x000000000111f000 	/System/Library/Frameworks/OpenGL.framework/Versions/A/Libraries/libGLU.dylib
0x000000000111f000 	/System/Library/Frameworks/OpenGL.framework/Versions/A/Libraries/libGFXShared.dylib
0x000000000111f000 	/System/Library/Frameworks/OpenGL.framework/Versions/A/Libraries/libGL.dylib
0x000000000111f000 	/System/Library/Frameworks/OpenGL.framework/Versions/A/Libraries/libGLImage.dylib
0x000000000111f000 	/System/Library/Frameworks/OpenGL.framework/Versions/A/Libraries/libCVMSPluginSupport.dylib
0x000000000111f000 	/System/Library/Frameworks/OpenGL.framework/Versions/A/Libraries/libCoreVMClient.dylib
0x000000000111f000 	/usr/lib/libcups.2.dylib
0x000000000111f000 	/System/Library/Frameworks/Kerberos.framework/Versions/A/Kerberos
0x000000000111f000 	/System/Library/Frameworks/GSS.framework/Versions/A/GSS
0x000000000111f000 	/usr/lib/libresolv.9.dylib
0x000000000111f000 	/System/Library/PrivateFrameworks/Heimdal.framework/Versions/A/Heimdal
0x000000000111f000 	/usr/lib/libheimdal-asn1.dylib
0x000000000111f000 	/System/Library/Frameworks/OpenDirectory.framework/Versions/A/OpenDirectory
0x000000000111f000 	/System/Library/PrivateFrameworks/CommonAuth.framework/Versions/A/CommonAuth
0x000000000111f000 	/System/Library/Frameworks/SecurityFoundation.framework/Versions/A/SecurityFoundation
0x000000000111f000 	/System/Library/Frameworks/QuartzCore.framework/Versions/A/Frameworks/CoreImage.framework/Versions/A/CoreImage
0x000000000111f000 	/System/Library/PrivateFrameworks/CrashReporterSupport.framework/Versions/A/CrashReporterSupport
0x000000000111f000 	/System/Library/Frameworks/OpenCL.framework/Versions/A/OpenCL
0x000000000111f000 	/System/Library/PrivateFrameworks/FaceCore.framework/Versions/A/FaceCore
0x000000000111f000 	/System/Library/PrivateFrameworks/Ubiquity.framework/Versions/A/Ubiquity
0x000000000111f000 	/System/Library/PrivateFrameworks/IconServices.framework/Versions/A/IconServices
0x000000000111f000 	/System/Library/PrivateFrameworks/ChunkingLibrary.framework/Versions/A/ChunkingLibrary
0x000000000111f000 	/System/Library/PrivateFrameworks/Apple80211.framework/Versions/A/Apple80211
0x000000000111f000 	/System/Library/Frameworks/CoreWLAN.framework/Versions/A/CoreWLAN
0x000000000111f000 	/System/Library/Frameworks/IOBluetooth.framework/Versions/A/IOBluetooth
0x000000000111f000 	/System/Library/PrivateFrameworks/CoreWiFi.framework/Versions/A/CoreWiFi
0x000000000111f000 	/System/Library/Frameworks/CoreBluetooth.framework/Versions/A/CoreBluetooth
0x000000000111f000 	/System/Library/PrivateFrameworks/DebugSymbols.framework/Versions/A/DebugSymbols
0x000000000111f000 	/System/Library/PrivateFrameworks/CoreSymbolication.framework/Versions/A/CoreSymbolication
0x000000000111f000 	/System/Library/PrivateFrameworks/Symbolication.framework/Versions/A/Symbolication
0x000000000111f000 	/System/Library/PrivateFrameworks/SpeechRecognitionCore.framework/Versions/A/SpeechRecognitionCore
0x0000000108e4c000 	/Library/Java/JavaVirtualMachines/jdk1.8.0_25.jdk/Contents/Home/jre/lib/server/libjvm.dylib
0x000000000111f000 	/usr/lib/libstdc++.6.dylib
0x0000000109e6b000 	/Library/Java/JavaVirtualMachines/jdk1.8.0_25.jdk/Contents/Home/jre/lib/libverify.dylib
0x0000000109e79000 	/Library/Java/JavaVirtualMachines/jdk1.8.0_25.jdk/Contents/Home/jre/lib/libjava.dylib
0x0000000109eb7000 	/Library/Java/JavaVirtualMachines/jdk1.8.0_25.jdk/Contents/Home/jre/lib/libzip.dylib
0x000000012e7da000 	/System/Library/Frameworks/JavaVM.framework/Frameworks/JavaRuntimeSupport.framework/JavaRuntimeSupport
0x000000011afea000 	/System/Library/Frameworks/JavaVM.framework/Versions/A/Frameworks/JavaNativeFoundation.framework/Versions/A/JavaNativeFoundation
0x000000012e7f2000 	/System/Library/Frameworks/JavaVM.framework/Versions/A/JavaVM
0x000000000111f000 	/System/Library/Frameworks/Carbon.framework/Versions/A/Carbon
0x000000012e7ff000 	/System/Library/PrivateFrameworks/JavaLaunching.framework/Versions/A/JavaLaunching
0x000000000111f000 	/System/Library/Frameworks/Carbon.framework/Versions/A/Frameworks/CommonPanels.framework/Versions/A/CommonPanels
0x000000000111f000 	/System/Library/Frameworks/Carbon.framework/Versions/A/Frameworks/Help.framework/Versions/A/Help
0x000000000111f000 	/System/Library/Frameworks/Carbon.framework/Versions/A/Frameworks/ImageCapture.framework/Versions/A/ImageCapture
0x000000000111f000 	/System/Library/Frameworks/Carbon.framework/Versions/A/Frameworks/OpenScripting.framework/Versions/A/OpenScripting
0x000000000111f000 	/System/Library/Frameworks/Carbon.framework/Versions/A/Frameworks/Print.framework/Versions/A/Print
0x000000000111f000 	/System/Library/Frameworks/Carbon.framework/Versions/A/Frameworks/SecurityHI.framework/Versions/A/SecurityHI
0x000000013067a000 	/Library/Java/JavaVirtualMachines/jdk1.8.0_25.jdk/Contents/Home/jre/lib/libawt.dylib
0x0000000130729000 	/Library/Java/JavaVirtualMachines/jdk1.8.0_25.jdk/Contents/Home/jre/lib/./libmlib_image.dylib
0x00000001307f5000 	/Library/Java/JavaVirtualMachines/jdk1.8.0_25.jdk/Contents/Home/jre/lib/libawt_lwawt.dylib
0x00000001308a8000 	/Library/Java/JavaVirtualMachines/jdk1.8.0_25.jdk/Contents/Home/jre/lib/./libosxapp.dylib
0x000000000111f000 	/System/Library/Frameworks/ExceptionHandling.framework/Versions/A/ExceptionHandling
0x000000000111f000 	/System/Library/PrivateFrameworks/CoreServicesInternal.framework/Versions/A/CoreServicesInternal
0x000000000111f000 	/System/Library/PrivateFrameworks/CloudDocs.framework/Versions/A/CloudDocs
0x000000000111f000 	/System/Library/PrivateFrameworks/CoreDuet.framework/Versions/A/CoreDuet
0x000000000111f000 	/System/Library/Frameworks/CloudKit.framework/Versions/A/CloudKit
0x000000000111f000 	/System/Library/PrivateFrameworks/ProtocolBuffer.framework/Versions/A/ProtocolBuffer
0x000000000111f000 	/System/Library/PrivateFrameworks/CoreDuetDaemonProtocol.framework/Versions/A/CoreDuetDaemonProtocol
0x000000000111f000 	/System/Library/PrivateFrameworks/CoreDuetDebugLogging.framework/Versions/A/CoreDuetDebugLogging
0x000000000111f000 	/System/Library/Frameworks/CoreLocation.framework/Versions/A/CoreLocation
0x000000000111f000 	/System/Library/Frameworks/Accounts.framework/Versions/A/Accounts
0x000000000111f000 	/System/Library/PrivateFrameworks/ApplePushService.framework/Versions/A/ApplePushService
0x000000000111f000 	/System/Library/PrivateFrameworks/GeoServices.framework/Versions/A/GeoServices
0x000000000111f000 	/System/Library/PrivateFrameworks/OAuth.framework/Versions/A/OAuth
0x000000000111f000 	/System/Library/PrivateFrameworks/CoreDaemon.framework/Versions/B/CoreDaemon
0x000000000111f000 	/usr/lib/libcrypto.0.9.8.dylib
0x000000000111f000 	/System/Library/PrivateFrameworks/AppleSRP.framework/Versions/A/AppleSRP
0x000000000111f000 	/System/Library/PrivateFrameworks/TrustEvaluationAgent.framework/Versions/A/TrustEvaluationAgent
0x000000000111f000 	/System/Library/Frameworks/CoreGraphics.framework/Versions/A/Resources/libCGCMS.A.dylib
0x000000000111f000 	/System/Library/Frameworks/CoreGraphics.framework/Versions/A/Resources/libRIP.A.dylib
0x000000000111f000 	/System/Library/Frameworks/CoreGraphics.framework/Versions/A/Resources/libCGXType.A.dylib
0x000000000111f000 	/System/Library/Frameworks/OpenCL.framework/Versions/A/Libraries/libcldcpuengine.dylib
0x000000000111f000 	/System/Library/PrivateFrameworks/DiskImages.framework/Versions/A/DiskImages
0x000000000111f000 	/System/Library/Frameworks/DiscRecording.framework/Versions/A/DiscRecording
0x000000000111f000 	/usr/lib/libcsfde.dylib
0x000000000111f000 	/usr/lib/libcurl.4.dylib
0x000000000111f000 	/System/Library/PrivateFrameworks/MediaKit.framework/Versions/A/MediaKit
0x000000000111f000 	/System/Library/PrivateFrameworks/ProtectedCloudStorage.framework/Versions/A/ProtectedCloudStorage
0x000000000111f000 	/usr/lib/libCoreStorage.dylib
0x000000000111f000 	/System/Library/PrivateFrameworks/EFILogin.framework/Versions/A/EFILogin
0x000000000111f000 	/usr/lib/libutil.dylib
0x000000000111f000 	/System/Library/PrivateFrameworks/FindMyDevice.framework/Versions/A/FindMyDevice
0x000000000111f000 	/System/Library/Frameworks/LDAP.framework/Versions/A/LDAP
0x000000000111f000 	/usr/lib/libsasl2.2.dylib
0x0000000133763000 	cl_kernels
0x0000000133765000 	/System/Library/Frameworks/OpenCL.framework/Versions/A/Libraries/ImageFormats/unorm8_bgra.dylib
0x0000000133754000 	cl_kernels
0x000000000111f000 	/System/Library/PrivateFrameworks/FamilyControls.framework/Versions/A/FamilyControls
0x000000000111f000 	/System/Library/PrivateFrameworks/CommerceKit.framework/Versions/A/Frameworks/CommerceCore.framework/Versions/A/CommerceCore
0x000000000111f000 	/System/Library/PrivateFrameworks/SystemAdministration.framework/Versions/A/SystemAdministration
0x000000000111f000 	/System/Library/PrivateFrameworks/AppContainer.framework/Versions/A/AppContainer
0x000000000111f000 	/System/Library/PrivateFrameworks/SecCodeWrapper.framework/Versions/A/SecCodeWrapper
0x000000000111f000 	/System/Library/Frameworks/DirectoryService.framework/Versions/A/DirectoryService
0x000000000111f000 	/System/Library/PrivateFrameworks/LoginUIKit.framework/Versions/A/Frameworks/LoginUICore.framework/Versions/A/LoginUICore
0x000000000111f000 	/usr/lib/libodfde.dylib
0x000000013497b000 	/Library/Java/JavaVirtualMachines/jdk1.8.0_25.jdk/Contents/Home/jre/lib/libfontmanager.dylib
0x00000001349e2000 	/Users/raymondelooff/Documents/workspace/The-World-Of-Zuul/lib/lwjgl/native/macosx/liblwjgl.jnilib
0x0000000132c80000 	/Library/Java/JavaVirtualMachines/jdk1.8.0_25.jdk/Contents/Home/jre/lib/libjawt.dylib
0x0000000134a6b000 	/Library/Java/JavaVirtualMachines/jdk1.8.0_25.jdk/Contents/Home/jre/lib/libnio.dylib
0x0000000134a7b000 	/Library/Java/JavaVirtualMachines/jdk1.8.0_25.jdk/Contents/Home/jre/lib/./libnet.dylib
0x000000000111f000 	/System/Library/Frameworks/OpenGL.framework/Versions/A/Resources/GLEngine.bundle/GLEngine
0x000000000111f000 	/System/Library/Frameworks/OpenGL.framework/Versions/A/Libraries/libGLProgrammability.dylib
0x0000000000000000 	/System/Library/Extensions/GeForceGLDriver.bundle/Contents/MacOS/GeForceGLDriver
0x000000000111f000 	/System/Library/Extensions/GeForceGLDriver.bundle/Contents/MacOS/libclh.dylib
0x000000000111f000 	/System/Library/PrivateFrameworks/IOAccelerator.framework/Versions/A/IOAccelerator
0x000000000111f000 	/System/Library/PrivateFrameworks/GPUSupport.framework/Versions/A/Libraries/libGPUSupportMercury.dylib
0x000000000111f000 	/System/Library/Frameworks/OpenGL.framework/Versions/A/Resources/GLRendererFloat.bundle/GLRendererFloat
0x000000013995a000 	/Users/raymondelooff/Documents/workspace/The-World-Of-Zuul/lib/lwjgl/native/macosx/openal.dylib
0x00000001399dd000 	/System/Library/Components/CoreAudio.component/Contents/MacOS/CoreAudio
0x0000000139cb2000 	/System/Library/Extensions/AppleHDA.kext/Contents/PlugIns/AppleHDAHALPlugIn.bundle/Contents/MacOS/AppleHDAHALPlugIn

VM Arguments:
jvm_args: -Djava.library.path=/Users/raymondelooff/Documents/workspace/The-World-Of-Zuul/lib/lwjgl/native/macosx -Dfile.encoding=UTF-8 
java_command: nl.corebooster.setup.Game
java_class_path (initial): /Users/raymondelooff/Documents/workspace/The-World-Of-Zuul/bin:/Users/raymondelooff/Documents/workspace/The-World-Of-Zuul/lib/lwjgl/jar/lwjgl.jar:/Users/raymondelooff/Documents/workspace/The-World-Of-Zuul/lib/slick/lib/slick.jar:/Users/raymondelooff/Documents/workspace/The-World-Of-Zuul/lib/slick/lib/jogg-0.0.7.jar:/Users/raymondelooff/Documents/workspace/The-World-Of-Zuul/lib/slick/lib/jorbis-0.0.15.jar
Launcher Type: SUN_STANDARD

Environment Variables:
PATH=/usr/bin:/bin:/usr/sbin:/sbin
SHELL=/bin/bash
DISPLAY=/private/tmp/com.apple.launchd.gLgrCC3oPG/org.macosforge.xquartz:0

Signal Handlers:
SIGSEGV: [libjvm.dylib+0x579dc7], sa_mask[0]=11111111011111110111111111111111, sa_flags=SA_ONSTACK|SA_RESTART|SA_SIGINFO
SIGBUS: [libjvm.dylib+0x579dc7], sa_mask[0]=11111111011111110111111111111111, sa_flags=SA_RESTART|SA_SIGINFO
SIGFPE: [libjvm.dylib+0x45b030], sa_mask[0]=11111111011111110111111111111111, sa_flags=SA_RESTART|SA_SIGINFO
SIGPIPE: [libjvm.dylib+0x45b030], sa_mask[0]=11111111011111110111111111111111, sa_flags=SA_RESTART|SA_SIGINFO
SIGXFSZ: [libjvm.dylib+0x45b030], sa_mask[0]=11111111011111110111111111111111, sa_flags=SA_RESTART|SA_SIGINFO
SIGILL: [libjvm.dylib+0x45b030], sa_mask[0]=11111111011111110111111111111111, sa_flags=SA_RESTART|SA_SIGINFO
SIGUSR1: SIG_DFL, sa_mask[0]=00000000000000000000000000000000, sa_flags=none
SIGUSR2: [libjvm.dylib+0x45ab4e], sa_mask[0]=00100000000000000000000000000000, sa_flags=SA_RESTART|SA_SIGINFO
SIGHUP: [libjvm.dylib+0x459121], sa_mask[0]=11111111011111110111111111111111, sa_flags=SA_RESTART|SA_SIGINFO
SIGINT: [libjvm.dylib+0x459121], sa_mask[0]=11111111011111110111111111111111, sa_flags=SA_RESTART|SA_SIGINFO
SIGTERM: [libjvm.dylib+0x459121], sa_mask[0]=11111111011111110111111111111111, sa_flags=SA_RESTART|SA_SIGINFO
SIGQUIT: [libjvm.dylib+0x459121], sa_mask[0]=11111111011111110111111111111111, sa_flags=SA_RESTART|SA_SIGINFO


---------------  S Y S T E M  ---------------

OS:Bsduname:Darwin 14.0.0 Darwin Kernel Version 14.0.0: Fri Sep 19 00:26:44 PDT 2014; root:xnu-2782.1.97~2/RELEASE_X86_64 x86_64
rlimit: STACK 8192k, CORE 0k, NPROC 709, NOFILE 10240, AS infinity
load average:1.33 1.15 1.16

CPU:total 4 (4 cores per cpu, 1 threads per core) family 6 model 58 stepping 9, cmov, cx8, fxsr, mmx, sse, sse2, sse3, ssse3, sse4.1, sse4.2, popcnt, avx, aes, clmul, erms, tsc, tscinvbit, tscinv

Memory: 4k page, physical 33554432k(697312k free)

/proc/meminfo:


vm_info: Java HotSpot(TM) 64-Bit Server VM (25.25-b02) for bsd-amd64 JRE (1.8.0_25-b17), built on Sep 17 2014 16:56:50 by "java_re" with gcc 4.2.1 (Based on Apple Inc. build 5658) (LLVM build 2336.11.00)

time: Sun Jan 11 11:13:42 2015
elapsed time: 39 seconds (0d 0h 0m 39s)

